{
  "stats": {
    "suites": 1,
    "tests": 5,
    "passes": 4,
    "pending": 0,
    "failures": 1,
    "start": "2022-01-31T16:29:45.028Z",
    "end": "2022-01-31T16:32:08.757Z",
    "duration": 143729,
    "testsRegistered": 5,
    "passPercent": 80,
    "pendingPercent": 0,
    "other": 0,
    "hasOther": false,
    "skipped": 0,
    "hasSkipped": false
  },
  "results": [
    {
      "uuid": "4dc619b7-fd9a-4a27-bce7-8049205c5f2b",
      "title": "",
      "fullFile": "cypress/integration/TCA06_TarotPageNavigation.spec.js",
      "file": "cypress/integration/TCA06_TarotPageNavigation.spec.js",
      "beforeHooks": [],
      "afterHooks": [],
      "tests": [],
      "suites": [
        {
          "uuid": "8b5fcaaf-75ab-44d9-81f7-95ae4fa56326",
          "title": "Confirm Tarot Page Navigation",
          "fullFile": "",
          "file": "",
          "beforeHooks": [],
          "afterHooks": [],
          "tests": [
            {
              "title": "Confirm Comp Main Widgets",
              "fullTitle": "Confirm Tarot Page Navigation Confirm Comp Main Widgets",
              "timedOut": null,
              "duration": 113781,
              "state": "failed",
              "speed": null,
              "pass": false,
              "fail": true,
              "pending": false,
              "context": "{\n  \"title\": \"cypress-mochawesome-reporter-screenshots\",\n  \"value\": [\n    [\n      {\n        \"title\": \"Failed screenshot\",\n        \"value\": \"/TCA06_TarotPageNavigation.spec.js/Confirm Tarot Page Navigation -- Confirm Comp Main Widgets (failed).png\"\n      }\n    ]\n  ]\n}",
              "code": "tarotPage.verifyMainCardContainer();",
              "err": {
                "message": "CypressError: Timed out retrying after 80050ms: `cy.click()` could not be issued because this element is currently animating:\n\n`<img src=\"/images-US/icons/icon-tarot-love-potential.svg\" alt=\"love potential tarot\">`\n\nYou can fix this problem by:\n  - Passing `{force: true}` which disables all error checking\n  - Passing `{waitForAnimations: false}` which disables waiting on animations\n  - Passing `{animationDistanceThreshold: 20}` which decreases the sensitivity\n\nhttps://on.cypress.io/element-is-animating",
                "estack": "CypressError: Timed out retrying after 80050ms: `cy.click()` could not be issued because this element is currently animating:\n\n`<img src=\"/images-US/icons/icon-tarot-love-potential.svg\" alt=\"love potential tarot\">`\n\nYou can fix this problem by:\n  - Passing `{force: true}` which disables all error checking\n  - Passing `{waitForAnimations: false}` which disables waiting on animations\n  - Passing `{animationDistanceThreshold: 20}` which decreases the sensitivity\n\nhttps://on.cypress.io/element-is-animating\n    at $Cy.ensureElementIsNotAnimating (https://www.astrology.com/__cypress/runner/cypress_runner.js:162582:76)\n    at ensureNotAnimating (https://www.astrology.com/__cypress/runner/cypress_runner.js:149789:6)\n    at runAllChecks (https://www.astrology.com/__cypress/runner/cypress_runner.js:149913:9)\n    at retryActionability (https://www.astrology.com/__cypress/runner/cypress_runner.js:149945:16)\n    at tryCatcher (https://www.astrology.com/__cypress/runner/cypress_runner.js:13196:23)\n    at Function.Promise.attempt.Promise.try (https://www.astrology.com/__cypress/runner/cypress_runner.js:10470:29)\n    at whenStable (https://www.astrology.com/__cypress/runner/cypress_runner.js:167470:63)\n    at https://www.astrology.com/__cypress/runner/cypress_runner.js:166968:14\n    at tryCatcher (https://www.astrology.com/__cypress/runner/cypress_runner.js:13196:23)\n    at Promise._settlePromiseFromHandler (https://www.astrology.com/__cypress/runner/cypress_runner.js:11131:31)\n    at Promise._settlePromise (https://www.astrology.com/__cypress/runner/cypress_runner.js:11188:18)\n    at Promise._settlePromise0 (https://www.astrology.com/__cypress/runner/cypress_runner.js:11233:10)\n    at Promise._settlePromises (https://www.astrology.com/__cypress/runner/cypress_runner.js:11313:18)\n    at Promise._fulfill (https://www.astrology.com/__cypress/runner/cypress_runner.js:11257:18)\n    at https://www.astrology.com/__cypress/runner/cypress_runner.js:12871:46\nFrom Your Spec Code:\n    at TarotPage.verifyMainCardContainer (https://www.astrology.com/__cypress/tests?p=cypress/integration/TCA06_TarotPageNavigation.spec.js:212:59)\n    at Context.eval (https://www.astrology.com/__cypress/tests?p=cypress/integration/TCA06_TarotPageNavigation.spec.js:132:15)",
                "diff": null
              },
              "uuid": "81f6f3e8-2497-4f3e-bf2d-28be87de1bfe",
              "parentUUID": "8b5fcaaf-75ab-44d9-81f7-95ae4fa56326",
              "isHook": false,
              "skipped": false
            },
            {
              "title": "Confirm Tarot for Begginers Section",
              "fullTitle": "Confirm Tarot Page Navigation Confirm Tarot for Begginers Section",
              "timedOut": null,
              "duration": 18091,
              "state": "passed",
              "speed": "slow",
              "pass": true,
              "fail": false,
              "pending": false,
              "context": null,
              "code": "tarotPage.verifyTarotForBegginers();",
              "err": {},
              "uuid": "926380f7-ee33-41a7-ab39-1f6acd1a3e5a",
              "parentUUID": "8b5fcaaf-75ab-44d9-81f7-95ae4fa56326",
              "isHook": false,
              "skipped": false
            },
            {
              "title": "Arcana cards section",
              "fullTitle": "Confirm Tarot Page Navigation Arcana cards section",
              "timedOut": null,
              "duration": 2540,
              "state": "passed",
              "speed": "fast",
              "pass": true,
              "fail": false,
              "pending": false,
              "context": null,
              "code": "tarotPage.verifyArcanaCards();",
              "err": {},
              "uuid": "617544c1-6f5f-4d65-8c23-9180296e6460",
              "parentUUID": "8b5fcaaf-75ab-44d9-81f7-95ae4fa56326",
              "isHook": false,
              "skipped": false
            },
            {
              "title": "Article images verification",
              "fullTitle": "Confirm Tarot Page Navigation Article images verification",
              "timedOut": null,
              "duration": 3092,
              "state": "passed",
              "speed": "fast",
              "pass": true,
              "fail": false,
              "pending": false,
              "context": null,
              "code": "tarotPage.articlesSectionVerification();",
              "err": {},
              "uuid": "1ee94d72-717d-4900-acc3-59cbc46c4f9d",
              "parentUUID": "8b5fcaaf-75ab-44d9-81f7-95ae4fa56326",
              "isHook": false,
              "skipped": false
            },
            {
              "title": "Recommended Reports Verification",
              "fullTitle": "Confirm Tarot Page Navigation Recommended Reports Verification",
              "timedOut": null,
              "duration": 4619,
              "state": "passed",
              "speed": "fast",
              "pass": true,
              "fail": false,
              "pending": false,
              "context": null,
              "code": "tarotPage.recommendedReportsVerification();",
              "err": {},
              "uuid": "0f9b429f-54ae-40d1-8ba7-0411325054c1",
              "parentUUID": "8b5fcaaf-75ab-44d9-81f7-95ae4fa56326",
              "isHook": false,
              "skipped": false
            }
          ],
          "suites": [],
          "passes": [
            "926380f7-ee33-41a7-ab39-1f6acd1a3e5a",
            "617544c1-6f5f-4d65-8c23-9180296e6460",
            "1ee94d72-717d-4900-acc3-59cbc46c4f9d",
            "0f9b429f-54ae-40d1-8ba7-0411325054c1"
          ],
          "failures": [
            "81f6f3e8-2497-4f3e-bf2d-28be87de1bfe"
          ],
          "pending": [],
          "skipped": [],
          "duration": 142123,
          "root": false,
          "rootEmpty": false,
          "_timeout": 2000
        }
      ],
      "passes": [],
      "failures": [],
      "pending": [],
      "skipped": [],
      "duration": 0,
      "root": true,
      "rootEmpty": true,
      "_timeout": 2000
    }
  ],
  "meta": {
    "mocha": {
      "version": "7.0.1"
    },
    "mochawesome": {
      "options": {
        "quiet": false,
        "reportFilename": "mochawesome",
        "saveHtml": false,
        "saveJson": true,
        "consoleReporter": "spec",
        "useInlineDiffs": false,
        "code": true
      },
      "version": "7.0.1"
    },
    "marge": {
      "options": {
        "id": "default",
        "reportDir": "cypress/reports/mocha",
        "quite": true,
        "overwrite": false,
        "html": false,
        "json": true
      },
      "version": "6.0.1"
    }
  }
}