{
  "stats": {
    "suites": 1,
    "tests": 9,
    "passes": 8,
    "pending": 0,
    "failures": 1,
    "start": "2022-01-31T16:07:08.275Z",
    "end": "2022-01-31T16:18:04.958Z",
    "duration": 656683,
    "testsRegistered": 9,
    "passPercent": 88.88888888888889,
    "pendingPercent": 0,
    "other": 0,
    "hasOther": false,
    "skipped": 0,
    "hasSkipped": false
  },
  "results": [
    {
      "uuid": "5b4b2f53-ed69-4b34-99f4-b7aebe92a04f",
      "title": "",
      "fullFile": "cypress/integration/TCA01_HomepageNavigation.spec.js",
      "file": "cypress/integration/TCA01_HomepageNavigation.spec.js",
      "beforeHooks": [],
      "afterHooks": [],
      "tests": [],
      "suites": [
        {
          "uuid": "50ba70cd-2b0d-4fc4-8c5d-3e5197d1a936",
          "title": "astroHomepageNav",
          "fullFile": "",
          "file": "",
          "beforeHooks": [],
          "afterHooks": [],
          "tests": [
            {
              "title": "Confirm all sign icons are loading correctly",
              "fullTitle": "astroHomepageNav Confirm all sign icons are loading correctly",
              "timedOut": null,
              "duration": 8671,
              "state": "passed",
              "speed": "medium",
              "pass": true,
              "fail": false,
              "pending": false,
              "context": null,
              "code": "homepage.visitHomepage();\nhomepage.signIconsConfirmation();",
              "err": {},
              "uuid": "13b10ef9-4430-4151-9ecf-0181cfa269f1",
              "parentUUID": "50ba70cd-2b0d-4fc4-8c5d-3e5197d1a936",
              "isHook": false,
              "skipped": false
            },
            {
              "title": "Confirm all images from Horoscope section are visible",
              "fullTitle": "astroHomepageNav Confirm all images from Horoscope section are visible",
              "timedOut": null,
              "duration": 5894,
              "state": "passed",
              "speed": "medium",
              "pass": true,
              "fail": false,
              "pending": false,
              "context": null,
              "code": "homepage.visitHomepage();\nhomepage.horoscopeSectionImages();",
              "err": {},
              "uuid": "b100fa96-f54f-4864-a65e-fd487ceaa6b1",
              "parentUUID": "50ba70cd-2b0d-4fc4-8c5d-3e5197d1a936",
              "isHook": false,
              "skipped": false
            },
            {
              "title": "verify Horoscope section images",
              "fullTitle": "astroHomepageNav verify Horoscope section images",
              "timedOut": null,
              "duration": 42459,
              "state": "passed",
              "speed": "slow",
              "pass": true,
              "fail": false,
              "pending": false,
              "context": null,
              "code": "homepage.visitHomepage();\nhomepage.horoscopeImagesIcons();",
              "err": {},
              "uuid": "47fbd44f-767a-49a0-a1b3-1a5537767367",
              "parentUUID": "50ba70cd-2b0d-4fc4-8c5d-3e5197d1a936",
              "isHook": false,
              "skipped": false
            },
            {
              "title": "verify Learn section images",
              "fullTitle": "astroHomepageNav verify Learn section images",
              "timedOut": null,
              "duration": 275870,
              "state": "failed",
              "speed": null,
              "pass": false,
              "fail": true,
              "pending": false,
              "context": null,
              "code": "homepage.visitHomepage();\nhomepage.learnSectionImages();",
              "err": {
                "message": "CypressError: `cy.screenshot()` timed out waiting `30000ms` to complete.",
                "estack": "CypressError: `cy.screenshot()` timed out waiting `30000ms` to complete.\n    at https://www.astrology.com/__cypress/runner/cypress_runner.js:159546:81\n    at tryCatcher (https://www.astrology.com/__cypress/runner/cypress_runner.js:13196:23)\n    at https://www.astrology.com/__cypress/runner/cypress_runner.js:8318:41\n    at tryCatcher (https://www.astrology.com/__cypress/runner/cypress_runner.js:13196:23)\n    at Promise._settlePromiseFromHandler (https://www.astrology.com/__cypress/runner/cypress_runner.js:11131:31)\n    at Promise._settlePromise (https://www.astrology.com/__cypress/runner/cypress_runner.js:11188:18)\n    at Promise._settlePromise0 (https://www.astrology.com/__cypress/runner/cypress_runner.js:11233:10)\n    at Promise._settlePromises (https://www.astrology.com/__cypress/runner/cypress_runner.js:11309:18)\n    at _drainQueueStep (https://www.astrology.com/__cypress/runner/cypress_runner.js:7903:12)\n    at _drainQueue (https://www.astrology.com/__cypress/runner/cypress_runner.js:7896:9)\n    at Async.../../node_modules/bluebird/js/release/async.js.Async._drainQueues (https://www.astrology.com/__cypress/runner/cypress_runner.js:7912:5)\n    at Async.drainQueues (https://www.astrology.com/__cypress/runner/cypress_runner.js:7782:14)",
                "diff": null
              },
              "uuid": "bd790131-f9f2-4010-8621-245feb491236",
              "parentUUID": "50ba70cd-2b0d-4fc4-8c5d-3e5197d1a936",
              "isHook": false,
              "skipped": false
            },
            {
              "title": "verify Tarot section elements",
              "fullTitle": "astroHomepageNav verify Tarot section elements",
              "timedOut": null,
              "duration": 132640,
              "state": "passed",
              "speed": "slow",
              "pass": true,
              "fail": false,
              "pending": false,
              "context": null,
              "code": "homepage.visitHomepage();\nhomepage.confirmTarotSectionElements();",
              "err": {},
              "uuid": "4dbdb5e8-5c5e-4594-98f1-8f4880eb5611",
              "parentUUID": "50ba70cd-2b0d-4fc4-8c5d-3e5197d1a936",
              "isHook": false,
              "skipped": false
            },
            {
              "title": "verify Shop section elements",
              "fullTitle": "astroHomepageNav verify Shop section elements",
              "timedOut": null,
              "duration": 100356,
              "state": "passed",
              "speed": "slow",
              "pass": true,
              "fail": false,
              "pending": false,
              "context": null,
              "code": "homepage.visitHomepage();\nhomepage.confirmShopSectionElements();",
              "err": {},
              "uuid": "24f0215f-cfd8-4005-a6bd-2c25460cf650",
              "parentUUID": "50ba70cd-2b0d-4fc4-8c5d-3e5197d1a936",
              "isHook": false,
              "skipped": false
            },
            {
              "title": "verify Compatibility section elements",
              "fullTitle": "astroHomepageNav verify Compatibility section elements",
              "timedOut": null,
              "duration": 39560,
              "state": "passed",
              "speed": "slow",
              "pass": true,
              "fail": false,
              "pending": false,
              "context": null,
              "code": "homepage.visitHomepage();\nhomepage.confirmCompatibilitySectionElements();",
              "err": {},
              "uuid": "842d413d-6fb1-4a12-816a-fd8d72662e46",
              "parentUUID": "50ba70cd-2b0d-4fc4-8c5d-3e5197d1a936",
              "isHook": false,
              "skipped": false
            },
            {
              "title": "Confirm miscellaneous elements",
              "fullTitle": "astroHomepageNav Confirm miscellaneous elements",
              "timedOut": null,
              "duration": 45868,
              "state": "passed",
              "speed": "slow",
              "pass": true,
              "fail": false,
              "pending": false,
              "context": null,
              "code": "homepage.visitHomepage();\nhomepage.confirmMiscElements();",
              "err": {},
              "uuid": "d5cb2df4-4058-47e9-b2e8-27c8b6b237ac",
              "parentUUID": "50ba70cd-2b0d-4fc4-8c5d-3e5197d1a936",
              "isHook": false,
              "skipped": false
            },
            {
              "title": "Open a.com homepage and confirm main elements",
              "fullTitle": "astroHomepageNav Open a.com homepage and confirm main elements",
              "timedOut": null,
              "duration": 3624,
              "state": "passed",
              "speed": "fast",
              "pass": true,
              "fail": false,
              "pending": false,
              "context": null,
              "code": "homepage.visitHomepage();\nhomepage.confirmMainElements();",
              "err": {},
              "uuid": "a542a2e3-531a-420b-95f1-00f102274c8a",
              "parentUUID": "50ba70cd-2b0d-4fc4-8c5d-3e5197d1a936",
              "isHook": false,
              "skipped": false
            }
          ],
          "suites": [],
          "passes": [
            "13b10ef9-4430-4151-9ecf-0181cfa269f1",
            "b100fa96-f54f-4864-a65e-fd487ceaa6b1",
            "47fbd44f-767a-49a0-a1b3-1a5537767367",
            "4dbdb5e8-5c5e-4594-98f1-8f4880eb5611",
            "24f0215f-cfd8-4005-a6bd-2c25460cf650",
            "842d413d-6fb1-4a12-816a-fd8d72662e46",
            "d5cb2df4-4058-47e9-b2e8-27c8b6b237ac",
            "a542a2e3-531a-420b-95f1-00f102274c8a"
          ],
          "failures": [
            "bd790131-f9f2-4010-8621-245feb491236"
          ],
          "pending": [],
          "skipped": [],
          "duration": 654942,
          "root": false,
          "rootEmpty": false,
          "_timeout": 2000
        }
      ],
      "passes": [],
      "failures": [],
      "pending": [],
      "skipped": [],
      "duration": 0,
      "root": true,
      "rootEmpty": true,
      "_timeout": 2000
    }
  ],
  "meta": {
    "mocha": {
      "version": "7.0.1"
    },
    "mochawesome": {
      "options": {
        "quiet": false,
        "reportFilename": "mochawesome",
        "saveHtml": false,
        "saveJson": true,
        "consoleReporter": "spec",
        "useInlineDiffs": false,
        "code": true
      },
      "version": "7.0.1"
    },
    "marge": {
      "options": {
        "id": "default",
        "reportDir": "cypress/reports/mocha",
        "quite": true,
        "overwrite": false,
        "html": false,
        "json": true
      },
      "version": "6.0.1"
    }
  }
}