{
  "stats": {
    "suites": 1,
    "tests": 1,
    "passes": 0,
    "pending": 0,
    "failures": 1,
    "start": "2021-12-15T20:06:52.375Z",
    "end": "2021-12-15T20:09:28.645Z",
    "duration": 156270,
    "testsRegistered": 9,
    "passPercent": 0,
    "pendingPercent": 0,
    "other": 0,
    "hasOther": false,
    "skipped": 8,
    "hasSkipped": true
  },
  "results": [
    {
      "uuid": "8930fdf1-9414-4957-a0dd-82ad6a7936ba",
      "title": "",
      "fullFile": "cypress/integration/TCA01_HomepageNavigation.spec.js",
      "file": "cypress/integration/TCA01_HomepageNavigation.spec.js",
      "beforeHooks": [],
      "afterHooks": [],
      "tests": [],
      "suites": [
        {
          "uuid": "6eb136c3-3148-4919-b31d-f825e05a3cd6",
          "title": "astroHomepageNav",
          "fullFile": "",
          "file": "",
          "beforeHooks": [],
          "afterHooks": [],
          "tests": [
            {
              "title": "Open a.com homepage and confirm main elements",
              "fullTitle": "astroHomepageNav Open a.com homepage and confirm main elements",
              "timedOut": null,
              "duration": 148651,
              "state": "failed",
              "speed": null,
              "pass": false,
              "fail": true,
              "pending": false,
              "context": "{\n  \"title\": \"cypress-mochawesome-reporter-screenshots\",\n  \"value\": [\n    [\n      {\n        \"title\": \"Failed screenshot\",\n        \"value\": \"/TCA01_HomepageNavigation.spec.js/astroHomepageNav -- Open a.com homepage and confirm main elements -- before each hook (failed).png\"\n      }\n    ]\n  ]\n}",
              "code": "homepage.confirmMainElements();",
              "err": {
                "message": "CypressError: Timed out after waiting `140000ms` for your remote page to load.\n\nYour page did not fire its `load` event within `140000ms`.\n\nYou can try increasing the `pageLoadTimeout` value in `cypress.json` to wait longer.\n\nBrowsers will not fire the `load` event until all stylesheets and scripts are done downloading.\n\nWhen this `load` event occurs, Cypress will continue running commands.\n\nBecause this error occurred during a `before each` hook we are skipping the remaining tests in the current suite: `astroHomepageNav`",
                "estack": "CypressError: Timed out after waiting `140000ms` for your remote page to load.\n\nYour page did not fire its `load` event within `140000ms`.\n\nYou can try increasing the `pageLoadTimeout` value in `cypress.json` to wait longer.\n\nBrowsers will not fire the `load` event until all stylesheets and scripts are done downloading.\n\nWhen this `load` event occurs, Cypress will continue running commands.\n\nBecause this error occurred during a `before each` hook we are skipping the remaining tests in the current suite: `astroHomepageNav`\n    at timedOutWaitingForPageLoad (https://www.astrology.com/__cypress/runner/cypress_runner.js:157134:72)\n    at https://www.astrology.com/__cypress/runner/cypress_runner.js:158177:16\n    at tryCatcher (https://www.astrology.com/__cypress/runner/cypress_runner.js:13196:23)\n    at https://www.astrology.com/__cypress/runner/cypress_runner.js:8318:41\n    at tryCatcher (https://www.astrology.com/__cypress/runner/cypress_runner.js:13196:23)\n    at Promise._settlePromiseFromHandler (https://www.astrology.com/__cypress/runner/cypress_runner.js:11131:31)\n    at Promise._settlePromise (https://www.astrology.com/__cypress/runner/cypress_runner.js:11188:18)\n    at Promise._settlePromise0 (https://www.astrology.com/__cypress/runner/cypress_runner.js:11233:10)\n    at Promise._settlePromises (https://www.astrology.com/__cypress/runner/cypress_runner.js:11309:18)\n    at _drainQueueStep (https://www.astrology.com/__cypress/runner/cypress_runner.js:7903:12)\n    at _drainQueue (https://www.astrology.com/__cypress/runner/cypress_runner.js:7896:9)\n    at Async.../../node_modules/bluebird/js/release/async.js.Async._drainQueues (https://www.astrology.com/__cypress/runner/cypress_runner.js:7912:5)\n    at Async.drainQueues (https://www.astrology.com/__cypress/runner/cypress_runner.js:7782:14)\nFrom Your Spec Code:\n    at Homepage.visitHomepage (https://www.astrology.com/__cypress/tests?p=cypress/integration/TCA01_HomepageNavigation.spec.js:184:8)\n    at Context.eval (https://www.astrology.com/__cypress/tests?p=cypress/integration/TCA01_HomepageNavigation.spec.js:125:14)",
                "diff": null
              },
              "uuid": "4d50ba37-7cac-47cc-9d53-f8cd2efa1756",
              "parentUUID": "6eb136c3-3148-4919-b31d-f825e05a3cd6",
              "isHook": false,
              "skipped": false
            },
            {
              "title": "Confirm all sign icons are loading correctly",
              "fullTitle": "astroHomepageNav Confirm all sign icons are loading correctly",
              "timedOut": null,
              "duration": 0,
              "state": "skipped",
              "speed": null,
              "pass": false,
              "fail": false,
              "pending": false,
              "context": null,
              "code": "homepage.signIconsConfirmation();",
              "err": {},
              "uuid": "620cd6bb-663d-4ceb-aa1c-0c3691035e62",
              "parentUUID": "6eb136c3-3148-4919-b31d-f825e05a3cd6",
              "isHook": false,
              "skipped": true
            },
            {
              "title": "Confirm all images from Horoscope section are visible",
              "fullTitle": "astroHomepageNav Confirm all images from Horoscope section are visible",
              "timedOut": null,
              "duration": 0,
              "state": "skipped",
              "speed": null,
              "pass": false,
              "fail": false,
              "pending": false,
              "context": null,
              "code": "homepage.horoscopeSectionImages();",
              "err": {},
              "uuid": "84b69869-41ee-45f2-9dc1-1cc8f47c4d04",
              "parentUUID": "6eb136c3-3148-4919-b31d-f825e05a3cd6",
              "isHook": false,
              "skipped": true
            },
            {
              "title": "verify Horoscope section images",
              "fullTitle": "astroHomepageNav verify Horoscope section images",
              "timedOut": null,
              "duration": 0,
              "state": "skipped",
              "speed": null,
              "pass": false,
              "fail": false,
              "pending": false,
              "context": null,
              "code": "homepage.horoscopeImagesIcons();",
              "err": {},
              "uuid": "5ce4be70-ba16-4c4f-8d97-9c9c3976af2b",
              "parentUUID": "6eb136c3-3148-4919-b31d-f825e05a3cd6",
              "isHook": false,
              "skipped": true
            },
            {
              "title": "verify Learn section images",
              "fullTitle": "astroHomepageNav verify Learn section images",
              "timedOut": null,
              "duration": 0,
              "state": "skipped",
              "speed": null,
              "pass": false,
              "fail": false,
              "pending": false,
              "context": null,
              "code": "homepage.learnSectionImages();",
              "err": {},
              "uuid": "0d4b01a7-021c-42fd-9e46-cfa9d6d8de1b",
              "parentUUID": "6eb136c3-3148-4919-b31d-f825e05a3cd6",
              "isHook": false,
              "skipped": true
            },
            {
              "title": "verify Tarot section elements",
              "fullTitle": "astroHomepageNav verify Tarot section elements",
              "timedOut": null,
              "duration": 0,
              "state": "skipped",
              "speed": null,
              "pass": false,
              "fail": false,
              "pending": false,
              "context": null,
              "code": "homepage.confirmTarotSectionElements();",
              "err": {},
              "uuid": "9d6b6450-67ec-4b5f-9553-68ceed46b579",
              "parentUUID": "6eb136c3-3148-4919-b31d-f825e05a3cd6",
              "isHook": false,
              "skipped": true
            },
            {
              "title": "verify Shop section elements",
              "fullTitle": "astroHomepageNav verify Shop section elements",
              "timedOut": null,
              "duration": 0,
              "state": "skipped",
              "speed": null,
              "pass": false,
              "fail": false,
              "pending": false,
              "context": null,
              "code": "homepage.confirmShopSectionElements();",
              "err": {},
              "uuid": "7ed9471e-2d7b-4120-a771-67ed761c07ce",
              "parentUUID": "6eb136c3-3148-4919-b31d-f825e05a3cd6",
              "isHook": false,
              "skipped": true
            },
            {
              "title": "verify Compatibility section elements",
              "fullTitle": "astroHomepageNav verify Compatibility section elements",
              "timedOut": null,
              "duration": 0,
              "state": "skipped",
              "speed": null,
              "pass": false,
              "fail": false,
              "pending": false,
              "context": null,
              "code": "homepage.confirmCompatibilitySectionElements();",
              "err": {},
              "uuid": "e9c7826b-0475-4e96-9c20-a797109cda89",
              "parentUUID": "6eb136c3-3148-4919-b31d-f825e05a3cd6",
              "isHook": false,
              "skipped": true
            },
            {
              "title": "Confirm miscellaneous elements",
              "fullTitle": "astroHomepageNav Confirm miscellaneous elements",
              "timedOut": null,
              "duration": 0,
              "state": "skipped",
              "speed": null,
              "pass": false,
              "fail": false,
              "pending": false,
              "context": null,
              "code": "homepage.confirmMiscElements();",
              "err": {},
              "uuid": "740e9c07-3dbb-426d-bb9a-2cc41eaa4e9d",
              "parentUUID": "6eb136c3-3148-4919-b31d-f825e05a3cd6",
              "isHook": false,
              "skipped": true
            }
          ],
          "suites": [],
          "passes": [],
          "failures": [
            "4d50ba37-7cac-47cc-9d53-f8cd2efa1756"
          ],
          "pending": [],
          "skipped": [
            "620cd6bb-663d-4ceb-aa1c-0c3691035e62",
            "84b69869-41ee-45f2-9dc1-1cc8f47c4d04",
            "5ce4be70-ba16-4c4f-8d97-9c9c3976af2b",
            "0d4b01a7-021c-42fd-9e46-cfa9d6d8de1b",
            "9d6b6450-67ec-4b5f-9553-68ceed46b579",
            "7ed9471e-2d7b-4120-a771-67ed761c07ce",
            "e9c7826b-0475-4e96-9c20-a797109cda89",
            "740e9c07-3dbb-426d-bb9a-2cc41eaa4e9d"
          ],
          "duration": 148651,
          "root": false,
          "rootEmpty": false,
          "_timeout": 2000
        }
      ],
      "passes": [],
      "failures": [],
      "pending": [],
      "skipped": [],
      "duration": 0,
      "root": true,
      "rootEmpty": true,
      "_timeout": 2000
    }
  ],
  "meta": {
    "mocha": {
      "version": "7.0.1"
    },
    "mochawesome": {
      "options": {
        "quiet": false,
        "reportFilename": "mochawesome",
        "saveHtml": false,
        "saveJson": true,
        "consoleReporter": "spec",
        "useInlineDiffs": false,
        "code": true
      },
      "version": "7.0.1"
    },
    "marge": {
      "options": {
        "id": "default",
        "reportDir": "cypress/reports/mocha",
        "quite": true,
        "overwrite": false,
        "html": false,
        "json": true
      },
      "version": "6.0.1"
    }
  }
}