{
  "stats": {
    "suites": 0,
    "tests": 9,
    "passes": 0,
    "pending": 0,
    "failures": 9,
    "start": "2021-12-15T19:30:37.305Z",
    "end": "2021-12-15T19:30:38.928Z",
    "duration": 1623,
    "testsRegistered": 9,
    "passPercent": 0,
    "pendingPercent": 0,
    "other": 0,
    "hasOther": false,
    "skipped": 0,
    "hasSkipped": false
  },
  "results": [
    {
      "uuid": "614dfd5f-7391-4a74-8ad9-595e1ee2a443",
      "title": "",
      "fullFile": "cypress/integration/TCA01_HomepageNavigation.spec.js",
      "file": "cypress/integration/TCA01_HomepageNavigation.spec.js",
      "beforeHooks": [],
      "afterHooks": [],
      "tests": [
        {
          "title": "Open a.com homepage and confirm main elements",
          "fullTitle": "Open a.com homepage and confirm main elements",
          "timedOut": null,
          "duration": 188,
          "state": "failed",
          "speed": null,
          "pass": false,
          "fail": true,
          "pending": false,
          "context": "{\n  \"title\": \"cypress-mochawesome-reporter-screenshots\",\n  \"value\": [\n    [\n      {\n        \"title\": \"Failed screenshot\",\n        \"value\": \"/TCA01_HomepageNavigation.spec.js/Open a.com homepage and confirm main elements (failed).png\"\n      }\n    ]\n  ]\n}",
          "code": "homepage.visitHomepage();\nhomepage.confirmMainElements();",
          "err": {
            "message": "ReferenceError: homepage is not defined",
            "estack": "ReferenceError: homepage is not defined\n    at Context.eval (http://localhost:50015/__cypress/tests?p=cypress/integration/TCA01_HomepageNavigation.spec.js:127:3)",
            "diff": null
          },
          "uuid": "dcb21a44-f9c5-410a-8a7b-c1b49f7c1908",
          "parentUUID": "614dfd5f-7391-4a74-8ad9-595e1ee2a443",
          "isHook": false,
          "skipped": false
        },
        {
          "title": "Confirm all sign icons are loading correctly",
          "fullTitle": "Confirm all sign icons are loading correctly",
          "timedOut": null,
          "duration": 192,
          "state": "failed",
          "speed": null,
          "pass": false,
          "fail": true,
          "pending": false,
          "context": "{\n  \"title\": \"cypress-mochawesome-reporter-screenshots\",\n  \"value\": [\n    [\n      {\n        \"title\": \"Failed screenshot\",\n        \"value\": \"/TCA01_HomepageNavigation.spec.js/Confirm all sign icons are loading correctly (failed).png\"\n      }\n    ]\n  ]\n}",
          "code": "homepage.visitHomepage();\nhomepage.signIconsConfirmation();",
          "err": {
            "message": "ReferenceError: homepage is not defined",
            "estack": "ReferenceError: homepage is not defined\n    at Context.eval (http://localhost:50015/__cypress/tests?p=cypress/integration/TCA01_HomepageNavigation.spec.js:131:3)",
            "diff": null
          },
          "uuid": "70e9f50b-44e8-4650-9064-a4cdf172efb4",
          "parentUUID": "614dfd5f-7391-4a74-8ad9-595e1ee2a443",
          "isHook": false,
          "skipped": false
        },
        {
          "title": "Confirm all images from Horoscope section are visible",
          "fullTitle": "Confirm all images from Horoscope section are visible",
          "timedOut": null,
          "duration": 141,
          "state": "failed",
          "speed": null,
          "pass": false,
          "fail": true,
          "pending": false,
          "context": "{\n  \"title\": \"cypress-mochawesome-reporter-screenshots\",\n  \"value\": [\n    [\n      {\n        \"title\": \"Failed screenshot\",\n        \"value\": \"/TCA01_HomepageNavigation.spec.js/Confirm all images from Horoscope section are visible (failed).png\"\n      }\n    ]\n  ]\n}",
          "code": "homepage.visitHomepage();\nhomepage.horoscopeSectionImages();",
          "err": {
            "message": "ReferenceError: homepage is not defined",
            "estack": "ReferenceError: homepage is not defined\n    at Context.eval (http://localhost:50015/__cypress/tests?p=cypress/integration/TCA01_HomepageNavigation.spec.js:135:3)",
            "diff": null
          },
          "uuid": "39ad3289-5fed-4071-86b1-61e069af5247",
          "parentUUID": "614dfd5f-7391-4a74-8ad9-595e1ee2a443",
          "isHook": false,
          "skipped": false
        },
        {
          "title": "verify Horoscope section images",
          "fullTitle": "verify Horoscope section images",
          "timedOut": null,
          "duration": 146,
          "state": "failed",
          "speed": null,
          "pass": false,
          "fail": true,
          "pending": false,
          "context": "{\n  \"title\": \"cypress-mochawesome-reporter-screenshots\",\n  \"value\": [\n    [\n      {\n        \"title\": \"Failed screenshot\",\n        \"value\": \"/TCA01_HomepageNavigation.spec.js/verify Horoscope section images (failed).png\"\n      }\n    ]\n  ]\n}",
          "code": "homepage.visitHomepage();\nhomepage.horoscopeImagesIcons();",
          "err": {
            "message": "ReferenceError: homepage is not defined",
            "estack": "ReferenceError: homepage is not defined\n    at Context.eval (http://localhost:50015/__cypress/tests?p=cypress/integration/TCA01_HomepageNavigation.spec.js:139:3)",
            "diff": null
          },
          "uuid": "eadcd3c5-83d6-4b43-9bc3-e269e8d918da",
          "parentUUID": "614dfd5f-7391-4a74-8ad9-595e1ee2a443",
          "isHook": false,
          "skipped": false
        },
        {
          "title": "verify Learn section images",
          "fullTitle": "verify Learn section images",
          "timedOut": null,
          "duration": 145,
          "state": "failed",
          "speed": null,
          "pass": false,
          "fail": true,
          "pending": false,
          "context": "{\n  \"title\": \"cypress-mochawesome-reporter-screenshots\",\n  \"value\": [\n    [\n      {\n        \"title\": \"Failed screenshot\",\n        \"value\": \"/TCA01_HomepageNavigation.spec.js/verify Learn section images (failed).png\"\n      }\n    ]\n  ]\n}",
          "code": "homepage.visitHomepage();\nhomepage.learnSectionImages();",
          "err": {
            "message": "ReferenceError: homepage is not defined",
            "estack": "ReferenceError: homepage is not defined\n    at Context.eval (http://localhost:50015/__cypress/tests?p=cypress/integration/TCA01_HomepageNavigation.spec.js:144:3)",
            "diff": null
          },
          "uuid": "8af4d981-f72d-499b-a105-5b3c5730953d",
          "parentUUID": "614dfd5f-7391-4a74-8ad9-595e1ee2a443",
          "isHook": false,
          "skipped": false
        },
        {
          "title": "verify Tarot section elements",
          "fullTitle": "verify Tarot section elements",
          "timedOut": null,
          "duration": 196,
          "state": "failed",
          "speed": null,
          "pass": false,
          "fail": true,
          "pending": false,
          "context": "{\n  \"title\": \"cypress-mochawesome-reporter-screenshots\",\n  \"value\": [\n    [\n      {\n        \"title\": \"Failed screenshot\",\n        \"value\": \"/TCA01_HomepageNavigation.spec.js/verify Tarot section elements (failed).png\"\n      }\n    ]\n  ]\n}",
          "code": "homepage.visitHomepage();\nhomepage.confirmTarotSectionElements();",
          "err": {
            "message": "ReferenceError: homepage is not defined",
            "estack": "ReferenceError: homepage is not defined\n    at Context.eval (http://localhost:50015/__cypress/tests?p=cypress/integration/TCA01_HomepageNavigation.spec.js:148:3)",
            "diff": null
          },
          "uuid": "1cd1c943-a847-44c7-b68a-37a340b89a53",
          "parentUUID": "614dfd5f-7391-4a74-8ad9-595e1ee2a443",
          "isHook": false,
          "skipped": false
        },
        {
          "title": "verify Shop section elements",
          "fullTitle": "verify Shop section elements",
          "timedOut": null,
          "duration": 174,
          "state": "failed",
          "speed": null,
          "pass": false,
          "fail": true,
          "pending": false,
          "context": "{\n  \"title\": \"cypress-mochawesome-reporter-screenshots\",\n  \"value\": [\n    [\n      {\n        \"title\": \"Failed screenshot\",\n        \"value\": \"/TCA01_HomepageNavigation.spec.js/verify Shop section elements (failed).png\"\n      }\n    ]\n  ]\n}",
          "code": "homepage.visitHomepage();\nhomepage.confirmShopSectionElements();",
          "err": {
            "message": "ReferenceError: homepage is not defined",
            "estack": "ReferenceError: homepage is not defined\n    at Context.eval (http://localhost:50015/__cypress/tests?p=cypress/integration/TCA01_HomepageNavigation.spec.js:152:3)",
            "diff": null
          },
          "uuid": "e233e0f5-0c2f-410e-a6fa-b8f07bdae5ae",
          "parentUUID": "614dfd5f-7391-4a74-8ad9-595e1ee2a443",
          "isHook": false,
          "skipped": false
        },
        {
          "title": "verify Compatibility section elements",
          "fullTitle": "verify Compatibility section elements",
          "timedOut": null,
          "duration": 182,
          "state": "failed",
          "speed": null,
          "pass": false,
          "fail": true,
          "pending": false,
          "context": "{\n  \"title\": \"cypress-mochawesome-reporter-screenshots\",\n  \"value\": [\n    [\n      {\n        \"title\": \"Failed screenshot\",\n        \"value\": \"/TCA01_HomepageNavigation.spec.js/verify Compatibility section elements (failed).png\"\n      }\n    ]\n  ]\n}",
          "code": "homepage.visitHomepage();\nhomepage.confirmCompatibilitySectionElements();",
          "err": {
            "message": "ReferenceError: homepage is not defined",
            "estack": "ReferenceError: homepage is not defined\n    at Context.eval (http://localhost:50015/__cypress/tests?p=cypress/integration/TCA01_HomepageNavigation.spec.js:156:3)",
            "diff": null
          },
          "uuid": "ca09233f-2c63-48bc-a6fc-5c71a99b9e2a",
          "parentUUID": "614dfd5f-7391-4a74-8ad9-595e1ee2a443",
          "isHook": false,
          "skipped": false
        },
        {
          "title": "Confirm miscellaneous elements",
          "fullTitle": "Confirm miscellaneous elements",
          "timedOut": null,
          "duration": 170,
          "state": "failed",
          "speed": null,
          "pass": false,
          "fail": true,
          "pending": false,
          "context": "{\n  \"title\": \"cypress-mochawesome-reporter-screenshots\",\n  \"value\": [\n    [\n      {\n        \"title\": \"Failed screenshot\",\n        \"value\": \"/TCA01_HomepageNavigation.spec.js/Confirm miscellaneous elements (failed).png\"\n      }\n    ]\n  ]\n}",
          "code": "homepage.visitHomepage();\nhomepage.confirmMiscElements;",
          "err": {
            "message": "ReferenceError: homepage is not defined",
            "estack": "ReferenceError: homepage is not defined\n    at Context.eval (http://localhost:50015/__cypress/tests?p=cypress/integration/TCA01_HomepageNavigation.spec.js:160:3)",
            "diff": null
          },
          "uuid": "a1f561bc-0dba-4b59-806d-66b1ab2ab3e5",
          "parentUUID": "614dfd5f-7391-4a74-8ad9-595e1ee2a443",
          "isHook": false,
          "skipped": false
        }
      ],
      "suites": [],
      "passes": [],
      "failures": [
        "dcb21a44-f9c5-410a-8a7b-c1b49f7c1908",
        "70e9f50b-44e8-4650-9064-a4cdf172efb4",
        "39ad3289-5fed-4071-86b1-61e069af5247",
        "eadcd3c5-83d6-4b43-9bc3-e269e8d918da",
        "8af4d981-f72d-499b-a105-5b3c5730953d",
        "1cd1c943-a847-44c7-b68a-37a340b89a53",
        "e233e0f5-0c2f-410e-a6fa-b8f07bdae5ae",
        "ca09233f-2c63-48bc-a6fc-5c71a99b9e2a",
        "a1f561bc-0dba-4b59-806d-66b1ab2ab3e5"
      ],
      "pending": [],
      "skipped": [],
      "duration": 1534,
      "root": true,
      "rootEmpty": false,
      "_timeout": 2000
    }
  ],
  "meta": {
    "mocha": {
      "version": "7.0.1"
    },
    "mochawesome": {
      "options": {
        "quiet": false,
        "reportFilename": "mochawesome",
        "saveHtml": false,
        "saveJson": true,
        "consoleReporter": "spec",
        "useInlineDiffs": false,
        "code": true
      },
      "version": "7.0.1"
    },
    "marge": {
      "options": {
        "id": "default",
        "reportDir": "cypress/reports/mocha",
        "quite": true,
        "overwrite": false,
        "html": false,
        "json": true
      },
      "version": "6.0.1"
    }
  }
}