{
  "stats": {
    "suites": 1,
    "tests": 1,
    "passes": 0,
    "pending": 0,
    "failures": 1,
    "start": "2021-12-15T19:19:31.637Z",
    "end": "2021-12-15T19:22:30.531Z",
    "duration": 178894,
    "testsRegistered": 9,
    "passPercent": 0,
    "pendingPercent": 0,
    "other": 0,
    "hasOther": false,
    "skipped": 8,
    "hasSkipped": true
  },
  "results": [
    {
      "uuid": "4b151cc6-1e92-4a1d-9326-fe4f32ba7056",
      "title": "",
      "fullFile": "cypress/integration/TCA01_HomepageNavigation.spec.js",
      "file": "cypress/integration/TCA01_HomepageNavigation.spec.js",
      "beforeHooks": [],
      "afterHooks": [],
      "tests": [],
      "suites": [
        {
          "uuid": "9fbe0012-4a5c-4502-b067-2f4260b7078f",
          "title": "astroHomepageNav",
          "fullFile": "",
          "file": "",
          "beforeHooks": [],
          "afterHooks": [],
          "tests": [
            {
              "title": "Open a.com homepage and confirm main elements",
              "fullTitle": "astroHomepageNav Open a.com homepage and confirm main elements",
              "timedOut": null,
              "duration": 150100,
              "state": "failed",
              "speed": null,
              "pass": false,
              "fail": true,
              "pending": false,
              "context": null,
              "code": "homepage.confirmMainElements();",
              "err": {
                "message": "CypressError: `cy.screenshot()` timed out waiting `30000ms` to complete.\n\nBecause this error occurred during a `before each` hook we are skipping the remaining tests in the current suite: `astroHomepageNav`",
                "estack": "CypressError: `cy.screenshot()` timed out waiting `30000ms` to complete.\n\nBecause this error occurred during a `before each` hook we are skipping the remaining tests in the current suite: `astroHomepageNav`\n    at https://www.astrology.com/__cypress/runner/cypress_runner.js:159546:81\n    at tryCatcher (https://www.astrology.com/__cypress/runner/cypress_runner.js:13196:23)\n    at https://www.astrology.com/__cypress/runner/cypress_runner.js:8318:41\n    at tryCatcher (https://www.astrology.com/__cypress/runner/cypress_runner.js:13196:23)\n    at Promise._settlePromiseFromHandler (https://www.astrology.com/__cypress/runner/cypress_runner.js:11131:31)\n    at Promise._settlePromise (https://www.astrology.com/__cypress/runner/cypress_runner.js:11188:18)\n    at Promise._settlePromise0 (https://www.astrology.com/__cypress/runner/cypress_runner.js:11233:10)\n    at Promise._settlePromises (https://www.astrology.com/__cypress/runner/cypress_runner.js:11309:18)\n    at _drainQueueStep (https://www.astrology.com/__cypress/runner/cypress_runner.js:7903:12)\n    at _drainQueue (https://www.astrology.com/__cypress/runner/cypress_runner.js:7896:9)\n    at Async.../../node_modules/bluebird/js/release/async.js.Async._drainQueues (https://www.astrology.com/__cypress/runner/cypress_runner.js:7912:5)\n    at Async.drainQueues (https://www.astrology.com/__cypress/runner/cypress_runner.js:7782:14)",
                "diff": null
              },
              "uuid": "b6ebb91a-0094-4604-aad7-8ad314246ddf",
              "parentUUID": "9fbe0012-4a5c-4502-b067-2f4260b7078f",
              "isHook": false,
              "skipped": false
            },
            {
              "title": "Confirm all sign icons are loading correctly",
              "fullTitle": "astroHomepageNav Confirm all sign icons are loading correctly",
              "timedOut": null,
              "duration": 0,
              "state": "skipped",
              "speed": null,
              "pass": false,
              "fail": false,
              "pending": false,
              "context": null,
              "code": "homepage.signIconsConfirmation();",
              "err": {},
              "uuid": "c2b7d5df-f0e7-466e-89c8-c034890dff88",
              "parentUUID": "9fbe0012-4a5c-4502-b067-2f4260b7078f",
              "isHook": false,
              "skipped": true
            },
            {
              "title": "Confirm all images from Horoscope section are visible",
              "fullTitle": "astroHomepageNav Confirm all images from Horoscope section are visible",
              "timedOut": null,
              "duration": 0,
              "state": "skipped",
              "speed": null,
              "pass": false,
              "fail": false,
              "pending": false,
              "context": null,
              "code": "homepage.horoscopeSectionImages();",
              "err": {},
              "uuid": "cbc69c06-1ebf-41f1-bcc1-6e43d14ea9fa",
              "parentUUID": "9fbe0012-4a5c-4502-b067-2f4260b7078f",
              "isHook": false,
              "skipped": true
            },
            {
              "title": "verify Horoscope section images",
              "fullTitle": "astroHomepageNav verify Horoscope section images",
              "timedOut": null,
              "duration": 0,
              "state": "skipped",
              "speed": null,
              "pass": false,
              "fail": false,
              "pending": false,
              "context": null,
              "code": "homepage.horoscopeImagesIcons();",
              "err": {},
              "uuid": "e660e6a6-7c61-45fc-9d3d-b5f5320bc1a7",
              "parentUUID": "9fbe0012-4a5c-4502-b067-2f4260b7078f",
              "isHook": false,
              "skipped": true
            },
            {
              "title": "verify Learn section images",
              "fullTitle": "astroHomepageNav verify Learn section images",
              "timedOut": null,
              "duration": 0,
              "state": "skipped",
              "speed": null,
              "pass": false,
              "fail": false,
              "pending": false,
              "context": null,
              "code": "homepage.learnSectionImages();",
              "err": {},
              "uuid": "37de5107-8556-42fa-bb28-b4c1b01adf68",
              "parentUUID": "9fbe0012-4a5c-4502-b067-2f4260b7078f",
              "isHook": false,
              "skipped": true
            },
            {
              "title": "verify Tarot section elements",
              "fullTitle": "astroHomepageNav verify Tarot section elements",
              "timedOut": null,
              "duration": 0,
              "state": "skipped",
              "speed": null,
              "pass": false,
              "fail": false,
              "pending": false,
              "context": null,
              "code": "homepage.confirmTarotSectionElements();",
              "err": {},
              "uuid": "167213ad-57b3-4b55-827c-028acb25ce12",
              "parentUUID": "9fbe0012-4a5c-4502-b067-2f4260b7078f",
              "isHook": false,
              "skipped": true
            },
            {
              "title": "verify Shop section elements",
              "fullTitle": "astroHomepageNav verify Shop section elements",
              "timedOut": null,
              "duration": 0,
              "state": "skipped",
              "speed": null,
              "pass": false,
              "fail": false,
              "pending": false,
              "context": null,
              "code": "homepage.confirmShopSectionElements();",
              "err": {},
              "uuid": "2c23f61b-5421-4b59-928f-efc7d209170e",
              "parentUUID": "9fbe0012-4a5c-4502-b067-2f4260b7078f",
              "isHook": false,
              "skipped": true
            },
            {
              "title": "verify Compatibility section elements",
              "fullTitle": "astroHomepageNav verify Compatibility section elements",
              "timedOut": null,
              "duration": 0,
              "state": "skipped",
              "speed": null,
              "pass": false,
              "fail": false,
              "pending": false,
              "context": null,
              "code": "homepage.confirmCompatibilitySectionElements();",
              "err": {},
              "uuid": "d9b99eb1-4329-430f-a242-7536c6b66ae3",
              "parentUUID": "9fbe0012-4a5c-4502-b067-2f4260b7078f",
              "isHook": false,
              "skipped": true
            },
            {
              "title": "Confirm miscellaneous elements",
              "fullTitle": "astroHomepageNav Confirm miscellaneous elements",
              "timedOut": null,
              "duration": 0,
              "state": "skipped",
              "speed": null,
              "pass": false,
              "fail": false,
              "pending": false,
              "context": null,
              "code": "homepage.confirmMiscElements;",
              "err": {},
              "uuid": "87a16cf2-40f4-4914-9dc1-3623c8cba40f",
              "parentUUID": "9fbe0012-4a5c-4502-b067-2f4260b7078f",
              "isHook": false,
              "skipped": true
            }
          ],
          "suites": [],
          "passes": [],
          "failures": [
            "b6ebb91a-0094-4604-aad7-8ad314246ddf"
          ],
          "pending": [],
          "skipped": [
            "c2b7d5df-f0e7-466e-89c8-c034890dff88",
            "cbc69c06-1ebf-41f1-bcc1-6e43d14ea9fa",
            "e660e6a6-7c61-45fc-9d3d-b5f5320bc1a7",
            "37de5107-8556-42fa-bb28-b4c1b01adf68",
            "167213ad-57b3-4b55-827c-028acb25ce12",
            "2c23f61b-5421-4b59-928f-efc7d209170e",
            "d9b99eb1-4329-430f-a242-7536c6b66ae3",
            "87a16cf2-40f4-4914-9dc1-3623c8cba40f"
          ],
          "duration": 150100,
          "root": false,
          "rootEmpty": false,
          "_timeout": 2000
        }
      ],
      "passes": [],
      "failures": [],
      "pending": [],
      "skipped": [],
      "duration": 0,
      "root": true,
      "rootEmpty": true,
      "_timeout": 2000
    }
  ],
  "meta": {
    "mocha": {
      "version": "7.0.1"
    },
    "mochawesome": {
      "options": {
        "quiet": false,
        "reportFilename": "mochawesome",
        "saveHtml": false,
        "saveJson": true,
        "consoleReporter": "spec",
        "useInlineDiffs": false,
        "code": true
      },
      "version": "7.0.1"
    },
    "marge": {
      "options": {
        "id": "default",
        "reportDir": "cypress/reports/mocha",
        "quite": true,
        "overwrite": false,
        "html": false,
        "json": true
      },
      "version": "6.0.1"
    }
  }
}