{
  "stats": {
    "suites": 1,
    "tests": 5,
    "passes": 5,
    "pending": 0,
    "failures": 0,
    "start": "2021-12-22T18:23:48.427Z",
    "end": "2021-12-22T18:25:16.948Z",
    "duration": 88521,
    "testsRegistered": 5,
    "passPercent": 100,
    "pendingPercent": 0,
    "other": 0,
    "hasOther": false,
    "skipped": 0,
    "hasSkipped": false
  },
  "results": [
    {
      "uuid": "e7c280bd-87f1-456e-b55e-8e0006ea1bf9",
      "title": "",
      "fullFile": "cypress/integration/TCA04_LearnPageNavigation.spec.js",
      "file": "cypress/integration/TCA04_LearnPageNavigation.spec.js",
      "beforeHooks": [],
      "afterHooks": [],
      "tests": [],
      "suites": [
        {
          "uuid": "3e564bce-238f-4000-8764-83411eefddfd",
          "title": "Confirm Learn Page loading styles",
          "fullFile": "",
          "file": "",
          "beforeHooks": [],
          "afterHooks": [],
          "tests": [
            {
              "title": "Confirm widgets content",
              "fullTitle": "Confirm Learn Page loading styles Confirm widgets content",
              "timedOut": null,
              "duration": 3463,
              "state": "passed",
              "speed": "fast",
              "pass": true,
              "fail": false,
              "pending": false,
              "context": null,
              "code": "learnhomepage.learnWidgetsVerification();",
              "err": {},
              "uuid": "c7ba2d41-1d80-418c-a636-498ac46815f5",
              "parentUUID": "3e564bce-238f-4000-8764-83411eefddfd",
              "isHook": false,
              "skipped": false
            },
            {
              "title": "Learn carousel functionality",
              "fullTitle": "Confirm Learn Page loading styles Learn carousel functionality",
              "timedOut": null,
              "duration": 61871,
              "state": "passed",
              "speed": "slow",
              "pass": true,
              "fail": false,
              "pending": false,
              "context": null,
              "code": "learnhomepage.carouselWidget();",
              "err": {},
              "uuid": "71830027-2e85-44be-9115-cca3e61e973d",
              "parentUUID": "3e564bce-238f-4000-8764-83411eefddfd",
              "isHook": false,
              "skipped": false
            },
            {
              "title": "Learn More section verification",
              "fullTitle": "Confirm Learn Page loading styles Learn More section verification",
              "timedOut": null,
              "duration": 14388,
              "state": "passed",
              "speed": "slow",
              "pass": true,
              "fail": false,
              "pending": false,
              "context": null,
              "code": "learnhomepage.learnSectionVerification();",
              "err": {},
              "uuid": "b796419a-42a6-48d5-9941-cbc27895764f",
              "parentUUID": "3e564bce-238f-4000-8764-83411eefddfd",
              "isHook": false,
              "skipped": false
            },
            {
              "title": "Article Section Verification",
              "fullTitle": "Confirm Learn Page loading styles Article Section Verification",
              "timedOut": null,
              "duration": 2204,
              "state": "passed",
              "speed": "fast",
              "pass": true,
              "fail": false,
              "pending": false,
              "context": null,
              "code": "learnhomepage.articlesSectionVerification();",
              "err": {},
              "uuid": "39d40a0b-fe66-4ebf-ade1-4442f5501ae2",
              "parentUUID": "3e564bce-238f-4000-8764-83411eefddfd",
              "isHook": false,
              "skipped": false
            },
            {
              "title": "Store section verification",
              "fullTitle": "Confirm Learn Page loading styles Store section verification",
              "timedOut": null,
              "duration": 4414,
              "state": "passed",
              "speed": "fast",
              "pass": true,
              "fail": false,
              "pending": false,
              "context": null,
              "code": "learnhomepage.storeSectionVerification();",
              "err": {},
              "uuid": "25a0a826-77b2-4b7b-b82d-1cee651a0db2",
              "parentUUID": "3e564bce-238f-4000-8764-83411eefddfd",
              "isHook": false,
              "skipped": false
            }
          ],
          "suites": [],
          "passes": [
            "c7ba2d41-1d80-418c-a636-498ac46815f5",
            "71830027-2e85-44be-9115-cca3e61e973d",
            "b796419a-42a6-48d5-9941-cbc27895764f",
            "39d40a0b-fe66-4ebf-ade1-4442f5501ae2",
            "25a0a826-77b2-4b7b-b82d-1cee651a0db2"
          ],
          "failures": [],
          "pending": [],
          "skipped": [],
          "duration": 86340,
          "root": false,
          "rootEmpty": false,
          "_timeout": 2000
        }
      ],
      "passes": [],
      "failures": [],
      "pending": [],
      "skipped": [],
      "duration": 0,
      "root": true,
      "rootEmpty": true,
      "_timeout": 2000
    }
  ],
  "meta": {
    "mocha": {
      "version": "7.0.1"
    },
    "mochawesome": {
      "options": {
        "quiet": false,
        "reportFilename": "mochawesome",
        "saveHtml": false,
        "saveJson": true,
        "consoleReporter": "spec",
        "useInlineDiffs": false,
        "code": true
      },
      "version": "7.0.1"
    },
    "marge": {
      "options": {
        "id": "default",
        "reportDir": "cypress/reports/mocha",
        "quite": true,
        "overwrite": false,
        "html": false,
        "json": true
      },
      "version": "6.0.1"
    }
  }
}