{
  "stats": {
    "suites": 1,
    "tests": 9,
    "passes": 9,
    "pending": 0,
    "failures": 0,
    "start": "2022-01-19T00:35:16.760Z",
    "end": "2022-01-19T00:40:53.576Z",
    "duration": 336816,
    "testsRegistered": 9,
    "passPercent": 100,
    "pendingPercent": 0,
    "other": 0,
    "hasOther": false,
    "skipped": 0,
    "hasSkipped": false
  },
  "results": [
    {
      "uuid": "c929a985-c9d5-4c27-bdfd-a294f19aa144",
      "title": "",
      "fullFile": "cypress/integration/TCA01_HomepageNavigation.spec.js",
      "file": "cypress/integration/TCA01_HomepageNavigation.spec.js",
      "beforeHooks": [],
      "afterHooks": [],
      "tests": [],
      "suites": [
        {
          "uuid": "01460429-2b24-4526-aad4-5ba1f926a4f4",
          "title": "astroHomepageNav",
          "fullFile": "",
          "file": "",
          "beforeHooks": [],
          "afterHooks": [],
          "tests": [
            {
              "title": "Confirm all sign icons are loading correctly",
              "fullTitle": "astroHomepageNav Confirm all sign icons are loading correctly",
              "timedOut": null,
              "duration": 4197,
              "state": "passed",
              "speed": "fast",
              "pass": true,
              "fail": false,
              "pending": false,
              "context": null,
              "code": "homepage.visitHomepage();\nhomepage.signIconsConfirmation();",
              "err": {},
              "uuid": "a1013718-b766-4a44-b630-6731253f32f3",
              "parentUUID": "01460429-2b24-4526-aad4-5ba1f926a4f4",
              "isHook": false,
              "skipped": false
            },
            {
              "title": "Confirm all images from Horoscope section are visible",
              "fullTitle": "astroHomepageNav Confirm all images from Horoscope section are visible",
              "timedOut": null,
              "duration": 3544,
              "state": "passed",
              "speed": "fast",
              "pass": true,
              "fail": false,
              "pending": false,
              "context": null,
              "code": "homepage.visitHomepage();\nhomepage.horoscopeSectionImages();",
              "err": {},
              "uuid": "59a76e3b-28c5-499b-bbea-93187ee1164f",
              "parentUUID": "01460429-2b24-4526-aad4-5ba1f926a4f4",
              "isHook": false,
              "skipped": false
            },
            {
              "title": "verify Horoscope section images",
              "fullTitle": "astroHomepageNav verify Horoscope section images",
              "timedOut": null,
              "duration": 2558,
              "state": "passed",
              "speed": "fast",
              "pass": true,
              "fail": false,
              "pending": false,
              "context": null,
              "code": "homepage.visitHomepage();\nhomepage.horoscopeImagesIcons();",
              "err": {},
              "uuid": "0a2be617-5d18-45ea-b362-386e0ec32759",
              "parentUUID": "01460429-2b24-4526-aad4-5ba1f926a4f4",
              "isHook": false,
              "skipped": false
            },
            {
              "title": "verify Learn section images",
              "fullTitle": "astroHomepageNav verify Learn section images",
              "timedOut": null,
              "duration": 9834,
              "state": "passed",
              "speed": "medium",
              "pass": true,
              "fail": false,
              "pending": false,
              "context": null,
              "code": "homepage.visitHomepage();\nhomepage.learnSectionImages();",
              "err": {},
              "uuid": "80b241b0-8e12-498d-a30a-9c2294321e31",
              "parentUUID": "01460429-2b24-4526-aad4-5ba1f926a4f4",
              "isHook": false,
              "skipped": false
            },
            {
              "title": "verify Tarot section elements",
              "fullTitle": "astroHomepageNav verify Tarot section elements",
              "timedOut": null,
              "duration": 52643,
              "state": "passed",
              "speed": "slow",
              "pass": true,
              "fail": false,
              "pending": false,
              "context": null,
              "code": "homepage.visitHomepage();\nhomepage.confirmTarotSectionElements();",
              "err": {},
              "uuid": "db2d86a0-2bdd-42cf-88c1-61ea2f568c15",
              "parentUUID": "01460429-2b24-4526-aad4-5ba1f926a4f4",
              "isHook": false,
              "skipped": false
            },
            {
              "title": "verify Shop section elements",
              "fullTitle": "astroHomepageNav verify Shop section elements",
              "timedOut": null,
              "duration": 103734,
              "state": "passed",
              "speed": "slow",
              "pass": true,
              "fail": false,
              "pending": false,
              "context": null,
              "code": "homepage.visitHomepage();\nhomepage.confirmShopSectionElements();",
              "err": {},
              "uuid": "11fb36eb-0138-4ba8-a8ee-5b605635760e",
              "parentUUID": "01460429-2b24-4526-aad4-5ba1f926a4f4",
              "isHook": false,
              "skipped": false
            },
            {
              "title": "verify Compatibility section elements",
              "fullTitle": "astroHomepageNav verify Compatibility section elements",
              "timedOut": null,
              "duration": 62552,
              "state": "passed",
              "speed": "slow",
              "pass": true,
              "fail": false,
              "pending": false,
              "context": null,
              "code": "homepage.visitHomepage();\nhomepage.confirmCompatibilitySectionElements();",
              "err": {},
              "uuid": "2d6ce477-18c2-47c9-a703-f86ab4fdba00",
              "parentUUID": "01460429-2b24-4526-aad4-5ba1f926a4f4",
              "isHook": false,
              "skipped": false
            },
            {
              "title": "Confirm miscellaneous elements",
              "fullTitle": "astroHomepageNav Confirm miscellaneous elements",
              "timedOut": null,
              "duration": 89999,
              "state": "passed",
              "speed": "slow",
              "pass": true,
              "fail": false,
              "pending": false,
              "context": null,
              "code": "homepage.visitHomepage();\nhomepage.confirmMiscElements();",
              "err": {},
              "uuid": "ce7d2949-6572-4988-8d03-8e442759c424",
              "parentUUID": "01460429-2b24-4526-aad4-5ba1f926a4f4",
              "isHook": false,
              "skipped": false
            },
            {
              "title": "Open a.com homepage and confirm main elements",
              "fullTitle": "astroHomepageNav Open a.com homepage and confirm main elements",
              "timedOut": null,
              "duration": 3387,
              "state": "passed",
              "speed": "fast",
              "pass": true,
              "fail": false,
              "pending": false,
              "context": null,
              "code": "homepage.visitHomepage();\nhomepage.confirmMainElements();",
              "err": {},
              "uuid": "1937a0e6-ee93-4efc-9b8c-7a95436e20a9",
              "parentUUID": "01460429-2b24-4526-aad4-5ba1f926a4f4",
              "isHook": false,
              "skipped": false
            }
          ],
          "suites": [],
          "passes": [
            "a1013718-b766-4a44-b630-6731253f32f3",
            "59a76e3b-28c5-499b-bbea-93187ee1164f",
            "0a2be617-5d18-45ea-b362-386e0ec32759",
            "80b241b0-8e12-498d-a30a-9c2294321e31",
            "db2d86a0-2bdd-42cf-88c1-61ea2f568c15",
            "11fb36eb-0138-4ba8-a8ee-5b605635760e",
            "2d6ce477-18c2-47c9-a703-f86ab4fdba00",
            "ce7d2949-6572-4988-8d03-8e442759c424",
            "1937a0e6-ee93-4efc-9b8c-7a95436e20a9"
          ],
          "failures": [],
          "pending": [],
          "skipped": [],
          "duration": 332448,
          "root": false,
          "rootEmpty": false,
          "_timeout": 2000
        }
      ],
      "passes": [],
      "failures": [],
      "pending": [],
      "skipped": [],
      "duration": 0,
      "root": true,
      "rootEmpty": true,
      "_timeout": 2000
    }
  ],
  "meta": {
    "mocha": {
      "version": "7.0.1"
    },
    "mochawesome": {
      "options": {
        "quiet": false,
        "reportFilename": "mochawesome",
        "saveHtml": false,
        "saveJson": true,
        "consoleReporter": "spec",
        "useInlineDiffs": false,
        "code": true
      },
      "version": "7.0.1"
    },
    "marge": {
      "options": {
        "id": "default",
        "reportDir": "cypress/reports/mocha",
        "quite": true,
        "overwrite": false,
        "html": false,
        "json": true
      },
      "version": "6.0.1"
    }
  }
}