{
  "stats": {
    "suites": 1,
    "tests": 5,
    "passes": 5,
    "pending": 0,
    "failures": 0,
    "start": "2022-01-19T00:44:31.131Z",
    "end": "2022-01-19T00:46:57.718Z",
    "duration": 146587,
    "testsRegistered": 5,
    "passPercent": 100,
    "pendingPercent": 0,
    "other": 0,
    "hasOther": false,
    "skipped": 0,
    "hasSkipped": false
  },
  "results": [
    {
      "uuid": "6f3624b7-9015-47d8-a5a5-2590446be381",
      "title": "",
      "fullFile": "cypress/integration/TCA04_LearnPageNavigation.spec.js",
      "file": "cypress/integration/TCA04_LearnPageNavigation.spec.js",
      "beforeHooks": [],
      "afterHooks": [],
      "tests": [],
      "suites": [
        {
          "uuid": "d1c8f10a-ff9e-4626-aa2a-025783f12456",
          "title": "Confirm Learn Page loading styles",
          "fullFile": "",
          "file": "",
          "beforeHooks": [],
          "afterHooks": [],
          "tests": [
            {
              "title": "Confirm widgets content",
              "fullTitle": "Confirm Learn Page loading styles Confirm widgets content",
              "timedOut": null,
              "duration": 4406,
              "state": "passed",
              "speed": "fast",
              "pass": true,
              "fail": false,
              "pending": false,
              "context": null,
              "code": "learnhomepage.learnWidgetsVerification();",
              "err": {},
              "uuid": "5e4c5136-2102-45ca-8b9f-c0991ba89ec5",
              "parentUUID": "d1c8f10a-ff9e-4626-aa2a-025783f12456",
              "isHook": false,
              "skipped": false
            },
            {
              "title": "Learn carousel functionality",
              "fullTitle": "Confirm Learn Page loading styles Learn carousel functionality",
              "timedOut": null,
              "duration": 104311,
              "state": "passed",
              "speed": "slow",
              "pass": true,
              "fail": false,
              "pending": false,
              "context": null,
              "code": "learnhomepage.carouselWidget();",
              "err": {},
              "uuid": "cd0e9c99-80c2-4658-801d-0423602772a2",
              "parentUUID": "d1c8f10a-ff9e-4626-aa2a-025783f12456",
              "isHook": false,
              "skipped": false
            },
            {
              "title": "Learn More section verification",
              "fullTitle": "Confirm Learn Page loading styles Learn More section verification",
              "timedOut": null,
              "duration": 24527,
              "state": "passed",
              "speed": "slow",
              "pass": true,
              "fail": false,
              "pending": false,
              "context": null,
              "code": "learnhomepage.learnSectionVerification();",
              "err": {},
              "uuid": "b42607d9-4b51-4c8a-8168-f887116044ef",
              "parentUUID": "d1c8f10a-ff9e-4626-aa2a-025783f12456",
              "isHook": false,
              "skipped": false
            },
            {
              "title": "Article Section Verification",
              "fullTitle": "Confirm Learn Page loading styles Article Section Verification",
              "timedOut": null,
              "duration": 3761,
              "state": "passed",
              "speed": "fast",
              "pass": true,
              "fail": false,
              "pending": false,
              "context": null,
              "code": "learnhomepage.articlesSectionVerification();",
              "err": {},
              "uuid": "1515de3c-8d10-4f6e-9414-9567e3c60d0a",
              "parentUUID": "d1c8f10a-ff9e-4626-aa2a-025783f12456",
              "isHook": false,
              "skipped": false
            },
            {
              "title": "Store section verification",
              "fullTitle": "Confirm Learn Page loading styles Store section verification",
              "timedOut": null,
              "duration": 6784,
              "state": "passed",
              "speed": "medium",
              "pass": true,
              "fail": false,
              "pending": false,
              "context": null,
              "code": "learnhomepage.storeSectionVerification();",
              "err": {},
              "uuid": "66d3c65d-4806-4a04-9c82-c7ee42315109",
              "parentUUID": "d1c8f10a-ff9e-4626-aa2a-025783f12456",
              "isHook": false,
              "skipped": false
            }
          ],
          "suites": [],
          "passes": [
            "5e4c5136-2102-45ca-8b9f-c0991ba89ec5",
            "cd0e9c99-80c2-4658-801d-0423602772a2",
            "b42607d9-4b51-4c8a-8168-f887116044ef",
            "1515de3c-8d10-4f6e-9414-9567e3c60d0a",
            "66d3c65d-4806-4a04-9c82-c7ee42315109"
          ],
          "failures": [],
          "pending": [],
          "skipped": [],
          "duration": 143789,
          "root": false,
          "rootEmpty": false,
          "_timeout": 2000
        }
      ],
      "passes": [],
      "failures": [],
      "pending": [],
      "skipped": [],
      "duration": 0,
      "root": true,
      "rootEmpty": true,
      "_timeout": 2000
    }
  ],
  "meta": {
    "mocha": {
      "version": "7.0.1"
    },
    "mochawesome": {
      "options": {
        "quiet": false,
        "reportFilename": "mochawesome",
        "saveHtml": false,
        "saveJson": true,
        "consoleReporter": "spec",
        "useInlineDiffs": false,
        "code": true
      },
      "version": "7.0.1"
    },
    "marge": {
      "options": {
        "id": "default",
        "reportDir": "cypress/reports/mocha",
        "quite": true,
        "overwrite": false,
        "html": false,
        "json": true
      },
      "version": "6.0.1"
    }
  }
}