{
  "stats": {
    "suites": 1,
    "tests": 1,
    "passes": 0,
    "pending": 0,
    "failures": 1,
    "start": "2021-12-15T18:16:42.917Z",
    "end": "2021-12-15T18:18:53.418Z",
    "duration": 130501,
    "testsRegistered": 9,
    "passPercent": 0,
    "pendingPercent": 0,
    "other": 0,
    "hasOther": false,
    "skipped": 8,
    "hasSkipped": true
  },
  "results": [
    {
      "uuid": "b7414bfc-49a1-4bdf-8c08-009138e76881",
      "title": "",
      "fullFile": "cypress/integration/TCA01_HomepageNavigation.spec.js",
      "file": "cypress/integration/TCA01_HomepageNavigation.spec.js",
      "beforeHooks": [],
      "afterHooks": [],
      "tests": [],
      "suites": [
        {
          "uuid": "2297f47d-8bf4-47c9-9c6d-8d725d275200",
          "title": "astroHomepageNav",
          "fullFile": "",
          "file": "",
          "beforeHooks": [],
          "afterHooks": [],
          "tests": [
            {
              "title": "Open a.com homepage and confirm main elements",
              "fullTitle": "astroHomepageNav Open a.com homepage and confirm main elements",
              "timedOut": null,
              "duration": 126275,
              "state": "failed",
              "speed": null,
              "pass": false,
              "fail": true,
              "pending": false,
              "context": "{\n  \"title\": \"cypress-mochawesome-reporter-screenshots\",\n  \"value\": [\n    [\n      {\n        \"title\": \"Failed screenshot\",\n        \"value\": \"/TCA01_HomepageNavigation.spec.js/astroHomepageNav -- Open a.com homepage and confirm main elements -- before all hook (failed).png\"\n      }\n    ]\n  ]\n}",
              "code": "homepage.confirmMainElements();",
              "err": {
                "message": "CypressError: Timed out after waiting `120000ms` for your remote page to load.\n\nYour page did not fire its `load` event within `120000ms`.\n\nYou can try increasing the `pageLoadTimeout` value in `cypress.json` to wait longer.\n\nBrowsers will not fire the `load` event until all stylesheets and scripts are done downloading.\n\nWhen this `load` event occurs, Cypress will continue running commands.\n\nBecause this error occurred during a `before all` hook we are skipping the remaining tests in the current suite: `astroHomepageNav`",
                "estack": "CypressError: Timed out after waiting `120000ms` for your remote page to load.\n\nYour page did not fire its `load` event within `120000ms`.\n\nYou can try increasing the `pageLoadTimeout` value in `cypress.json` to wait longer.\n\nBrowsers will not fire the `load` event until all stylesheets and scripts are done downloading.\n\nWhen this `load` event occurs, Cypress will continue running commands.\n\nBecause this error occurred during a `before all` hook we are skipping the remaining tests in the current suite: `astroHomepageNav`\n    at timedOutWaitingForPageLoad (https://www.astrology.com/__cypress/runner/cypress_runner.js:157134:72)\n    at https://www.astrology.com/__cypress/runner/cypress_runner.js:158177:16\n    at tryCatcher (https://www.astrology.com/__cypress/runner/cypress_runner.js:13196:23)\n    at https://www.astrology.com/__cypress/runner/cypress_runner.js:8318:41\n    at tryCatcher (https://www.astrology.com/__cypress/runner/cypress_runner.js:13196:23)\n    at Promise._settlePromiseFromHandler (https://www.astrology.com/__cypress/runner/cypress_runner.js:11131:31)\n    at Promise._settlePromise (https://www.astrology.com/__cypress/runner/cypress_runner.js:11188:18)\n    at Promise._settlePromise0 (https://www.astrology.com/__cypress/runner/cypress_runner.js:11233:10)\n    at Promise._settlePromises (https://www.astrology.com/__cypress/runner/cypress_runner.js:11309:18)\n    at _drainQueueStep (https://www.astrology.com/__cypress/runner/cypress_runner.js:7903:12)\n    at _drainQueue (https://www.astrology.com/__cypress/runner/cypress_runner.js:7896:9)\n    at Async.../../node_modules/bluebird/js/release/async.js.Async._drainQueues (https://www.astrology.com/__cypress/runner/cypress_runner.js:7912:5)\n    at Async.drainQueues (https://www.astrology.com/__cypress/runner/cypress_runner.js:7782:14)\nFrom Your Spec Code:\n    at Homepage.visitHomepage (https://www.astrology.com/__cypress/tests?p=cypress/integration/TCA01_HomepageNavigation.spec.js:184:8)\n    at Context.eval (https://www.astrology.com/__cypress/tests?p=cypress/integration/TCA01_HomepageNavigation.spec.js:125:14)",
                "diff": null
              },
              "uuid": "1f8b0058-a932-40c8-9c62-e5ff3de2a041",
              "parentUUID": "2297f47d-8bf4-47c9-9c6d-8d725d275200",
              "isHook": false,
              "skipped": false
            },
            {
              "title": "Confirm all sign icons are loading correctly",
              "fullTitle": "astroHomepageNav Confirm all sign icons are loading correctly",
              "timedOut": null,
              "duration": 0,
              "state": "skipped",
              "speed": null,
              "pass": false,
              "fail": false,
              "pending": false,
              "context": null,
              "code": "homepage.signIconsConfirmation();",
              "err": {},
              "uuid": "832bc495-ba0b-4618-94bc-d381ec24a3be",
              "parentUUID": "2297f47d-8bf4-47c9-9c6d-8d725d275200",
              "isHook": false,
              "skipped": true
            },
            {
              "title": "Confirm all images from Horoscope section are visible",
              "fullTitle": "astroHomepageNav Confirm all images from Horoscope section are visible",
              "timedOut": null,
              "duration": 0,
              "state": "skipped",
              "speed": null,
              "pass": false,
              "fail": false,
              "pending": false,
              "context": null,
              "code": "homepage.horoscopeSectionImages();",
              "err": {},
              "uuid": "70bb4d41-2b08-48bf-a3de-3f7d4692b288",
              "parentUUID": "2297f47d-8bf4-47c9-9c6d-8d725d275200",
              "isHook": false,
              "skipped": true
            },
            {
              "title": "verify Horoscope section images",
              "fullTitle": "astroHomepageNav verify Horoscope section images",
              "timedOut": null,
              "duration": 0,
              "state": "skipped",
              "speed": null,
              "pass": false,
              "fail": false,
              "pending": false,
              "context": null,
              "code": "homepage.horoscopeImagesIcons();",
              "err": {},
              "uuid": "5534acde-1271-4eac-ab55-c906c419a223",
              "parentUUID": "2297f47d-8bf4-47c9-9c6d-8d725d275200",
              "isHook": false,
              "skipped": true
            },
            {
              "title": "verify Learn section images",
              "fullTitle": "astroHomepageNav verify Learn section images",
              "timedOut": null,
              "duration": 0,
              "state": "skipped",
              "speed": null,
              "pass": false,
              "fail": false,
              "pending": false,
              "context": null,
              "code": "homepage.learnSectionImages();",
              "err": {},
              "uuid": "e5f0280b-edf8-4de7-aa73-6b4efabe4c3e",
              "parentUUID": "2297f47d-8bf4-47c9-9c6d-8d725d275200",
              "isHook": false,
              "skipped": true
            },
            {
              "title": "verify Tarot section elements",
              "fullTitle": "astroHomepageNav verify Tarot section elements",
              "timedOut": null,
              "duration": 0,
              "state": "skipped",
              "speed": null,
              "pass": false,
              "fail": false,
              "pending": false,
              "context": null,
              "code": "homepage.confirmTarotSectionElements();",
              "err": {},
              "uuid": "159942ec-3f74-4e0e-8371-1ac8c93dbfb9",
              "parentUUID": "2297f47d-8bf4-47c9-9c6d-8d725d275200",
              "isHook": false,
              "skipped": true
            },
            {
              "title": "verify Shop section elements",
              "fullTitle": "astroHomepageNav verify Shop section elements",
              "timedOut": null,
              "duration": 0,
              "state": "skipped",
              "speed": null,
              "pass": false,
              "fail": false,
              "pending": false,
              "context": null,
              "code": "homepage.confirmShopSectionElements();",
              "err": {},
              "uuid": "af18b415-51ce-4e49-b3c8-dfa699083937",
              "parentUUID": "2297f47d-8bf4-47c9-9c6d-8d725d275200",
              "isHook": false,
              "skipped": true
            },
            {
              "title": "verify Compatibility section elements",
              "fullTitle": "astroHomepageNav verify Compatibility section elements",
              "timedOut": null,
              "duration": 0,
              "state": "skipped",
              "speed": null,
              "pass": false,
              "fail": false,
              "pending": false,
              "context": null,
              "code": "homepage.confirmCompatibilitySectionElements();",
              "err": {},
              "uuid": "a94c9f39-fb60-4b2e-9be0-95c74041b70a",
              "parentUUID": "2297f47d-8bf4-47c9-9c6d-8d725d275200",
              "isHook": false,
              "skipped": true
            },
            {
              "title": "Confirm miscellaneous elements",
              "fullTitle": "astroHomepageNav Confirm miscellaneous elements",
              "timedOut": null,
              "duration": 0,
              "state": "skipped",
              "speed": null,
              "pass": false,
              "fail": false,
              "pending": false,
              "context": null,
              "code": "homepage.confirmMiscElements;",
              "err": {},
              "uuid": "4d6086ea-7c71-4595-b55c-0c3b8142afc5",
              "parentUUID": "2297f47d-8bf4-47c9-9c6d-8d725d275200",
              "isHook": false,
              "skipped": true
            }
          ],
          "suites": [],
          "passes": [],
          "failures": [
            "1f8b0058-a932-40c8-9c62-e5ff3de2a041"
          ],
          "pending": [],
          "skipped": [
            "832bc495-ba0b-4618-94bc-d381ec24a3be",
            "70bb4d41-2b08-48bf-a3de-3f7d4692b288",
            "5534acde-1271-4eac-ab55-c906c419a223",
            "e5f0280b-edf8-4de7-aa73-6b4efabe4c3e",
            "159942ec-3f74-4e0e-8371-1ac8c93dbfb9",
            "af18b415-51ce-4e49-b3c8-dfa699083937",
            "a94c9f39-fb60-4b2e-9be0-95c74041b70a",
            "4d6086ea-7c71-4595-b55c-0c3b8142afc5"
          ],
          "duration": 126275,
          "root": false,
          "rootEmpty": false,
          "_timeout": 2000
        }
      ],
      "passes": [],
      "failures": [],
      "pending": [],
      "skipped": [],
      "duration": 0,
      "root": true,
      "rootEmpty": true,
      "_timeout": 2000
    }
  ],
  "meta": {
    "mocha": {
      "version": "7.0.1"
    },
    "mochawesome": {
      "options": {
        "quiet": false,
        "reportFilename": "mochawesome",
        "saveHtml": false,
        "saveJson": true,
        "consoleReporter": "spec",
        "useInlineDiffs": false,
        "code": true
      },
      "version": "7.0.1"
    },
    "marge": {
      "options": {
        "id": "default",
        "reportDir": "cypress/reports/mocha",
        "quite": true,
        "overwrite": false,
        "html": false,
        "json": true
      },
      "version": "6.0.1"
    }
  }
}