{
  "stats": {
    "suites": 1,
    "tests": 1,
    "passes": 0,
    "pending": 0,
    "failures": 1,
    "start": "2021-12-15T21:15:08.239Z",
    "end": "2021-12-15T21:17:14.118Z",
    "duration": 125879,
    "testsRegistered": 3,
    "passPercent": 0,
    "pendingPercent": 0,
    "other": 0,
    "hasOther": false,
    "skipped": 2,
    "hasSkipped": true
  },
  "results": [
    {
      "uuid": "9b66f5a8-ad96-4797-92bb-5fecc84cafea",
      "title": "",
      "fullFile": "cypress/integration/TCA08_WeeklyHomePageNavigation.spec.js",
      "file": "cypress/integration/TCA08_WeeklyHomePageNavigation.spec.js",
      "beforeHooks": [],
      "afterHooks": [],
      "tests": [],
      "suites": [
        {
          "uuid": "0a12c66f-d425-43cd-8ff5-79288de35ad9",
          "title": " Confirm Weekly Page Navigation",
          "fullFile": "",
          "file": "",
          "beforeHooks": [],
          "afterHooks": [],
          "tests": [
            {
              "title": "Confirm sign info card widget",
              "fullTitle": " Confirm Weekly Page Navigation Confirm sign info card widget",
              "timedOut": null,
              "duration": 124348,
              "state": "failed",
              "speed": null,
              "pass": false,
              "fail": true,
              "pending": false,
              "context": "{\n  \"title\": \"cypress-mochawesome-reporter-screenshots\",\n  \"value\": [\n    [\n      {\n        \"title\": \"Failed screenshot\",\n        \"value\": \"/TCA08_WeeklyHomePageNavigation.spec.js/ Confirm Weekly Page Navigation -- Confirm sign info card widget -- before each hook (failed).png\"\n      }\n    ]\n  ]\n}",
              "code": "weeklyHomepagePage.verifySignPickerWidget();",
              "err": {
                "message": "CypressError: Timed out after waiting `120000ms` for your remote page to load.\n\nYour page did not fire its `load` event within `120000ms`.\n\nYou can try increasing the `pageLoadTimeout` value in `cypress.json` to wait longer.\n\nBrowsers will not fire the `load` event until all stylesheets and scripts are done downloading.\n\nWhen this `load` event occurs, Cypress will continue running commands.\n\nBecause this error occurred during a `before each` hook we are skipping the remaining tests in the current suite: ` Confirm Weekly Page Naviga...`",
                "estack": "CypressError: Timed out after waiting `120000ms` for your remote page to load.\n\nYour page did not fire its `load` event within `120000ms`.\n\nYou can try increasing the `pageLoadTimeout` value in `cypress.json` to wait longer.\n\nBrowsers will not fire the `load` event until all stylesheets and scripts are done downloading.\n\nWhen this `load` event occurs, Cypress will continue running commands.\n\nBecause this error occurred during a `before each` hook we are skipping the remaining tests in the current suite: ` Confirm Weekly Page Naviga...`\n    at timedOutWaitingForPageLoad (https://www.astrology.com/__cypress/runner/cypress_runner.js:157134:72)\n    at https://www.astrology.com/__cypress/runner/cypress_runner.js:158177:16\n    at tryCatcher (https://www.astrology.com/__cypress/runner/cypress_runner.js:13196:23)\n    at https://www.astrology.com/__cypress/runner/cypress_runner.js:8318:41\n    at tryCatcher (https://www.astrology.com/__cypress/runner/cypress_runner.js:13196:23)\n    at Promise._settlePromiseFromHandler (https://www.astrology.com/__cypress/runner/cypress_runner.js:11131:31)\n    at Promise._settlePromise (https://www.astrology.com/__cypress/runner/cypress_runner.js:11188:18)\n    at Promise._settlePromise0 (https://www.astrology.com/__cypress/runner/cypress_runner.js:11233:10)\n    at Promise._settlePromises (https://www.astrology.com/__cypress/runner/cypress_runner.js:11309:18)\n    at _drainQueueStep (https://www.astrology.com/__cypress/runner/cypress_runner.js:7903:12)\n    at _drainQueue (https://www.astrology.com/__cypress/runner/cypress_runner.js:7896:9)\n    at Async.../../node_modules/bluebird/js/release/async.js.Async._drainQueues (https://www.astrology.com/__cypress/runner/cypress_runner.js:7912:5)\n    at Async.drainQueues (https://www.astrology.com/__cypress/runner/cypress_runner.js:7782:14)\nFrom Your Spec Code:\n    at WeeklyHomepage.visitWeeklyHomePage (https://www.astrology.com/__cypress/tests?p=cypress/integration/TCA08_WeeklyHomePageNavigation.spec.js:163:8)\n    at Context.eval (https://www.astrology.com/__cypress/tests?p=cypress/integration/TCA08_WeeklyHomePageNavigation.spec.js:125:24)",
                "diff": null
              },
              "uuid": "e583f57f-314d-4826-94cc-7f67f9187e2d",
              "parentUUID": "0a12c66f-d425-43cd-8ff5-79288de35ad9",
              "isHook": false,
              "skipped": false
            },
            {
              "title": "Confirm weekly paragraphs content are visible",
              "fullTitle": " Confirm Weekly Page Navigation Confirm weekly paragraphs content are visible",
              "timedOut": null,
              "duration": 0,
              "state": "skipped",
              "speed": null,
              "pass": false,
              "fail": false,
              "pending": false,
              "context": null,
              "code": "weeklyHomepagePage.confirmTheSkyThisWeek();",
              "err": {},
              "uuid": "c1ccf009-b583-4c84-97e5-12105b4bd7b5",
              "parentUUID": "0a12c66f-d425-43cd-8ff5-79288de35ad9",
              "isHook": false,
              "skipped": true
            },
            {
              "title": "Verify visibility of carousel, links and ad elements",
              "fullTitle": " Confirm Weekly Page Navigation Verify visibility of carousel, links and ad elements",
              "timedOut": null,
              "duration": 0,
              "state": "skipped",
              "speed": null,
              "pass": false,
              "fail": false,
              "pending": false,
              "context": null,
              "code": "weeklyHomepagePage.verifyCarouselLinksList();",
              "err": {},
              "uuid": "6cc11abe-50f5-4ccb-ac4a-961ca456ccc5",
              "parentUUID": "0a12c66f-d425-43cd-8ff5-79288de35ad9",
              "isHook": false,
              "skipped": true
            }
          ],
          "suites": [],
          "passes": [],
          "failures": [
            "e583f57f-314d-4826-94cc-7f67f9187e2d"
          ],
          "pending": [],
          "skipped": [
            "c1ccf009-b583-4c84-97e5-12105b4bd7b5",
            "6cc11abe-50f5-4ccb-ac4a-961ca456ccc5"
          ],
          "duration": 124348,
          "root": false,
          "rootEmpty": false,
          "_timeout": 2000
        }
      ],
      "passes": [],
      "failures": [],
      "pending": [],
      "skipped": [],
      "duration": 0,
      "root": true,
      "rootEmpty": true,
      "_timeout": 2000
    }
  ],
  "meta": {
    "mocha": {
      "version": "7.0.1"
    },
    "mochawesome": {
      "options": {
        "quiet": false,
        "reportFilename": "mochawesome",
        "saveHtml": false,
        "saveJson": true,
        "consoleReporter": "spec",
        "useInlineDiffs": false,
        "code": true
      },
      "version": "7.0.1"
    },
    "marge": {
      "options": {
        "id": "default",
        "reportDir": "cypress/reports/mocha",
        "quite": true,
        "overwrite": false,
        "html": false,
        "json": true
      },
      "version": "6.0.1"
    }
  }
}