{
  "stats": {
    "suites": 0,
    "tests": 1,
    "passes": 1,
    "pending": 0,
    "failures": 0,
    "start": "2022-01-31T16:19:33.244Z",
    "end": "2022-01-31T16:19:45.409Z",
    "duration": 12165,
    "testsRegistered": 1,
    "passPercent": 100,
    "pendingPercent": 0,
    "other": 0,
    "hasOther": false,
    "skipped": 0,
    "hasSkipped": false
  },
  "results": [
    {
      "uuid": "5d49057c-9bfc-4797-833b-a13c874b417f",
      "title": "",
      "fullFile": "cypress/integration/TCA02_Horo4842_newBirthChartPage.spec.js",
      "file": "cypress/integration/TCA02_Horo4842_newBirthChartPage.spec.js",
      "beforeHooks": [],
      "afterHooks": [],
      "tests": [
        {
          "title": "Test new Free Birth Chart page",
          "fullTitle": "Test new Free Birth Chart page",
          "timedOut": null,
          "duration": 12114,
          "state": "passed",
          "speed": "slow",
          "pass": true,
          "fail": false,
          "pending": false,
          "context": null,
          "code": "cy.visit('https://shop-stage.astrology.com/birth-chart/');\ncy.get('.alpha').contains('Birth Chart Calculator');\ncy.get('.trim-content > :nth-child(3)').contains('What Does Your Birth Chart Tell You?'); // image loading\ncy.get(\"[alt='sample birth chart']\").should('be.visible'); // Sub header\n//cy.get('.trim-content > h3').should('contains', 'Your birth chart, also known as an astrology or natal chart');\ncy.get('#TermOfServicesCheckBox').click();\ncy.get('#first-name').type('Wayne Godot');\ncy.get('#gender-selector').select('Male');\ncy.get('#date-of-birth').type('08/05/1980');\ncy.get('#time-of-birth').type('12:30');\ncy.get('#birth-location').type('Los ');\ncy.wait(300);\ncy.get('#birth-location').type('{downarrow}');\ncy.get('.form__media > img').click();\ncy.get('#birth-location').type('{downarrow}');\ncy.get('#birth-location').type('{downarrow}').click();\ncy.get('#email').type('cypresstest03@yopmail.com');\ncy.get('.form-skin > [type=\"submit\"]').click();\ncy.wait(300);\ncy.url().should('include', 'https://reports.astrology.com/v1/reports/'); //cy.get('[width=\"310\"]').should('include', 'Dear Wayne Godot')",
          "err": {},
          "uuid": "ca737939-43a1-4de1-8ea5-9f392054264b",
          "parentUUID": "5d49057c-9bfc-4797-833b-a13c874b417f",
          "isHook": false,
          "skipped": false
        }
      ],
      "suites": [],
      "passes": [
        "ca737939-43a1-4de1-8ea5-9f392054264b"
      ],
      "failures": [],
      "pending": [],
      "skipped": [],
      "duration": 12114,
      "root": true,
      "rootEmpty": false,
      "_timeout": 2000
    }
  ],
  "meta": {
    "mocha": {
      "version": "7.0.1"
    },
    "mochawesome": {
      "options": {
        "quiet": false,
        "reportFilename": "mochawesome",
        "saveHtml": false,
        "saveJson": true,
        "consoleReporter": "spec",
        "useInlineDiffs": false,
        "code": true
      },
      "version": "7.0.1"
    },
    "marge": {
      "options": {
        "id": "default",
        "reportDir": "cypress/reports/mocha",
        "quite": true,
        "overwrite": false,
        "html": false,
        "json": true
      },
      "version": "6.0.1"
    }
  }
}