{
  "stats": {
    "suites": 1,
    "tests": 9,
    "passes": 8,
    "pending": 0,
    "failures": 1,
    "start": "2021-12-15T19:38:14.347Z",
    "end": "2021-12-15T19:53:04.605Z",
    "duration": 890258,
    "testsRegistered": 9,
    "passPercent": 88.88888888888889,
    "pendingPercent": 0,
    "other": 0,
    "hasOther": false,
    "skipped": 0,
    "hasSkipped": false
  },
  "results": [
    {
      "uuid": "c80d43df-250c-4a1a-b2a1-e3a55daf9ae9",
      "title": "",
      "fullFile": "cypress/integration/TCA01_HomepageNavigation.spec.js",
      "file": "cypress/integration/TCA01_HomepageNavigation.spec.js",
      "beforeHooks": [],
      "afterHooks": [],
      "tests": [],
      "suites": [
        {
          "uuid": "18dda607-4377-454e-9635-f24be4419488",
          "title": "astroHomepageNav",
          "fullFile": "",
          "file": "",
          "beforeHooks": [],
          "afterHooks": [],
          "tests": [
            {
              "title": "Open a.com homepage and confirm main elements",
              "fullTitle": "astroHomepageNav Open a.com homepage and confirm main elements",
              "timedOut": null,
              "duration": 138861,
              "state": "failed",
              "speed": null,
              "pass": false,
              "fail": true,
              "pending": false,
              "context": "{\n  \"title\": \"cypress-mochawesome-reporter-screenshots\",\n  \"value\": [\n    [\n      {\n        \"title\": \"Failed screenshot\",\n        \"value\": \"/TCA01_HomepageNavigation.spec.js/astroHomepageNav -- Open a.com homepage and confirm main elements (failed).png\"\n      }\n    ]\n  ]\n}",
              "code": "homepage.visitHomepage();\nhomepage.confirmMainElements();",
              "err": {
                "message": "CypressError: Timed out after waiting `120000ms` for your remote page to load.\n\nYour page did not fire its `load` event within `120000ms`.\n\nYou can try increasing the `pageLoadTimeout` value in `cypress.json` to wait longer.\n\nBrowsers will not fire the `load` event until all stylesheets and scripts are done downloading.\n\nWhen this `load` event occurs, Cypress will continue running commands.",
                "estack": "CypressError: Timed out after waiting `120000ms` for your remote page to load.\n\nYour page did not fire its `load` event within `120000ms`.\n\nYou can try increasing the `pageLoadTimeout` value in `cypress.json` to wait longer.\n\nBrowsers will not fire the `load` event until all stylesheets and scripts are done downloading.\n\nWhen this `load` event occurs, Cypress will continue running commands.\n    at timedOutWaitingForPageLoad (https://www.astrology.com/__cypress/runner/cypress_runner.js:157134:72)\n    at https://www.astrology.com/__cypress/runner/cypress_runner.js:158177:16\n    at tryCatcher (https://www.astrology.com/__cypress/runner/cypress_runner.js:13196:23)\n    at https://www.astrology.com/__cypress/runner/cypress_runner.js:8318:41\n    at tryCatcher (https://www.astrology.com/__cypress/runner/cypress_runner.js:13196:23)\n    at Promise._settlePromiseFromHandler (https://www.astrology.com/__cypress/runner/cypress_runner.js:11131:31)\n    at Promise._settlePromise (https://www.astrology.com/__cypress/runner/cypress_runner.js:11188:18)\n    at Promise._settlePromise0 (https://www.astrology.com/__cypress/runner/cypress_runner.js:11233:10)\n    at Promise._settlePromises (https://www.astrology.com/__cypress/runner/cypress_runner.js:11309:18)\n    at _drainQueueStep (https://www.astrology.com/__cypress/runner/cypress_runner.js:7903:12)\n    at _drainQueue (https://www.astrology.com/__cypress/runner/cypress_runner.js:7896:9)\n    at Async.../../node_modules/bluebird/js/release/async.js.Async._drainQueues (https://www.astrology.com/__cypress/runner/cypress_runner.js:7912:5)\n    at Async.drainQueues (https://www.astrology.com/__cypress/runner/cypress_runner.js:7782:14)\nFrom Your Spec Code:\n    at Homepage.visitHomepage (https://www.astrology.com/__cypress/tests?p=cypress/integration/TCA01_HomepageNavigation.spec.js:193:8)\n    at Context.eval (https://www.astrology.com/__cypress/tests?p=cypress/integration/TCA01_HomepageNavigation.spec.js:128:14)",
                "diff": null
              },
              "uuid": "2e454b5d-57bf-4fbb-9deb-3a72b97e27fe",
              "parentUUID": "18dda607-4377-454e-9635-f24be4419488",
              "isHook": false,
              "skipped": false
            },
            {
              "title": "Confirm all sign icons are loading correctly",
              "fullTitle": "astroHomepageNav Confirm all sign icons are loading correctly",
              "timedOut": null,
              "duration": 73441,
              "state": "passed",
              "speed": "slow",
              "pass": true,
              "fail": false,
              "pending": false,
              "context": null,
              "code": "homepage.visitHomepage();\nhomepage.signIconsConfirmation();",
              "err": {},
              "uuid": "e91de8ab-35ed-477a-b95f-b53be8abe63c",
              "parentUUID": "18dda607-4377-454e-9635-f24be4419488",
              "isHook": false,
              "skipped": false
            },
            {
              "title": "Confirm all images from Horoscope section are visible",
              "fullTitle": "astroHomepageNav Confirm all images from Horoscope section are visible",
              "timedOut": null,
              "duration": 75843,
              "state": "passed",
              "speed": "slow",
              "pass": true,
              "fail": false,
              "pending": false,
              "context": null,
              "code": "homepage.visitHomepage();\nhomepage.horoscopeSectionImages();",
              "err": {},
              "uuid": "ac1d629d-f40b-4c70-b5fd-9d33a4e363e9",
              "parentUUID": "18dda607-4377-454e-9635-f24be4419488",
              "isHook": false,
              "skipped": false
            },
            {
              "title": "verify Horoscope section images",
              "fullTitle": "astroHomepageNav verify Horoscope section images",
              "timedOut": null,
              "duration": 5388,
              "state": "passed",
              "speed": "medium",
              "pass": true,
              "fail": false,
              "pending": false,
              "context": null,
              "code": "homepage.visitHomepage();\nhomepage.horoscopeImagesIcons();",
              "err": {},
              "uuid": "f6b27921-3bae-4bda-9bed-7bea206db741",
              "parentUUID": "18dda607-4377-454e-9635-f24be4419488",
              "isHook": false,
              "skipped": false
            },
            {
              "title": "verify Learn section images",
              "fullTitle": "astroHomepageNav verify Learn section images",
              "timedOut": null,
              "duration": 9776,
              "state": "passed",
              "speed": "medium",
              "pass": true,
              "fail": false,
              "pending": false,
              "context": null,
              "code": "homepage.visitHomepage();\nhomepage.learnSectionImages();",
              "err": {},
              "uuid": "b1048f80-bd7e-4065-ab85-808ba28ef5b9",
              "parentUUID": "18dda607-4377-454e-9635-f24be4419488",
              "isHook": false,
              "skipped": false
            },
            {
              "title": "verify Tarot section elements",
              "fullTitle": "astroHomepageNav verify Tarot section elements",
              "timedOut": null,
              "duration": 72451,
              "state": "passed",
              "speed": "slow",
              "pass": true,
              "fail": false,
              "pending": false,
              "context": null,
              "code": "homepage.visitHomepage();\nhomepage.confirmTarotSectionElements();",
              "err": {},
              "uuid": "857e9477-d665-4bc8-b653-02b11ec40260",
              "parentUUID": "18dda607-4377-454e-9635-f24be4419488",
              "isHook": false,
              "skipped": false
            },
            {
              "title": "verify Shop section elements",
              "fullTitle": "astroHomepageNav verify Shop section elements",
              "timedOut": null,
              "duration": 330506,
              "state": "passed",
              "speed": "slow",
              "pass": true,
              "fail": false,
              "pending": false,
              "context": null,
              "code": "homepage.visitHomepage();\nhomepage.confirmShopSectionElements();",
              "err": {},
              "uuid": "d9ab5abb-d32b-4d2a-a931-fbf072c6a0ac",
              "parentUUID": "18dda607-4377-454e-9635-f24be4419488",
              "isHook": false,
              "skipped": false
            },
            {
              "title": "verify Compatibility section elements",
              "fullTitle": "astroHomepageNav verify Compatibility section elements",
              "timedOut": null,
              "duration": 64696,
              "state": "passed",
              "speed": "slow",
              "pass": true,
              "fail": false,
              "pending": false,
              "context": null,
              "code": "homepage.visitHomepage();\nhomepage.confirmCompatibilitySectionElements();",
              "err": {},
              "uuid": "94ca0729-c23b-427c-bbad-9d583672fe73",
              "parentUUID": "18dda607-4377-454e-9635-f24be4419488",
              "isHook": false,
              "skipped": false
            },
            {
              "title": "Confirm miscellaneous elements",
              "fullTitle": "astroHomepageNav Confirm miscellaneous elements",
              "timedOut": null,
              "duration": 114887,
              "state": "passed",
              "speed": "slow",
              "pass": true,
              "fail": false,
              "pending": false,
              "context": null,
              "code": "homepage.visitHomepage();\nhomepage.confirmMiscElements();",
              "err": {},
              "uuid": "3d358c21-c8d4-4ff1-a0ec-7a7922a59f64",
              "parentUUID": "18dda607-4377-454e-9635-f24be4419488",
              "isHook": false,
              "skipped": false
            }
          ],
          "suites": [],
          "passes": [
            "e91de8ab-35ed-477a-b95f-b53be8abe63c",
            "ac1d629d-f40b-4c70-b5fd-9d33a4e363e9",
            "f6b27921-3bae-4bda-9bed-7bea206db741",
            "b1048f80-bd7e-4065-ab85-808ba28ef5b9",
            "857e9477-d665-4bc8-b653-02b11ec40260",
            "d9ab5abb-d32b-4d2a-a931-fbf072c6a0ac",
            "94ca0729-c23b-427c-bbad-9d583672fe73",
            "3d358c21-c8d4-4ff1-a0ec-7a7922a59f64"
          ],
          "failures": [
            "2e454b5d-57bf-4fbb-9deb-3a72b97e27fe"
          ],
          "pending": [],
          "skipped": [],
          "duration": 885849,
          "root": false,
          "rootEmpty": false,
          "_timeout": 2000
        }
      ],
      "passes": [],
      "failures": [],
      "pending": [],
      "skipped": [],
      "duration": 0,
      "root": true,
      "rootEmpty": true,
      "_timeout": 2000
    }
  ],
  "meta": {
    "mocha": {
      "version": "7.0.1"
    },
    "mochawesome": {
      "options": {
        "quiet": false,
        "reportFilename": "mochawesome",
        "saveHtml": false,
        "saveJson": true,
        "consoleReporter": "spec",
        "useInlineDiffs": false,
        "code": true
      },
      "version": "7.0.1"
    },
    "marge": {
      "options": {
        "id": "default",
        "reportDir": "cypress/reports/mocha",
        "quite": true,
        "overwrite": false,
        "html": false,
        "json": true
      },
      "version": "6.0.1"
    }
  }
}