{
  "stats": {
    "suites": 1,
    "tests": 2,
    "passes": 1,
    "pending": 0,
    "failures": 1,
    "start": "2021-12-15T20:57:45.680Z",
    "end": "2021-12-15T21:00:35.258Z",
    "duration": 169578,
    "testsRegistered": 2,
    "passPercent": 50,
    "pendingPercent": 0,
    "other": 0,
    "hasOther": false,
    "skipped": 0,
    "hasSkipped": false
  },
  "results": [
    {
      "uuid": "4aeee762-a7a1-4a5e-80e7-c25b6d19ff9a",
      "title": "",
      "fullFile": "cypress/integration/TCA03_HoroDailyPageNav.spec.js",
      "file": "cypress/integration/TCA03_HoroDailyPageNav.spec.js",
      "beforeHooks": [],
      "afterHooks": [],
      "tests": [],
      "suites": [
        {
          "uuid": "8a2b1da2-fc46-4840-91ea-70c2844b0ffb",
          "title": "dailyHoroyNav",
          "fullFile": "",
          "file": "",
          "beforeHooks": [],
          "afterHooks": [],
          "tests": [
            {
              "title": "Confirm all sign icons are loading correctly",
              "fullTitle": "dailyHoroyNav Confirm all sign icons are loading correctly",
              "timedOut": null,
              "duration": 13190,
              "state": "passed",
              "speed": "slow",
              "pass": true,
              "fail": false,
              "pending": false,
              "context": null,
              "code": "homepage.signIconsConfirmation();",
              "err": {},
              "uuid": "14d2b7c0-98c9-4d6e-b98f-bb5b613dec0e",
              "parentUUID": "8a2b1da2-fc46-4840-91ea-70c2844b0ffb",
              "isHook": false,
              "skipped": false
            },
            {
              "title": "Open daily page and confirm main elements",
              "fullTitle": "dailyHoroyNav Open daily page and confirm main elements",
              "timedOut": null,
              "duration": 113726,
              "state": "failed",
              "speed": null,
              "pass": false,
              "fail": true,
              "pending": false,
              "context": null,
              "code": "horoscopesDaily.theSkyToday();",
              "err": {
                "message": "CypressError: `cy.screenshot()` timed out waiting `30000ms` to complete.",
                "estack": "CypressError: `cy.screenshot()` timed out waiting `30000ms` to complete.\n    at https://www.astrology.com/__cypress/runner/cypress_runner.js:159546:81\n    at tryCatcher (https://www.astrology.com/__cypress/runner/cypress_runner.js:13196:23)\n    at https://www.astrology.com/__cypress/runner/cypress_runner.js:8318:41\n    at tryCatcher (https://www.astrology.com/__cypress/runner/cypress_runner.js:13196:23)\n    at Promise._settlePromiseFromHandler (https://www.astrology.com/__cypress/runner/cypress_runner.js:11131:31)\n    at Promise._settlePromise (https://www.astrology.com/__cypress/runner/cypress_runner.js:11188:18)\n    at Promise._settlePromise0 (https://www.astrology.com/__cypress/runner/cypress_runner.js:11233:10)\n    at Promise._settlePromises (https://www.astrology.com/__cypress/runner/cypress_runner.js:11309:18)\n    at _drainQueueStep (https://www.astrology.com/__cypress/runner/cypress_runner.js:7903:12)\n    at _drainQueue (https://www.astrology.com/__cypress/runner/cypress_runner.js:7896:9)\n    at Async.../../node_modules/bluebird/js/release/async.js.Async._drainQueues (https://www.astrology.com/__cypress/runner/cypress_runner.js:7912:5)\n    at Async.drainQueues (https://www.astrology.com/__cypress/runner/cypress_runner.js:7782:14)",
                "diff": null
              },
              "uuid": "5b571fac-79cc-4326-bd15-1dbbfe2c4c08",
              "parentUUID": "8a2b1da2-fc46-4840-91ea-70c2844b0ffb",
              "isHook": false,
              "skipped": false
            }
          ],
          "suites": [],
          "passes": [
            "14d2b7c0-98c9-4d6e-b98f-bb5b613dec0e"
          ],
          "failures": [
            "5b571fac-79cc-4326-bd15-1dbbfe2c4c08"
          ],
          "pending": [],
          "skipped": [],
          "duration": 126916,
          "root": false,
          "rootEmpty": false,
          "_timeout": 2000
        }
      ],
      "passes": [],
      "failures": [],
      "pending": [],
      "skipped": [],
      "duration": 0,
      "root": true,
      "rootEmpty": true,
      "_timeout": 2000
    }
  ],
  "meta": {
    "mocha": {
      "version": "7.0.1"
    },
    "mochawesome": {
      "options": {
        "quiet": false,
        "reportFilename": "mochawesome",
        "saveHtml": false,
        "saveJson": true,
        "consoleReporter": "spec",
        "useInlineDiffs": false,
        "code": true
      },
      "version": "7.0.1"
    },
    "marge": {
      "options": {
        "id": "default",
        "reportDir": "cypress/reports/mocha",
        "quite": true,
        "overwrite": false,
        "html": false,
        "json": true
      },
      "version": "6.0.1"
    }
  }
}