{
  "stats": {
    "suites": 1,
    "tests": 1,
    "passes": 1,
    "pending": 0,
    "failures": 0,
    "start": "2022-01-31T16:04:07.726Z",
    "end": "2022-01-31T16:06:38.743Z",
    "duration": 151017,
    "testsRegistered": 1,
    "passPercent": 100,
    "pendingPercent": 0,
    "other": 0,
    "hasOther": false,
    "skipped": 0,
    "hasSkipped": false
  },
  "results": [
    {
      "uuid": "b33a0c3b-4140-4f16-84ea-a4b4e29c4178",
      "title": "",
      "fullFile": "cypress/integration/AstrologyPageRequests/TCAR01_HoroscopePageRequests.spec.js",
      "file": "cypress/integration/AstrologyPageRequests/TCAR01_HoroscopePageRequests.spec.js",
      "beforeHooks": [],
      "afterHooks": [],
      "tests": [],
      "suites": [
        {
          "uuid": "ae332bc3-b121-41e6-890c-5428107d33ac",
          "title": "Astrology page links requests",
          "fullFile": "",
          "file": "",
          "beforeHooks": [],
          "afterHooks": [],
          "tests": [
            {
              "title": "Horoscope pages requests",
              "fullTitle": "Astrology page links requests Horoscope pages requests",
              "timedOut": null,
              "duration": 150779,
              "state": "passed",
              "speed": "slow",
              "pass": true,
              "fail": false,
              "pending": false,
              "context": null,
              "code": "astrologyHoroscopePages.assertHoroscopePagesReq();",
              "err": {},
              "uuid": "353a0dcb-141e-4b13-8e23-8a1180642b87",
              "parentUUID": "ae332bc3-b121-41e6-890c-5428107d33ac",
              "isHook": false,
              "skipped": false
            }
          ],
          "suites": [],
          "passes": [
            "353a0dcb-141e-4b13-8e23-8a1180642b87"
          ],
          "failures": [],
          "pending": [],
          "skipped": [],
          "duration": 150779,
          "root": false,
          "rootEmpty": false,
          "_timeout": 2000
        }
      ],
      "passes": [],
      "failures": [],
      "pending": [],
      "skipped": [],
      "duration": 0,
      "root": true,
      "rootEmpty": true,
      "_timeout": 2000
    }
  ],
  "meta": {
    "mocha": {
      "version": "7.0.1"
    },
    "mochawesome": {
      "options": {
        "quiet": false,
        "reportFilename": "mochawesome",
        "saveHtml": false,
        "saveJson": true,
        "consoleReporter": "spec",
        "useInlineDiffs": false,
        "code": true
      },
      "version": "7.0.1"
    },
    "marge": {
      "options": {
        "id": "default",
        "reportDir": "cypress/reports/mocha",
        "quite": true,
        "overwrite": false,
        "html": false,
        "json": true
      },
      "version": "6.0.1"
    }
  }
}