{
  "stats": {
    "suites": 1,
    "tests": 1,
    "passes": 0,
    "pending": 0,
    "failures": 1,
    "start": "2021-12-17T20:54:19.876Z",
    "end": "2021-12-17T20:55:45.188Z",
    "duration": 85312,
    "testsRegistered": 1,
    "passPercent": 0,
    "pendingPercent": 0,
    "other": 0,
    "hasOther": false,
    "skipped": 0,
    "hasSkipped": false
  },
  "results": [
    {
      "uuid": "3f302c7d-8db5-4378-9a3c-71805808bf1c",
      "title": "",
      "fullFile": "cypress/integration/TCA07_ShopPageNavigation.spec.js",
      "file": "cypress/integration/TCA07_ShopPageNavigation.spec.js",
      "beforeHooks": [],
      "afterHooks": [],
      "tests": [],
      "suites": [
        {
          "uuid": "ed3c218a-a0f5-43db-a6ee-450ed8c4ec75",
          "title": "Confirm Shop Page Navigation",
          "fullFile": "",
          "file": "",
          "beforeHooks": [],
          "afterHooks": [],
          "tests": [
            {
              "title": "Confirm Products Prices in Shop Main page",
              "fullTitle": "Confirm Shop Page Navigation Confirm Products Prices in Shop Main page",
              "timedOut": null,
              "duration": 83747,
              "state": "failed",
              "speed": null,
              "pass": false,
              "fail": true,
              "pending": false,
              "context": "{\n  \"title\": \"cypress-mochawesome-reporter-screenshots\",\n  \"value\": [\n    [\n      {\n        \"title\": \"Failed screenshot\",\n        \"value\": \"/TCA07_ShopPageNavigation.spec.js/Confirm Shop Page Navigation -- Confirm Products Prices in Shop Main page (failed).png\"\n      }\n    ]\n  ]\n}",
              "code": "shopPage.productsPricesVerification();",
              "err": {
                "message": "AssertionError: Timed out retrying after 80000ms: Expected to find element: `.post-195537 bdi`, but never found it.",
                "estack": "AssertionError: Timed out retrying after 80000ms: Expected to find element: `.post-195537 bdi`, but never found it.\n    at Context.eval (https://shop.astrology.com/__cypress/tests?p=cypress/integration/TCA07_ShopPageNavigation.spec.js:196:64)",
                "diff": null
              },
              "uuid": "c8d84b2e-0e1d-4cca-b4c5-6054992dfb2e",
              "parentUUID": "ed3c218a-a0f5-43db-a6ee-450ed8c4ec75",
              "isHook": false,
              "skipped": false
            }
          ],
          "suites": [],
          "passes": [],
          "failures": [
            "c8d84b2e-0e1d-4cca-b4c5-6054992dfb2e"
          ],
          "pending": [],
          "skipped": [],
          "duration": 83747,
          "root": false,
          "rootEmpty": false,
          "_timeout": 2000
        }
      ],
      "passes": [],
      "failures": [],
      "pending": [],
      "skipped": [],
      "duration": 0,
      "root": true,
      "rootEmpty": true,
      "_timeout": 2000
    }
  ],
  "meta": {
    "mocha": {
      "version": "7.0.1"
    },
    "mochawesome": {
      "options": {
        "quiet": false,
        "reportFilename": "mochawesome",
        "saveHtml": false,
        "saveJson": true,
        "consoleReporter": "spec",
        "useInlineDiffs": false,
        "code": true
      },
      "version": "7.0.1"
    },
    "marge": {
      "options": {
        "id": "default",
        "reportDir": "cypress/reports/mocha",
        "quite": true,
        "overwrite": false,
        "html": false,
        "json": true
      },
      "version": "6.0.1"
    }
  }
}