{
  "stats": {
    "suites": 1,
    "tests": 4,
    "passes": 4,
    "pending": 0,
    "failures": 0,
    "start": "2022-01-31T16:27:24.208Z",
    "end": "2022-01-31T16:29:19.079Z",
    "duration": 114871,
    "testsRegistered": 4,
    "passPercent": 100,
    "pendingPercent": 0,
    "other": 0,
    "hasOther": false,
    "skipped": 0,
    "hasSkipped": false
  },
  "results": [
    {
      "uuid": "f0cd0f87-f5f8-4b12-a696-fc0b2ec96b54",
      "title": "",
      "fullFile": "cypress/integration/TCA05_CompatibilityPageNavigation.spec.js",
      "file": "cypress/integration/TCA05_CompatibilityPageNavigation.spec.js",
      "beforeHooks": [],
      "afterHooks": [],
      "tests": [],
      "suites": [
        {
          "uuid": "4aaaf6ea-49ca-44c5-b0dd-f7474c510238",
          "title": "Confirm Compatibility Page Navigation",
          "fullFile": "",
          "file": "",
          "beforeHooks": [],
          "afterHooks": [],
          "tests": [
            {
              "title": "Confirm Comp Main Widgets",
              "fullTitle": "Confirm Compatibility Page Navigation Confirm Comp Main Widgets",
              "timedOut": null,
              "duration": 3490,
              "state": "passed",
              "speed": "fast",
              "pass": true,
              "fail": false,
              "pending": false,
              "context": null,
              "code": "compatibilityPage.CompatibilityWidgetsVerification();",
              "err": {},
              "uuid": "7866e4c4-e50f-45dd-acf0-87914b146c66",
              "parentUUID": "4aaaf6ea-49ca-44c5-b0dd-f7474c510238",
              "isHook": false,
              "skipped": false
            },
            {
              "title": "Personality Traits Verification",
              "fullTitle": "Confirm Compatibility Page Navigation Personality Traits Verification",
              "timedOut": null,
              "duration": 1879,
              "state": "passed",
              "speed": "fast",
              "pass": true,
              "fail": false,
              "pending": false,
              "context": null,
              "code": "compatibilityPage.PersonalityTraitsVerification();",
              "err": {},
              "uuid": "17355803-fc6b-4da1-ac4d-3b6beea1772f",
              "parentUUID": "4aaaf6ea-49ca-44c5-b0dd-f7474c510238",
              "isHook": false,
              "skipped": false
            },
            {
              "title": "Games carousel Verification",
              "fullTitle": "Confirm Compatibility Page Navigation Games carousel Verification",
              "timedOut": null,
              "duration": 44046,
              "state": "passed",
              "speed": "slow",
              "pass": true,
              "fail": false,
              "pending": false,
              "context": null,
              "code": "compatibilityPage.GamesCarouselFunctionality();",
              "err": {},
              "uuid": "7dfc942e-3ded-4296-841d-8aaddf92c5a6",
              "parentUUID": "4aaaf6ea-49ca-44c5-b0dd-f7474c510238",
              "isHook": false,
              "skipped": false
            },
            {
              "title": "Recommended Reports Slider",
              "fullTitle": "Confirm Compatibility Page Navigation Recommended Reports Slider",
              "timedOut": null,
              "duration": 64528,
              "state": "passed",
              "speed": "slow",
              "pass": true,
              "fail": false,
              "pending": false,
              "context": null,
              "code": "compatibilityPage.RecommendedReportsSlides();",
              "err": {},
              "uuid": "82b9ebef-1562-4288-984f-15a03aeedbfa",
              "parentUUID": "4aaaf6ea-49ca-44c5-b0dd-f7474c510238",
              "isHook": false,
              "skipped": false
            }
          ],
          "suites": [],
          "passes": [
            "7866e4c4-e50f-45dd-acf0-87914b146c66",
            "17355803-fc6b-4da1-ac4d-3b6beea1772f",
            "7dfc942e-3ded-4296-841d-8aaddf92c5a6",
            "82b9ebef-1562-4288-984f-15a03aeedbfa"
          ],
          "failures": [],
          "pending": [],
          "skipped": [],
          "duration": 113943,
          "root": false,
          "rootEmpty": false,
          "_timeout": 2000
        }
      ],
      "passes": [],
      "failures": [],
      "pending": [],
      "skipped": [],
      "duration": 0,
      "root": true,
      "rootEmpty": true,
      "_timeout": 2000
    }
  ],
  "meta": {
    "mocha": {
      "version": "7.0.1"
    },
    "mochawesome": {
      "options": {
        "quiet": false,
        "reportFilename": "mochawesome",
        "saveHtml": false,
        "saveJson": true,
        "consoleReporter": "spec",
        "useInlineDiffs": false,
        "code": true
      },
      "version": "7.0.1"
    },
    "marge": {
      "options": {
        "id": "default",
        "reportDir": "cypress/reports/mocha",
        "quite": true,
        "overwrite": false,
        "html": false,
        "json": true
      },
      "version": "6.0.1"
    }
  }
}