{
  "stats": {
    "suites": 1,
    "tests": 1,
    "passes": 0,
    "pending": 0,
    "failures": 1,
    "start": "2021-12-15T17:42:58.192Z",
    "end": "2021-12-15T17:45:39.647Z",
    "duration": 161455,
    "testsRegistered": 9,
    "passPercent": 0,
    "pendingPercent": 0,
    "other": 0,
    "hasOther": false,
    "skipped": 8,
    "hasSkipped": true
  },
  "results": [
    {
      "uuid": "ebfffe43-e158-4359-877c-c7f6b820738e",
      "title": "",
      "fullFile": "cypress/integration/TCA01_HomepageNavigation.spec.js",
      "file": "cypress/integration/TCA01_HomepageNavigation.spec.js",
      "beforeHooks": [],
      "afterHooks": [],
      "tests": [],
      "suites": [
        {
          "uuid": "aba54893-0d7b-4a7e-b3cc-56e0c9606f58",
          "title": "astroHomepageNav",
          "fullFile": "",
          "file": "",
          "beforeHooks": [],
          "afterHooks": [],
          "tests": [
            {
              "title": "Open a.com homepage and confirm main elements",
              "fullTitle": "astroHomepageNav Open a.com homepage and confirm main elements",
              "timedOut": null,
              "duration": 146855,
              "state": "failed",
              "speed": null,
              "pass": false,
              "fail": true,
              "pending": false,
              "context": "{\n  \"title\": \"cypress-mochawesome-reporter-screenshots\",\n  \"value\": [\n    [\n      {\n        \"title\": \"Failed screenshot\",\n        \"value\": \"/TCA01_HomepageNavigation.spec.js/astroHomepageNav -- Open a.com homepage and confirm main elements -- before each hook (failed).png\"\n      }\n    ]\n  ]\n}",
              "code": "homepage.confirmMainElements();",
              "err": {
                "message": "CypressError: Timed out after waiting `120000ms` for your remote page to load.\n\nYour page did not fire its `load` event within `120000ms`.\n\nYou can try increasing the `pageLoadTimeout` value in `cypress.json` to wait longer.\n\nBrowsers will not fire the `load` event until all stylesheets and scripts are done downloading.\n\nWhen this `load` event occurs, Cypress will continue running commands.\n\nBecause this error occurred during a `before each` hook we are skipping the remaining tests in the current suite: `astroHomepageNav`",
                "estack": "CypressError: Timed out after waiting `120000ms` for your remote page to load.\n\nYour page did not fire its `load` event within `120000ms`.\n\nYou can try increasing the `pageLoadTimeout` value in `cypress.json` to wait longer.\n\nBrowsers will not fire the `load` event until all stylesheets and scripts are done downloading.\n\nWhen this `load` event occurs, Cypress will continue running commands.\n\nBecause this error occurred during a `before each` hook we are skipping the remaining tests in the current suite: `astroHomepageNav`\n    at timedOutWaitingForPageLoad (https://www.astrology.com/__cypress/runner/cypress_runner.js:157134:72)\n    at https://www.astrology.com/__cypress/runner/cypress_runner.js:158177:16\n    at tryCatcher (https://www.astrology.com/__cypress/runner/cypress_runner.js:13196:23)\n    at https://www.astrology.com/__cypress/runner/cypress_runner.js:8318:41\n    at tryCatcher (https://www.astrology.com/__cypress/runner/cypress_runner.js:13196:23)\n    at Promise._settlePromiseFromHandler (https://www.astrology.com/__cypress/runner/cypress_runner.js:11131:31)\n    at Promise._settlePromise (https://www.astrology.com/__cypress/runner/cypress_runner.js:11188:18)\n    at Promise._settlePromise0 (https://www.astrology.com/__cypress/runner/cypress_runner.js:11233:10)\n    at Promise._settlePromises (https://www.astrology.com/__cypress/runner/cypress_runner.js:11309:18)\n    at _drainQueueStep (https://www.astrology.com/__cypress/runner/cypress_runner.js:7903:12)\n    at _drainQueue (https://www.astrology.com/__cypress/runner/cypress_runner.js:7896:9)\n    at Async.../../node_modules/bluebird/js/release/async.js.Async._drainQueues (https://www.astrology.com/__cypress/runner/cypress_runner.js:7912:5)\n    at Async.drainQueues (https://www.astrology.com/__cypress/runner/cypress_runner.js:7782:14)\nFrom Your Spec Code:\n    at Homepage.visitHomepage (https://www.astrology.com/__cypress/tests?p=cypress/integration/TCA01_HomepageNavigation.spec.js:184:8)\n    at Context.eval (https://www.astrology.com/__cypress/tests?p=cypress/integration/TCA01_HomepageNavigation.spec.js:125:14)",
                "diff": null
              },
              "uuid": "a5fe73cc-df13-4109-b0a7-c0ec7951636b",
              "parentUUID": "aba54893-0d7b-4a7e-b3cc-56e0c9606f58",
              "isHook": false,
              "skipped": false
            },
            {
              "title": "Confirm all sign icons are loading correctly",
              "fullTitle": "astroHomepageNav Confirm all sign icons are loading correctly",
              "timedOut": null,
              "duration": 0,
              "state": "skipped",
              "speed": null,
              "pass": false,
              "fail": false,
              "pending": false,
              "context": null,
              "code": "homepage.signIconsConfirmation();",
              "err": {},
              "uuid": "5c71d7c1-1fe9-4285-8509-574708ca74f1",
              "parentUUID": "aba54893-0d7b-4a7e-b3cc-56e0c9606f58",
              "isHook": false,
              "skipped": true
            },
            {
              "title": "Confirm all images from Horoscope section are visible",
              "fullTitle": "astroHomepageNav Confirm all images from Horoscope section are visible",
              "timedOut": null,
              "duration": 0,
              "state": "skipped",
              "speed": null,
              "pass": false,
              "fail": false,
              "pending": false,
              "context": null,
              "code": "homepage.horoscopeSectionImages();",
              "err": {},
              "uuid": "7252ea06-0510-4816-9138-64eeed3705f0",
              "parentUUID": "aba54893-0d7b-4a7e-b3cc-56e0c9606f58",
              "isHook": false,
              "skipped": true
            },
            {
              "title": "verify Horoscope section images",
              "fullTitle": "astroHomepageNav verify Horoscope section images",
              "timedOut": null,
              "duration": 0,
              "state": "skipped",
              "speed": null,
              "pass": false,
              "fail": false,
              "pending": false,
              "context": null,
              "code": "homepage.horoscopeImagesIcons();",
              "err": {},
              "uuid": "6bea38ce-9386-4dc7-b1db-d91b6938a519",
              "parentUUID": "aba54893-0d7b-4a7e-b3cc-56e0c9606f58",
              "isHook": false,
              "skipped": true
            },
            {
              "title": "verify Learn section images",
              "fullTitle": "astroHomepageNav verify Learn section images",
              "timedOut": null,
              "duration": 0,
              "state": "skipped",
              "speed": null,
              "pass": false,
              "fail": false,
              "pending": false,
              "context": null,
              "code": "homepage.learnSectionImages();",
              "err": {},
              "uuid": "6c726957-0ebd-4e58-865d-0aeef5a48d6c",
              "parentUUID": "aba54893-0d7b-4a7e-b3cc-56e0c9606f58",
              "isHook": false,
              "skipped": true
            },
            {
              "title": "verify Tarot section elements",
              "fullTitle": "astroHomepageNav verify Tarot section elements",
              "timedOut": null,
              "duration": 0,
              "state": "skipped",
              "speed": null,
              "pass": false,
              "fail": false,
              "pending": false,
              "context": null,
              "code": "homepage.confirmTarotSectionElements();",
              "err": {},
              "uuid": "e3b40cad-a70f-47e1-8027-a83e27ed92b8",
              "parentUUID": "aba54893-0d7b-4a7e-b3cc-56e0c9606f58",
              "isHook": false,
              "skipped": true
            },
            {
              "title": "verify Shop section elements",
              "fullTitle": "astroHomepageNav verify Shop section elements",
              "timedOut": null,
              "duration": 0,
              "state": "skipped",
              "speed": null,
              "pass": false,
              "fail": false,
              "pending": false,
              "context": null,
              "code": "homepage.confirmShopSectionElements();",
              "err": {},
              "uuid": "fa6e351d-8321-411f-98bc-6ff84b8f5887",
              "parentUUID": "aba54893-0d7b-4a7e-b3cc-56e0c9606f58",
              "isHook": false,
              "skipped": true
            },
            {
              "title": "verify Compatibility section elements",
              "fullTitle": "astroHomepageNav verify Compatibility section elements",
              "timedOut": null,
              "duration": 0,
              "state": "skipped",
              "speed": null,
              "pass": false,
              "fail": false,
              "pending": false,
              "context": null,
              "code": "homepage.confirmCompatibilitySectionElements();",
              "err": {},
              "uuid": "0775827a-0f3a-4c1d-95f1-6a7eddc097de",
              "parentUUID": "aba54893-0d7b-4a7e-b3cc-56e0c9606f58",
              "isHook": false,
              "skipped": true
            },
            {
              "title": "Confirm miscellaneous elements",
              "fullTitle": "astroHomepageNav Confirm miscellaneous elements",
              "timedOut": null,
              "duration": 0,
              "state": "skipped",
              "speed": null,
              "pass": false,
              "fail": false,
              "pending": false,
              "context": null,
              "code": "homepage.confirmMiscElements;",
              "err": {},
              "uuid": "c1ce9d0b-1479-4a34-8af9-4175f51b037e",
              "parentUUID": "aba54893-0d7b-4a7e-b3cc-56e0c9606f58",
              "isHook": false,
              "skipped": true
            }
          ],
          "suites": [],
          "passes": [],
          "failures": [
            "a5fe73cc-df13-4109-b0a7-c0ec7951636b"
          ],
          "pending": [],
          "skipped": [
            "5c71d7c1-1fe9-4285-8509-574708ca74f1",
            "7252ea06-0510-4816-9138-64eeed3705f0",
            "6bea38ce-9386-4dc7-b1db-d91b6938a519",
            "6c726957-0ebd-4e58-865d-0aeef5a48d6c",
            "e3b40cad-a70f-47e1-8027-a83e27ed92b8",
            "fa6e351d-8321-411f-98bc-6ff84b8f5887",
            "0775827a-0f3a-4c1d-95f1-6a7eddc097de",
            "c1ce9d0b-1479-4a34-8af9-4175f51b037e"
          ],
          "duration": 146855,
          "root": false,
          "rootEmpty": false,
          "_timeout": 2000
        }
      ],
      "passes": [],
      "failures": [],
      "pending": [],
      "skipped": [],
      "duration": 0,
      "root": true,
      "rootEmpty": true,
      "_timeout": 2000
    }
  ],
  "meta": {
    "mocha": {
      "version": "7.0.1"
    },
    "mochawesome": {
      "options": {
        "quiet": false,
        "reportFilename": "mochawesome",
        "saveHtml": false,
        "saveJson": true,
        "consoleReporter": "spec",
        "useInlineDiffs": false,
        "code": true
      },
      "version": "7.0.1"
    },
    "marge": {
      "options": {
        "id": "default",
        "reportDir": "cypress/reports/mocha",
        "quite": true,
        "overwrite": false,
        "html": false,
        "json": true
      },
      "version": "6.0.1"
    }
  }
}