{
  "stats": {
    "suites": 1,
    "tests": 1,
    "passes": 0,
    "pending": 0,
    "failures": 1,
    "start": "2022-01-31T16:42:09.717Z",
    "end": "2022-01-31T16:43:36.796Z",
    "duration": 87079,
    "testsRegistered": 1,
    "passPercent": 0,
    "pendingPercent": 0,
    "other": 0,
    "hasOther": false,
    "skipped": 0,
    "hasSkipped": false
  },
  "results": [
    {
      "uuid": "7e453684-55d4-4505-9967-46dbb536b235",
      "title": "",
      "fullFile": "cypress/integration/TCA10_YearlyHomePageNavigation.spec.js",
      "file": "cypress/integration/TCA10_YearlyHomePageNavigation.spec.js",
      "beforeHooks": [],
      "afterHooks": [],
      "tests": [],
      "suites": [
        {
          "uuid": "d07dc9cb-bbdc-4f77-9f60-1aca5510c5be",
          "title": "Monthly Homepage Navigation elements",
          "fullFile": "",
          "file": "",
          "beforeHooks": [],
          "afterHooks": [],
          "tests": [
            {
              "title": "Confirm extra elments, reports and Link list",
              "fullTitle": "Monthly Homepage Navigation elements Confirm extra elments, reports and Link list",
              "timedOut": null,
              "duration": 86956,
              "state": "failed",
              "speed": null,
              "pass": false,
              "fail": true,
              "pending": false,
              "context": "{\n  \"title\": \"cypress-mochawesome-reporter-screenshots\",\n  \"value\": [\n    [\n      {\n        \"title\": \"Failed screenshot\",\n        \"value\": \"/TCA10_YearlyHomePageNavigation.spec.js/Monthly Homepage Navigation elements -- Confirm extra elments, reports and Link list (failed).png\"\n      }\n    ]\n  ]\n}",
              "code": "yearlyHomepage.verifyReportsImagesandLinksList();",
              "err": {
                "message": "AssertionError: Timed out retrying after 80000ms: expected '<div#d_flexrec_t_sky_m_none_1>' to be 'visible'\n\nThis element `<div#d_flexrec_t_sky_m_none_1>` is not visible because it has an effective width and height of: `299 x 0` pixels.",
                "estack": "AssertionError: Timed out retrying after 80000ms: expected '<div#d_flexrec_t_sky_m_none_1>' to be 'visible'\n\nThis element `<div#d_flexrec_t_sky_m_none_1>` is not visible because it has an effective width and height of: `299 x 0` pixels.\n    at YearlyHomePage.verifyReportsImagesandLinksList (https://www.astrology.com/__cypress/tests?p=cypress/integration/TCA10_YearlyHomePageNavigation.spec.js:223:53)\n    at Context.eval (https://www.astrology.com/__cypress/tests?p=cypress/integration/TCA10_YearlyHomePageNavigation.spec.js:137:20)",
                "diff": null
              },
              "uuid": "f1116d0c-0ac0-4254-88f7-78c43683201a",
              "parentUUID": "d07dc9cb-bbdc-4f77-9f60-1aca5510c5be",
              "isHook": false,
              "skipped": false
            }
          ],
          "suites": [],
          "passes": [],
          "failures": [
            "f1116d0c-0ac0-4254-88f7-78c43683201a"
          ],
          "pending": [],
          "skipped": [],
          "duration": 86956,
          "root": false,
          "rootEmpty": false,
          "_timeout": 2000
        }
      ],
      "passes": [],
      "failures": [],
      "pending": [],
      "skipped": [],
      "duration": 0,
      "root": true,
      "rootEmpty": true,
      "_timeout": 2000
    }
  ],
  "meta": {
    "mocha": {
      "version": "7.0.1"
    },
    "mochawesome": {
      "options": {
        "quiet": false,
        "reportFilename": "mochawesome",
        "saveHtml": false,
        "saveJson": true,
        "consoleReporter": "spec",
        "useInlineDiffs": false,
        "code": true
      },
      "version": "7.0.1"
    },
    "marge": {
      "options": {
        "id": "default",
        "reportDir": "cypress/reports/mocha",
        "quite": true,
        "overwrite": false,
        "html": false,
        "json": true
      },
      "version": "6.0.1"
    }
  }
}