{
  "stats": {
    "suites": 1,
    "tests": 1,
    "passes": 0,
    "pending": 0,
    "failures": 1,
    "start": "2021-12-22T18:18:59.627Z",
    "end": "2021-12-22T18:22:22.454Z",
    "duration": 202827,
    "testsRegistered": 2,
    "passPercent": 0,
    "pendingPercent": 0,
    "other": 0,
    "hasOther": false,
    "skipped": 1,
    "hasSkipped": true
  },
  "results": [
    {
      "uuid": "762c2b1c-3c39-4e8c-8376-39657e1a04e9",
      "title": "",
      "fullFile": "cypress/integration/TCA03_HoroDailyPageNav.spec.js",
      "file": "cypress/integration/TCA03_HoroDailyPageNav.spec.js",
      "beforeHooks": [],
      "afterHooks": [],
      "tests": [],
      "suites": [
        {
          "uuid": "50928e64-b5d0-4ec6-b674-0e08a4f899d5",
          "title": "dailyHoroyNav",
          "fullFile": "",
          "file": "",
          "beforeHooks": [],
          "afterHooks": [],
          "tests": [
            {
              "title": "Confirm all sign icons are loading correctly",
              "fullTitle": "dailyHoroyNav Confirm all sign icons are loading correctly",
              "timedOut": null,
              "duration": 190604,
              "state": "failed",
              "speed": null,
              "pass": false,
              "fail": true,
              "pending": false,
              "context": "{\n  \"title\": \"cypress-mochawesome-reporter-screenshots\",\n  \"value\": [\n    [\n      {\n        \"title\": \"Failed screenshot\",\n        \"value\": \"/TCA03_HoroDailyPageNav.spec.js/dailyHoroyNav -- Confirm all sign icons are loading correctly -- before each hook (failed).png\"\n      }\n    ]\n  ]\n}",
              "code": "homepage.signIconsConfirmation();",
              "err": {
                "message": "CypressError: Timed out after waiting `180000ms` for your remote page to load.\n\nYour page did not fire its `load` event within `180000ms`.\n\nYou can try increasing the `pageLoadTimeout` value in `cypress.json` to wait longer.\n\nBrowsers will not fire the `load` event until all stylesheets and scripts are done downloading.\n\nWhen this `load` event occurs, Cypress will continue running commands.\n\nBecause this error occurred during a `before each` hook we are skipping the remaining tests in the current suite: `dailyHoroyNav`",
                "estack": "CypressError: Timed out after waiting `180000ms` for your remote page to load.\n\nYour page did not fire its `load` event within `180000ms`.\n\nYou can try increasing the `pageLoadTimeout` value in `cypress.json` to wait longer.\n\nBrowsers will not fire the `load` event until all stylesheets and scripts are done downloading.\n\nWhen this `load` event occurs, Cypress will continue running commands.\n\nBecause this error occurred during a `before each` hook we are skipping the remaining tests in the current suite: `dailyHoroyNav`\n    at timedOutWaitingForPageLoad (https://www.astrology.com/__cypress/runner/cypress_runner.js:157134:72)\n    at https://www.astrology.com/__cypress/runner/cypress_runner.js:158177:16\n    at tryCatcher (https://www.astrology.com/__cypress/runner/cypress_runner.js:13196:23)\n    at https://www.astrology.com/__cypress/runner/cypress_runner.js:8318:41\n    at tryCatcher (https://www.astrology.com/__cypress/runner/cypress_runner.js:13196:23)\n    at Promise._settlePromiseFromHandler (https://www.astrology.com/__cypress/runner/cypress_runner.js:11131:31)\n    at Promise._settlePromise (https://www.astrology.com/__cypress/runner/cypress_runner.js:11188:18)\n    at Promise._settlePromise0 (https://www.astrology.com/__cypress/runner/cypress_runner.js:11233:10)\n    at Promise._settlePromises (https://www.astrology.com/__cypress/runner/cypress_runner.js:11309:18)\n    at _drainQueueStep (https://www.astrology.com/__cypress/runner/cypress_runner.js:7903:12)\n    at _drainQueue (https://www.astrology.com/__cypress/runner/cypress_runner.js:7896:9)\n    at Async.../../node_modules/bluebird/js/release/async.js.Async._drainQueues (https://www.astrology.com/__cypress/runner/cypress_runner.js:7912:5)\n    at Async.drainQueues (https://www.astrology.com/__cypress/runner/cypress_runner.js:7782:14)\nFrom Your Spec Code:\n    at HoroscopesDailyPage.visitHoroscopesDaily (https://www.astrology.com/__cypress/tests?p=cypress/integration/TCA03_HoroDailyPageNav.spec.js:452:8)\n    at Context.eval (https://www.astrology.com/__cypress/tests?p=cypress/integration/TCA03_HoroDailyPageNav.spec.js:128:21)",
                "diff": null
              },
              "uuid": "a6a86b52-b6d5-48a3-b1c8-6fcf17b6dcae",
              "parentUUID": "50928e64-b5d0-4ec6-b674-0e08a4f899d5",
              "isHook": false,
              "skipped": false
            },
            {
              "title": "Open daily page and confirm main elements",
              "fullTitle": "dailyHoroyNav Open daily page and confirm main elements",
              "timedOut": null,
              "duration": 0,
              "state": "skipped",
              "speed": null,
              "pass": false,
              "fail": false,
              "pending": false,
              "context": null,
              "code": "horoscopesDaily.theSkyToday();",
              "err": {},
              "uuid": "3879b35b-f3d1-470d-b012-090bcc9903b4",
              "parentUUID": "50928e64-b5d0-4ec6-b674-0e08a4f899d5",
              "isHook": false,
              "skipped": true
            }
          ],
          "suites": [],
          "passes": [],
          "failures": [
            "a6a86b52-b6d5-48a3-b1c8-6fcf17b6dcae"
          ],
          "pending": [],
          "skipped": [
            "3879b35b-f3d1-470d-b012-090bcc9903b4"
          ],
          "duration": 190604,
          "root": false,
          "rootEmpty": false,
          "_timeout": 2000
        }
      ],
      "passes": [],
      "failures": [],
      "pending": [],
      "skipped": [],
      "duration": 0,
      "root": true,
      "rootEmpty": true,
      "_timeout": 2000
    }
  ],
  "meta": {
    "mocha": {
      "version": "7.0.1"
    },
    "mochawesome": {
      "options": {
        "quiet": false,
        "reportFilename": "mochawesome",
        "saveHtml": false,
        "saveJson": true,
        "consoleReporter": "spec",
        "useInlineDiffs": false,
        "code": true
      },
      "version": "7.0.1"
    },
    "marge": {
      "options": {
        "id": "default",
        "reportDir": "cypress/reports/mocha",
        "quite": true,
        "overwrite": false,
        "html": false,
        "json": true
      },
      "version": "6.0.1"
    }
  }
}