{
  "stats": {
    "suites": 1,
    "tests": 4,
    "passes": 4,
    "pending": 0,
    "failures": 0,
    "start": "2021-12-22T18:25:35.746Z",
    "end": "2021-12-22T18:29:48.313Z",
    "duration": 252567,
    "testsRegistered": 4,
    "passPercent": 100,
    "pendingPercent": 0,
    "other": 0,
    "hasOther": false,
    "skipped": 0,
    "hasSkipped": false
  },
  "results": [
    {
      "uuid": "efffc6d8-d4b9-4c8f-94b9-7ed312ffe078",
      "title": "",
      "fullFile": "cypress/integration/TCA05_CompatibilityPageNavigation.spec.js",
      "file": "cypress/integration/TCA05_CompatibilityPageNavigation.spec.js",
      "beforeHooks": [],
      "afterHooks": [],
      "tests": [],
      "suites": [
        {
          "uuid": "77d6238d-f22e-42c2-abd6-ca93268cd7a2",
          "title": "Confirm Compatibility Page Navigation",
          "fullFile": "",
          "file": "",
          "beforeHooks": [],
          "afterHooks": [],
          "tests": [
            {
              "title": "Confirm Comp Main Widgets",
              "fullTitle": "Confirm Compatibility Page Navigation Confirm Comp Main Widgets",
              "timedOut": null,
              "duration": 2544,
              "state": "passed",
              "speed": "fast",
              "pass": true,
              "fail": false,
              "pending": false,
              "context": null,
              "code": "compatibilityPage.CompatibilityWidgetsVerification();",
              "err": {},
              "uuid": "d4d49acb-18d8-45e2-8a9a-7f16939e8f93",
              "parentUUID": "77d6238d-f22e-42c2-abd6-ca93268cd7a2",
              "isHook": false,
              "skipped": false
            },
            {
              "title": "Personality Traits Verification",
              "fullTitle": "Confirm Compatibility Page Navigation Personality Traits Verification",
              "timedOut": null,
              "duration": 2123,
              "state": "passed",
              "speed": "fast",
              "pass": true,
              "fail": false,
              "pending": false,
              "context": null,
              "code": "compatibilityPage.PersonalityTraitsVerification();",
              "err": {},
              "uuid": "9621ec5d-1883-4ff8-913b-4cca66114804",
              "parentUUID": "77d6238d-f22e-42c2-abd6-ca93268cd7a2",
              "isHook": false,
              "skipped": false
            },
            {
              "title": "Games carousel Verification",
              "fullTitle": "Confirm Compatibility Page Navigation Games carousel Verification",
              "timedOut": null,
              "duration": 55705,
              "state": "passed",
              "speed": "slow",
              "pass": true,
              "fail": false,
              "pending": false,
              "context": null,
              "code": "compatibilityPage.GamesCarouselFunctionality();",
              "err": {},
              "uuid": "578b04b6-4bd5-4a18-af53-cebbc4b89d4f",
              "parentUUID": "77d6238d-f22e-42c2-abd6-ca93268cd7a2",
              "isHook": false,
              "skipped": false
            },
            {
              "title": "Recommended Reports Slider",
              "fullTitle": "Confirm Compatibility Page Navigation Recommended Reports Slider",
              "timedOut": null,
              "duration": 190191,
              "state": "passed",
              "speed": "slow",
              "pass": true,
              "fail": false,
              "pending": false,
              "context": null,
              "code": "compatibilityPage.RecommendedReportsSlides();",
              "err": {},
              "uuid": "f6eef07d-181a-4026-8862-f8f635eae2af",
              "parentUUID": "77d6238d-f22e-42c2-abd6-ca93268cd7a2",
              "isHook": false,
              "skipped": false
            }
          ],
          "suites": [],
          "passes": [
            "d4d49acb-18d8-45e2-8a9a-7f16939e8f93",
            "9621ec5d-1883-4ff8-913b-4cca66114804",
            "578b04b6-4bd5-4a18-af53-cebbc4b89d4f",
            "f6eef07d-181a-4026-8862-f8f635eae2af"
          ],
          "failures": [],
          "pending": [],
          "skipped": [],
          "duration": 250563,
          "root": false,
          "rootEmpty": false,
          "_timeout": 2000
        }
      ],
      "passes": [],
      "failures": [],
      "pending": [],
      "skipped": [],
      "duration": 0,
      "root": true,
      "rootEmpty": true,
      "_timeout": 2000
    }
  ],
  "meta": {
    "mocha": {
      "version": "7.0.1"
    },
    "mochawesome": {
      "options": {
        "quiet": false,
        "reportFilename": "mochawesome",
        "saveHtml": false,
        "saveJson": true,
        "consoleReporter": "spec",
        "useInlineDiffs": false,
        "code": true
      },
      "version": "7.0.1"
    },
    "marge": {
      "options": {
        "id": "default",
        "reportDir": "cypress/reports/mocha",
        "quite": true,
        "overwrite": false,
        "html": false,
        "json": true
      },
      "version": "6.0.1"
    }
  }
}