{
  "stats": {
    "suites": 1,
    "tests": 3,
    "passes": 3,
    "pending": 0,
    "failures": 0,
    "start": "2021-12-15T21:27:37.411Z",
    "end": "2021-12-15T21:27:50.046Z",
    "duration": 12635,
    "testsRegistered": 3,
    "passPercent": 100,
    "pendingPercent": 0,
    "other": 0,
    "hasOther": false,
    "skipped": 0,
    "hasSkipped": false
  },
  "results": [
    {
      "uuid": "0fd3a86a-6af2-448b-a80c-41f0c82a3e7f",
      "title": "",
      "fullFile": "cypress/integration/TCA12_ZodiacSignsPageNavigation.spec.js",
      "file": "cypress/integration/TCA12_ZodiacSignsPageNavigation.spec.js",
      "beforeHooks": [],
      "afterHooks": [],
      "tests": [],
      "suites": [
        {
          "uuid": "4bf7c8a6-37e3-4280-b143-dc9f7409ebae",
          "title": "Zodiac Sign Page navigation assertions",
          "fullFile": "",
          "file": "",
          "beforeHooks": [],
          "afterHooks": [],
          "tests": [
            {
              "title": "Assert Zodiac Signs Icons and subtitle text",
              "fullTitle": "Zodiac Sign Page navigation assertions Assert Zodiac Signs Icons and subtitle text",
              "timedOut": null,
              "duration": 4357,
              "state": "passed",
              "speed": "fast",
              "pass": true,
              "fail": false,
              "pending": false,
              "context": null,
              "code": "zodiacSignsPage.verifyChooseYourSignModule();",
              "err": {},
              "uuid": "939fb47c-d11a-46f4-9b38-67c7d43f20f0",
              "parentUUID": "4bf7c8a6-37e3-4280-b143-dc9f7409ebae",
              "isHook": false,
              "skipped": false
            },
            {
              "title": "Assert recommended reports sliders",
              "fullTitle": "Zodiac Sign Page navigation assertions Assert recommended reports sliders",
              "timedOut": null,
              "duration": 3657,
              "state": "passed",
              "speed": "fast",
              "pass": true,
              "fail": false,
              "pending": false,
              "context": null,
              "code": "zodiacSignsPage.verifyRecommendedReportsModule();",
              "err": {},
              "uuid": "fca1fdec-dbab-47da-8044-0c8b0ebb4fa7",
              "parentUUID": "4bf7c8a6-37e3-4280-b143-dc9f7409ebae",
              "isHook": false,
              "skipped": false
            },
            {
              "title": "Verify Popular Widgets",
              "fullTitle": "Zodiac Sign Page navigation assertions Verify Popular Widgets",
              "timedOut": null,
              "duration": 3083,
              "state": "passed",
              "speed": "fast",
              "pass": true,
              "fail": false,
              "pending": false,
              "context": null,
              "code": "zodiacSignsPage.verifyPopularWidgets();",
              "err": {},
              "uuid": "4c5a2029-1ecb-43e4-9a62-d3daa615f6d7",
              "parentUUID": "4bf7c8a6-37e3-4280-b143-dc9f7409ebae",
              "isHook": false,
              "skipped": false
            }
          ],
          "suites": [],
          "passes": [
            "939fb47c-d11a-46f4-9b38-67c7d43f20f0",
            "fca1fdec-dbab-47da-8044-0c8b0ebb4fa7",
            "4c5a2029-1ecb-43e4-9a62-d3daa615f6d7"
          ],
          "failures": [],
          "pending": [],
          "skipped": [],
          "duration": 11097,
          "root": false,
          "rootEmpty": false,
          "_timeout": 2000
        }
      ],
      "passes": [],
      "failures": [],
      "pending": [],
      "skipped": [],
      "duration": 0,
      "root": true,
      "rootEmpty": true,
      "_timeout": 2000
    }
  ],
  "meta": {
    "mocha": {
      "version": "7.0.1"
    },
    "mochawesome": {
      "options": {
        "quiet": false,
        "reportFilename": "mochawesome",
        "saveHtml": false,
        "saveJson": true,
        "consoleReporter": "spec",
        "useInlineDiffs": false,
        "code": true
      },
      "version": "7.0.1"
    },
    "marge": {
      "options": {
        "id": "default",
        "reportDir": "cypress/reports/mocha",
        "quite": true,
        "overwrite": false,
        "html": false,
        "json": true
      },
      "version": "6.0.1"
    }
  }
}