{
  "stats": {
    "suites": 0,
    "tests": 1,
    "passes": 0,
    "pending": 0,
    "failures": 1,
    "start": "2021-12-15T18:48:36.522Z",
    "end": "2021-12-15T18:48:36.739Z",
    "duration": 217,
    "testsRegistered": 1,
    "passPercent": 0,
    "pendingPercent": 0,
    "other": 0,
    "hasOther": false,
    "skipped": 0,
    "hasSkipped": false
  },
  "results": [
    {
      "uuid": "1275c3c4-8743-4895-a4a7-5bdc2fe85a25",
      "title": "",
      "fullFile": "cypress/integration/TCA01_HomepageNavigation.spec.js",
      "file": "cypress/integration/TCA01_HomepageNavigation.spec.js",
      "beforeHooks": [],
      "afterHooks": [],
      "tests": [
        {
          "title": "An uncaught error was detected outside of a test",
          "fullTitle": "An uncaught error was detected outside of a test",
          "timedOut": null,
          "duration": 163,
          "state": "failed",
          "speed": null,
          "pass": false,
          "fail": true,
          "pending": false,
          "context": "{\n  \"title\": \"cypress-mochawesome-reporter-screenshots\",\n  \"value\": [\n    [\n      {\n        \"title\": \"Failed screenshot\",\n        \"value\": \"/TCA01_HomepageNavigation.spec.js/An uncaught error was detected outside of a test (failed).png\"\n      }\n    ]\n  ]\n}",
          "code": "throw err;",
          "err": {
            "message": "TypeError: The following error originated from your test code, not from Cypress.\n\n  > Illegal constructor\n\nWhen Cypress detects uncaught errors originating from your test code it will automatically fail the current test.\n\nCypress could not associate this error to any specific test.\n\nWe dynamically generated a new test to display this failure.",
            "estack": "TypeError: The following error originated from your test code, not from Cypress.\n\n  > Illegal constructor\n\nWhen Cypress detects uncaught errors originating from your test code it will automatically fail the current test.\n\nCypress could not associate this error to any specific test.\n\nWe dynamically generated a new test to display this failure.\n    at Suite.eval (http://localhost:63451/__cypress/tests?p=cypress/integration/TCA01_HomepageNavigation.spec.js:124:3)\n    at Object../cypress/integration/TCA01_HomepageNavigation.spec.js (http://localhost:63451/__cypress/tests?p=cypress/integration/TCA01_HomepageNavigation.spec.js:122:1)\n    at __webpack_require__ (http://localhost:63451/__cypress/tests?p=cypress/integration/TCA01_HomepageNavigation.spec.js:20:30)\n    at Object.0 (http://localhost:63451/__cypress/tests?p=cypress/integration/TCA01_HomepageNavigation.spec.js:562:18)\n    at __webpack_require__ (http://localhost:63451/__cypress/tests?p=cypress/integration/TCA01_HomepageNavigation.spec.js:20:30)\n    at eval (http://localhost:63451/__cypress/tests?p=cypress/integration/TCA01_HomepageNavigation.spec.js:84:18)\n    at eval (http://localhost:63451/__cypress/tests?p=cypress/integration/TCA01_HomepageNavigation.spec.js:87:10)\n    at eval (<anonymous>)",
            "diff": null
          },
          "uuid": "e8c092ca-b561-47ad-93c4-778740ef0da3",
          "parentUUID": "1275c3c4-8743-4895-a4a7-5bdc2fe85a25",
          "isHook": false,
          "skipped": false
        }
      ],
      "suites": [],
      "passes": [],
      "failures": [
        "e8c092ca-b561-47ad-93c4-778740ef0da3"
      ],
      "pending": [],
      "skipped": [],
      "duration": 163,
      "root": true,
      "rootEmpty": false,
      "_timeout": 2000
    }
  ],
  "meta": {
    "mocha": {
      "version": "7.0.1"
    },
    "mochawesome": {
      "options": {
        "quiet": false,
        "reportFilename": "mochawesome",
        "saveHtml": false,
        "saveJson": true,
        "consoleReporter": "spec",
        "useInlineDiffs": false,
        "code": true
      },
      "version": "7.0.1"
    },
    "marge": {
      "options": {
        "id": "default",
        "reportDir": "cypress/reports/mocha",
        "quite": true,
        "overwrite": false,
        "html": false,
        "json": true
      },
      "version": "6.0.1"
    }
  }
}