{
  "stats": {
    "suites": 1,
    "tests": 1,
    "passes": 0,
    "pending": 0,
    "failures": 1,
    "start": "2022-01-31T16:19:55.001Z",
    "end": "2022-01-31T16:23:32.648Z",
    "duration": 217647,
    "testsRegistered": 2,
    "passPercent": 0,
    "pendingPercent": 0,
    "other": 0,
    "hasOther": false,
    "skipped": 1,
    "hasSkipped": true
  },
  "results": [
    {
      "uuid": "de843a25-f170-423f-b5be-eb15573195a4",
      "title": "",
      "fullFile": "cypress/integration/TCA03_HoroDailyPageNav.spec.js",
      "file": "cypress/integration/TCA03_HoroDailyPageNav.spec.js",
      "beforeHooks": [],
      "afterHooks": [],
      "tests": [],
      "suites": [
        {
          "uuid": "a0cdf453-5e8b-482f-acf5-c3b553d52101",
          "title": "dailyHoroyNav",
          "fullFile": "",
          "file": "",
          "beforeHooks": [],
          "afterHooks": [],
          "tests": [
            {
              "title": "Confirm all sign icons are loading correctly",
              "fullTitle": "dailyHoroyNav Confirm all sign icons are loading correctly",
              "timedOut": null,
              "duration": 210177,
              "state": "failed",
              "speed": null,
              "pass": false,
              "fail": true,
              "pending": false,
              "context": null,
              "code": "homepage.signIconsConfirmation();",
              "err": {
                "message": "CypressError: `cy.screenshot()` timed out waiting `30000ms` to complete.\n\nBecause this error occurred during a `before each` hook we are skipping the remaining tests in the current suite: `dailyHoroyNav`",
                "estack": "CypressError: `cy.screenshot()` timed out waiting `30000ms` to complete.\n\nBecause this error occurred during a `before each` hook we are skipping the remaining tests in the current suite: `dailyHoroyNav`\n    at https://www.astrology.com/__cypress/runner/cypress_runner.js:159546:81\n    at tryCatcher (https://www.astrology.com/__cypress/runner/cypress_runner.js:13196:23)\n    at https://www.astrology.com/__cypress/runner/cypress_runner.js:8318:41\n    at tryCatcher (https://www.astrology.com/__cypress/runner/cypress_runner.js:13196:23)\n    at Promise._settlePromiseFromHandler (https://www.astrology.com/__cypress/runner/cypress_runner.js:11131:31)\n    at Promise._settlePromise (https://www.astrology.com/__cypress/runner/cypress_runner.js:11188:18)\n    at Promise._settlePromise0 (https://www.astrology.com/__cypress/runner/cypress_runner.js:11233:10)\n    at Promise._settlePromises (https://www.astrology.com/__cypress/runner/cypress_runner.js:11309:18)\n    at _drainQueueStep (https://www.astrology.com/__cypress/runner/cypress_runner.js:7903:12)\n    at _drainQueue (https://www.astrology.com/__cypress/runner/cypress_runner.js:7896:9)\n    at Async.../../node_modules/bluebird/js/release/async.js.Async._drainQueues (https://www.astrology.com/__cypress/runner/cypress_runner.js:7912:5)\n    at Async.drainQueues (https://www.astrology.com/__cypress/runner/cypress_runner.js:7782:14)",
                "diff": null
              },
              "uuid": "cff760ad-dc31-4bce-81d7-a3197303232c",
              "parentUUID": "a0cdf453-5e8b-482f-acf5-c3b553d52101",
              "isHook": false,
              "skipped": false
            },
            {
              "title": "Open daily page and confirm main elements",
              "fullTitle": "dailyHoroyNav Open daily page and confirm main elements",
              "timedOut": null,
              "duration": 0,
              "state": "skipped",
              "speed": null,
              "pass": false,
              "fail": false,
              "pending": false,
              "context": null,
              "code": "horoscopesDaily.theSkyToday();",
              "err": {},
              "uuid": "bea02ad1-d876-406d-ae8f-1079e838d563",
              "parentUUID": "a0cdf453-5e8b-482f-acf5-c3b553d52101",
              "isHook": false,
              "skipped": true
            }
          ],
          "suites": [],
          "passes": [],
          "failures": [
            "cff760ad-dc31-4bce-81d7-a3197303232c"
          ],
          "pending": [],
          "skipped": [
            "bea02ad1-d876-406d-ae8f-1079e838d563"
          ],
          "duration": 210177,
          "root": false,
          "rootEmpty": false,
          "_timeout": 2000
        }
      ],
      "passes": [],
      "failures": [],
      "pending": [],
      "skipped": [],
      "duration": 0,
      "root": true,
      "rootEmpty": true,
      "_timeout": 2000
    }
  ],
  "meta": {
    "mocha": {
      "version": "7.0.1"
    },
    "mochawesome": {
      "options": {
        "quiet": false,
        "reportFilename": "mochawesome",
        "saveHtml": false,
        "saveJson": true,
        "consoleReporter": "spec",
        "useInlineDiffs": false,
        "code": true
      },
      "version": "7.0.1"
    },
    "marge": {
      "options": {
        "id": "default",
        "reportDir": "cypress/reports/mocha",
        "quite": true,
        "overwrite": false,
        "html": false,
        "json": true
      },
      "version": "6.0.1"
    }
  }
}