{
  "stats": {
    "suites": 1,
    "tests": 2,
    "passes": 1,
    "pending": 0,
    "failures": 1,
    "start": "2022-01-19T00:42:08.131Z",
    "end": "2022-01-19T00:44:09.017Z",
    "duration": 120886,
    "testsRegistered": 2,
    "passPercent": 50,
    "pendingPercent": 0,
    "other": 0,
    "hasOther": false,
    "skipped": 0,
    "hasSkipped": false
  },
  "results": [
    {
      "uuid": "5bc36c55-a815-484b-a4db-4d222340a638",
      "title": "",
      "fullFile": "cypress/integration/TCA03_HoroDailyPageNav.spec.js",
      "file": "cypress/integration/TCA03_HoroDailyPageNav.spec.js",
      "beforeHooks": [],
      "afterHooks": [],
      "tests": [],
      "suites": [
        {
          "uuid": "5d2e58eb-f60a-4b2f-af80-6d7d2ed7c412",
          "title": "dailyHoroyNav",
          "fullFile": "",
          "file": "",
          "beforeHooks": [],
          "afterHooks": [],
          "tests": [
            {
              "title": "Confirm all sign icons are loading correctly",
              "fullTitle": "dailyHoroyNav Confirm all sign icons are loading correctly",
              "timedOut": null,
              "duration": 35601,
              "state": "passed",
              "speed": "slow",
              "pass": true,
              "fail": false,
              "pending": false,
              "context": null,
              "code": "homepage.signIconsConfirmation();",
              "err": {},
              "uuid": "47383286-c0da-40c1-b57f-2b08922f869e",
              "parentUUID": "5d2e58eb-f60a-4b2f-af80-6d7d2ed7c412",
              "isHook": false,
              "skipped": false
            },
            {
              "title": "Open daily page and confirm main elements",
              "fullTitle": "dailyHoroyNav Open daily page and confirm main elements",
              "timedOut": null,
              "duration": 83616,
              "state": "failed",
              "speed": null,
              "pass": false,
              "fail": true,
              "pending": false,
              "context": "{\n  \"title\": \"cypress-mochawesome-reporter-screenshots\",\n  \"value\": [\n    [\n      {\n        \"title\": \"Failed screenshot\",\n        \"value\": \"/TCA03_HoroDailyPageNav.spec.js/dailyHoroyNav -- Open daily page and confirm main elements (failed).png\"\n      }\n    ]\n  ]\n}",
              "code": "horoscopesDaily.theSkyToday();",
              "err": {
                "message": "AssertionError: Timed out retrying after 80000ms: Expected to find element: `.icon-weekly`, but never found it.",
                "estack": "AssertionError: Timed out retrying after 80000ms: Expected to find element: `.icon-weekly`, but never found it.\n    at HoroscopesDailyPage.theSkyToday (https://www.astrology.com/__cypress/tests?p=cypress/integration/TCA03_HoroDailyPageNav.spec.js:485:32)\n    at Context.eval (https://www.astrology.com/__cypress/tests?p=cypress/integration/TCA03_HoroDailyPageNav.spec.js:134:21)",
                "diff": null
              },
              "uuid": "c2a6f5a1-ef0a-4396-8bb8-9c853b5e3461",
              "parentUUID": "5d2e58eb-f60a-4b2f-af80-6d7d2ed7c412",
              "isHook": false,
              "skipped": false
            }
          ],
          "suites": [],
          "passes": [
            "47383286-c0da-40c1-b57f-2b08922f869e"
          ],
          "failures": [
            "c2a6f5a1-ef0a-4396-8bb8-9c853b5e3461"
          ],
          "pending": [],
          "skipped": [],
          "duration": 119217,
          "root": false,
          "rootEmpty": false,
          "_timeout": 2000
        }
      ],
      "passes": [],
      "failures": [],
      "pending": [],
      "skipped": [],
      "duration": 0,
      "root": true,
      "rootEmpty": true,
      "_timeout": 2000
    }
  ],
  "meta": {
    "mocha": {
      "version": "7.0.1"
    },
    "mochawesome": {
      "options": {
        "quiet": false,
        "reportFilename": "mochawesome",
        "saveHtml": false,
        "saveJson": true,
        "consoleReporter": "spec",
        "useInlineDiffs": false,
        "code": true
      },
      "version": "7.0.1"
    },
    "marge": {
      "options": {
        "id": "default",
        "reportDir": "cypress/reports/mocha",
        "quite": true,
        "overwrite": false,
        "html": false,
        "json": true
      },
      "version": "6.0.1"
    }
  }
}