{
  "stats": {
    "suites": 1,
    "tests": 3,
    "passes": 1,
    "pending": 0,
    "failures": 2,
    "start": "2022-01-31T16:34:23.198Z",
    "end": "2022-01-31T16:37:32.555Z",
    "duration": 189357,
    "testsRegistered": 3,
    "passPercent": 33.33333333333333,
    "pendingPercent": 0,
    "other": 0,
    "hasOther": false,
    "skipped": 0,
    "hasSkipped": false
  },
  "results": [
    {
      "uuid": "2ac0e743-f5bf-4ef0-9b9a-93091dbcd7fa",
      "title": "",
      "fullFile": "cypress/integration/TCA08_WeeklyHomePageNavigation.spec.js",
      "file": "cypress/integration/TCA08_WeeklyHomePageNavigation.spec.js",
      "beforeHooks": [],
      "afterHooks": [],
      "tests": [],
      "suites": [
        {
          "uuid": "98f7a732-0fb8-45cf-bd9b-6fdafde84094",
          "title": " Confirm Weekly Page Navigation",
          "fullFile": "",
          "file": "",
          "beforeHooks": [],
          "afterHooks": [],
          "tests": [
            {
              "title": "Confirm sign info card widget",
              "fullTitle": " Confirm Weekly Page Navigation Confirm sign info card widget",
              "timedOut": null,
              "duration": 3352,
              "state": "passed",
              "speed": "fast",
              "pass": true,
              "fail": false,
              "pending": false,
              "context": null,
              "code": "weeklyHomepagePage.verifySignPickerWidget();",
              "err": {},
              "uuid": "5a27e835-6d86-4a68-a9b4-5dc37ef24332",
              "parentUUID": "98f7a732-0fb8-45cf-bd9b-6fdafde84094",
              "isHook": false,
              "skipped": false
            },
            {
              "title": "Confirm weekly paragraphs content are visible",
              "fullTitle": " Confirm Weekly Page Navigation Confirm weekly paragraphs content are visible",
              "timedOut": null,
              "duration": 85880,
              "state": "failed",
              "speed": null,
              "pass": false,
              "fail": true,
              "pending": false,
              "context": "{\n  \"title\": \"cypress-mochawesome-reporter-screenshots\",\n  \"value\": [\n    [\n      {\n        \"title\": \"Failed screenshot\",\n        \"value\": \"/TCA08_WeeklyHomePageNavigation.spec.js/ Confirm Weekly Page Navigation -- Confirm weekly paragraphs content are visible (failed).png\"\n      }\n    ]\n  ]\n}",
              "code": "weeklyHomepagePage.confirmTheSkyThisWeek();",
              "err": {
                "message": "AssertionError: Timed out retrying after 80000ms: expected 'https://www.astrology.com/article/yweekly-horoscope-january-30-2022' to include '/weekly-horoscope'",
                "estack": "AssertionError: Timed out retrying after 80000ms: expected 'https://www.astrology.com/article/yweekly-horoscope-january-30-2022' to include '/weekly-horoscope'\n    at WeeklyHomepage.confirmTheSkyThisWeek (https://www.astrology.com/__cypress/tests?p=cypress/integration/TCA08_WeeklyHomePageNavigation.spec.js:187:14)\n    at Context.eval (https://www.astrology.com/__cypress/tests?p=cypress/integration/TCA08_WeeklyHomePageNavigation.spec.js:132:24)",
                "diff": null
              },
              "uuid": "75bbeed0-693e-4f41-9938-eee7ccaba3b7",
              "parentUUID": "98f7a732-0fb8-45cf-bd9b-6fdafde84094",
              "isHook": false,
              "skipped": false
            },
            {
              "title": "Verify visibility of carousel, links and ad elements",
              "fullTitle": " Confirm Weekly Page Navigation Verify visibility of carousel, links and ad elements",
              "timedOut": null,
              "duration": 99691,
              "state": "failed",
              "speed": null,
              "pass": false,
              "fail": true,
              "pending": false,
              "context": "{\n  \"title\": \"cypress-mochawesome-reporter-screenshots\",\n  \"value\": [\n    [\n      {\n        \"title\": \"Failed screenshot\",\n        \"value\": \"/TCA08_WeeklyHomePageNavigation.spec.js/ Confirm Weekly Page Navigation -- Verify visibility of carousel, links and ad elements (failed).png\"\n      }\n    ]\n  ]\n}",
              "code": "weeklyHomepagePage.verifyCarouselLinksList();",
              "err": {
                "message": "AssertionError: Timed out retrying after 80000ms: expected '<div#d_flexrec_t_sky_m_none_1>' to be 'visible'\n\nThis element `<div#d_flexrec_t_sky_m_none_1>` is not visible because it has an effective width and height of: `299 x 0` pixels.",
                "estack": "AssertionError: Timed out retrying after 80000ms: expected '<div#d_flexrec_t_sky_m_none_1>' to be 'visible'\n\nThis element `<div#d_flexrec_t_sky_m_none_1>` is not visible because it has an effective width and height of: `299 x 0` pixels.\n    at WeeklyHomepage.verifyCarouselLinksList (https://www.astrology.com/__cypress/tests?p=cypress/integration/TCA08_WeeklyHomePageNavigation.spec.js:198:53)\n    at Context.eval (https://www.astrology.com/__cypress/tests?p=cypress/integration/TCA08_WeeklyHomePageNavigation.spec.js:135:24)",
                "diff": null
              },
              "uuid": "09b9138e-9754-4f52-add7-3c84d38ebbff",
              "parentUUID": "98f7a732-0fb8-45cf-bd9b-6fdafde84094",
              "isHook": false,
              "skipped": false
            }
          ],
          "suites": [],
          "passes": [
            "5a27e835-6d86-4a68-a9b4-5dc37ef24332"
          ],
          "failures": [
            "75bbeed0-693e-4f41-9938-eee7ccaba3b7",
            "09b9138e-9754-4f52-add7-3c84d38ebbff"
          ],
          "pending": [],
          "skipped": [],
          "duration": 188923,
          "root": false,
          "rootEmpty": false,
          "_timeout": 2000
        }
      ],
      "passes": [],
      "failures": [],
      "pending": [],
      "skipped": [],
      "duration": 0,
      "root": true,
      "rootEmpty": true,
      "_timeout": 2000
    }
  ],
  "meta": {
    "mocha": {
      "version": "7.0.1"
    },
    "mochawesome": {
      "options": {
        "quiet": false,
        "reportFilename": "mochawesome",
        "saveHtml": false,
        "saveJson": true,
        "consoleReporter": "spec",
        "useInlineDiffs": false,
        "code": true
      },
      "version": "7.0.1"
    },
    "marge": {
      "options": {
        "id": "default",
        "reportDir": "cypress/reports/mocha",
        "quite": true,
        "overwrite": false,
        "html": false,
        "json": true
      },
      "version": "6.0.1"
    }
  }
}