{
  "stats": {
    "suites": 1,
    "tests": 4,
    "passes": 4,
    "pending": 0,
    "failures": 0,
    "start": "2021-12-15T21:05:57.273Z",
    "end": "2021-12-15T21:09:20.117Z",
    "duration": 202844,
    "testsRegistered": 4,
    "passPercent": 100,
    "pendingPercent": 0,
    "other": 0,
    "hasOther": false,
    "skipped": 0,
    "hasSkipped": false
  },
  "results": [
    {
      "uuid": "b5ac430a-5ed2-424a-b0f8-443021b45576",
      "title": "",
      "fullFile": "cypress/integration/TCA05_CompatibilityPageNavigation.spec.js",
      "file": "cypress/integration/TCA05_CompatibilityPageNavigation.spec.js",
      "beforeHooks": [],
      "afterHooks": [],
      "tests": [],
      "suites": [
        {
          "uuid": "f6def9fe-28c2-4c5b-9046-3fe3aea59861",
          "title": "Confirm Compatibility Page Navigation",
          "fullFile": "",
          "file": "",
          "beforeHooks": [],
          "afterHooks": [],
          "tests": [
            {
              "title": "Confirm Comp Main Widgets",
              "fullTitle": "Confirm Compatibility Page Navigation Confirm Comp Main Widgets",
              "timedOut": null,
              "duration": 4014,
              "state": "passed",
              "speed": "fast",
              "pass": true,
              "fail": false,
              "pending": false,
              "context": null,
              "code": "compatibilityPage.CompatibilityWidgetsVerification();",
              "err": {},
              "uuid": "c560823b-6e86-440e-91a4-f0eba18592e4",
              "parentUUID": "f6def9fe-28c2-4c5b-9046-3fe3aea59861",
              "isHook": false,
              "skipped": false
            },
            {
              "title": "Personality Traits Verification",
              "fullTitle": "Confirm Compatibility Page Navigation Personality Traits Verification",
              "timedOut": null,
              "duration": 3334,
              "state": "passed",
              "speed": "fast",
              "pass": true,
              "fail": false,
              "pending": false,
              "context": null,
              "code": "compatibilityPage.PersonalityTraitsVerification();",
              "err": {},
              "uuid": "cb5eb9a4-0879-4f88-a0e2-9a68b3410a36",
              "parentUUID": "f6def9fe-28c2-4c5b-9046-3fe3aea59861",
              "isHook": false,
              "skipped": false
            },
            {
              "title": "Games carousel Verification",
              "fullTitle": "Confirm Compatibility Page Navigation Games carousel Verification",
              "timedOut": null,
              "duration": 53595,
              "state": "passed",
              "speed": "slow",
              "pass": true,
              "fail": false,
              "pending": false,
              "context": null,
              "code": "compatibilityPage.GamesCarouselFunctionality();",
              "err": {},
              "uuid": "0624ff19-f5d7-4777-937a-1c728524c5dc",
              "parentUUID": "f6def9fe-28c2-4c5b-9046-3fe3aea59861",
              "isHook": false,
              "skipped": false
            },
            {
              "title": "Recommended Reports Slider",
              "fullTitle": "Confirm Compatibility Page Navigation Recommended Reports Slider",
              "timedOut": null,
              "duration": 140346,
              "state": "passed",
              "speed": "slow",
              "pass": true,
              "fail": false,
              "pending": false,
              "context": null,
              "code": "compatibilityPage.RecommendedReportsSlides();",
              "err": {},
              "uuid": "8728f644-fb8c-4624-97da-d9f714de38c2",
              "parentUUID": "f6def9fe-28c2-4c5b-9046-3fe3aea59861",
              "isHook": false,
              "skipped": false
            }
          ],
          "suites": [],
          "passes": [
            "c560823b-6e86-440e-91a4-f0eba18592e4",
            "cb5eb9a4-0879-4f88-a0e2-9a68b3410a36",
            "0624ff19-f5d7-4777-937a-1c728524c5dc",
            "8728f644-fb8c-4624-97da-d9f714de38c2"
          ],
          "failures": [],
          "pending": [],
          "skipped": [],
          "duration": 201289,
          "root": false,
          "rootEmpty": false,
          "_timeout": 2000
        }
      ],
      "passes": [],
      "failures": [],
      "pending": [],
      "skipped": [],
      "duration": 0,
      "root": true,
      "rootEmpty": true,
      "_timeout": 2000
    }
  ],
  "meta": {
    "mocha": {
      "version": "7.0.1"
    },
    "mochawesome": {
      "options": {
        "quiet": false,
        "reportFilename": "mochawesome",
        "saveHtml": false,
        "saveJson": true,
        "consoleReporter": "spec",
        "useInlineDiffs": false,
        "code": true
      },
      "version": "7.0.1"
    },
    "marge": {
      "options": {
        "id": "default",
        "reportDir": "cypress/reports/mocha",
        "quite": true,
        "overwrite": false,
        "html": false,
        "json": true
      },
      "version": "6.0.1"
    }
  }
}