{
  "stats": {
    "suites": 1,
    "tests": 3,
    "passes": 1,
    "pending": 0,
    "failures": 2,
    "start": "2022-01-31T16:38:04.075Z",
    "end": "2022-01-31T16:41:29.496Z",
    "duration": 205421,
    "testsRegistered": 3,
    "passPercent": 33.33333333333333,
    "pendingPercent": 0,
    "other": 0,
    "hasOther": false,
    "skipped": 0,
    "hasSkipped": false
  },
  "results": [
    {
      "uuid": "9a1ced3a-6145-4575-abbc-dda17cd50d63",
      "title": "",
      "fullFile": "cypress/integration/TCA09_MonthlyHomePageNavigation.spec.js",
      "file": "cypress/integration/TCA09_MonthlyHomePageNavigation.spec.js",
      "beforeHooks": [],
      "afterHooks": [],
      "tests": [],
      "suites": [
        {
          "uuid": "2fdee344-a685-45bb-84c2-517094b1077c",
          "title": "Monthly Homepage Navigation elements",
          "fullFile": "",
          "file": "",
          "beforeHooks": [],
          "afterHooks": [],
          "tests": [
            {
              "title": "Confirm sign info card widget",
              "fullTitle": "Monthly Homepage Navigation elements Confirm sign info card widget",
              "timedOut": null,
              "duration": 6657,
              "state": "passed",
              "speed": "medium",
              "pass": true,
              "fail": false,
              "pending": false,
              "context": null,
              "code": "monthlyHomePage.verifySignPickerWidget();",
              "err": {},
              "uuid": "d16cd0f6-50be-4f96-9e74-80c1fa588f19",
              "parentUUID": "2fdee344-a685-45bb-84c2-517094b1077c",
              "isHook": false,
              "skipped": false
            },
            {
              "title": "Confirm monthly paragraphs content are visible",
              "fullTitle": "Monthly Homepage Navigation elements Confirm monthly paragraphs content are visible",
              "timedOut": null,
              "duration": 114134,
              "state": "failed",
              "speed": null,
              "pass": false,
              "fail": true,
              "pending": false,
              "context": "{\n  \"title\": \"cypress-mochawesome-reporter-screenshots\",\n  \"value\": [\n    [\n      {\n        \"title\": \"Failed screenshot\",\n        \"value\": \"/TCA09_MonthlyHomePageNavigation.spec.js/Monthly Homepage Navigation elements -- Confirm monthly paragraphs content are visible (failed).png\"\n      }\n    ]\n  ]\n}",
              "code": "monthlyHomePage.confirmTheSkyThisMonth();",
              "err": {
                "message": "AssertionError: Timed out retrying after 80000ms: expected 'https://www.astrology.com/article/january-astrology-forecast' to include '/article/november'",
                "estack": "AssertionError: Timed out retrying after 80000ms: expected 'https://www.astrology.com/article/january-astrology-forecast' to include '/article/november'\n    at MonthlyHomepage.confirmTheSkyThisMonth (https://www.astrology.com/__cypress/tests?p=cypress/integration/TCA09_MonthlyHomePageNavigation.spec.js:189:14)\n    at Context.eval (https://www.astrology.com/__cypress/tests?p=cypress/integration/TCA09_MonthlyHomePageNavigation.spec.js:134:21)",
                "diff": null
              },
              "uuid": "46b5dec7-5f25-44d0-91d3-f674a75dee57",
              "parentUUID": "2fdee344-a685-45bb-84c2-517094b1077c",
              "isHook": false,
              "skipped": false
            },
            {
              "title": "Confirm extra elments, reports and Link list",
              "fullTitle": "Monthly Homepage Navigation elements Confirm extra elments, reports and Link list",
              "timedOut": null,
              "duration": 83897,
              "state": "failed",
              "speed": null,
              "pass": false,
              "fail": true,
              "pending": false,
              "context": "{\n  \"title\": \"cypress-mochawesome-reporter-screenshots\",\n  \"value\": [\n    [\n      {\n        \"title\": \"Failed screenshot\",\n        \"value\": \"/TCA09_MonthlyHomePageNavigation.spec.js/Monthly Homepage Navigation elements -- Confirm extra elments, reports and Link list (failed).png\"\n      }\n    ]\n  ]\n}",
              "code": "monthlyHomePage.verifyReportsImagesandLinksList();",
              "err": {
                "message": "AssertionError: Timed out retrying after 80000ms: expected '<div#d_flexrec_t_sky_m_none_1>' to be 'visible'\n\nThis element `<div#d_flexrec_t_sky_m_none_1>` is not visible because it has an effective width and height of: `299 x 0` pixels.",
                "estack": "AssertionError: Timed out retrying after 80000ms: expected '<div#d_flexrec_t_sky_m_none_1>' to be 'visible'\n\nThis element `<div#d_flexrec_t_sky_m_none_1>` is not visible because it has an effective width and height of: `299 x 0` pixels.\n    at MonthlyHomepage.verifyReportsImagesandLinksList (https://www.astrology.com/__cypress/tests?p=cypress/integration/TCA09_MonthlyHomePageNavigation.spec.js:220:53)\n    at Context.eval (https://www.astrology.com/__cypress/tests?p=cypress/integration/TCA09_MonthlyHomePageNavigation.spec.js:137:21)",
                "diff": null
              },
              "uuid": "08857499-c529-4b10-9235-630a27d7f4f9",
              "parentUUID": "2fdee344-a685-45bb-84c2-517094b1077c",
              "isHook": false,
              "skipped": false
            }
          ],
          "suites": [],
          "passes": [
            "d16cd0f6-50be-4f96-9e74-80c1fa588f19"
          ],
          "failures": [
            "46b5dec7-5f25-44d0-91d3-f674a75dee57",
            "08857499-c529-4b10-9235-630a27d7f4f9"
          ],
          "pending": [],
          "skipped": [],
          "duration": 204688,
          "root": false,
          "rootEmpty": false,
          "_timeout": 2000
        }
      ],
      "passes": [],
      "failures": [],
      "pending": [],
      "skipped": [],
      "duration": 0,
      "root": true,
      "rootEmpty": true,
      "_timeout": 2000
    }
  ],
  "meta": {
    "mocha": {
      "version": "7.0.1"
    },
    "mochawesome": {
      "options": {
        "quiet": false,
        "reportFilename": "mochawesome",
        "saveHtml": false,
        "saveJson": true,
        "consoleReporter": "spec",
        "useInlineDiffs": false,
        "code": true
      },
      "version": "7.0.1"
    },
    "marge": {
      "options": {
        "id": "default",
        "reportDir": "cypress/reports/mocha",
        "quite": true,
        "overwrite": false,
        "html": false,
        "json": true
      },
      "version": "6.0.1"
    }
  }
}