{
  "stats": {
    "suites": 1,
    "tests": 1,
    "passes": 1,
    "pending": 0,
    "failures": 0,
    "start": "2022-01-31T19:31:25.627Z",
    "end": "2022-01-31T19:33:53.385Z",
    "duration": 147758,
    "testsRegistered": 1,
    "passPercent": 100,
    "pendingPercent": 0,
    "other": 0,
    "hasOther": false,
    "skipped": 0,
    "hasSkipped": false
  },
  "results": [
    {
      "uuid": "7f7ec135-1c4e-481a-8567-176377500133",
      "title": "",
      "fullFile": "cypress/integration/AstrologyPageRequests/TCAR01_HoroscopePageRequests.spec.js",
      "file": "cypress/integration/AstrologyPageRequests/TCAR01_HoroscopePageRequests.spec.js",
      "beforeHooks": [],
      "afterHooks": [],
      "tests": [],
      "suites": [
        {
          "uuid": "284b4956-c997-4a97-8756-fc508a8083dd",
          "title": "Astrology page links requests",
          "fullFile": "",
          "file": "",
          "beforeHooks": [],
          "afterHooks": [],
          "tests": [
            {
              "title": "Horoscope pages requests",
              "fullTitle": "Astrology page links requests Horoscope pages requests",
              "timedOut": null,
              "duration": 147740,
              "state": "passed",
              "speed": "slow",
              "pass": true,
              "fail": false,
              "pending": false,
              "context": null,
              "code": "astrologyHoroscopePages.assertHoroscopePagesReq();",
              "err": {},
              "uuid": "50a8d504-9847-4b37-a44c-954dfdd91731",
              "parentUUID": "284b4956-c997-4a97-8756-fc508a8083dd",
              "isHook": false,
              "skipped": false
            }
          ],
          "suites": [],
          "passes": [
            "50a8d504-9847-4b37-a44c-954dfdd91731"
          ],
          "failures": [],
          "pending": [],
          "skipped": [],
          "duration": 147740,
          "root": false,
          "rootEmpty": false,
          "_timeout": 2000
        }
      ],
      "passes": [],
      "failures": [],
      "pending": [],
      "skipped": [],
      "duration": 0,
      "root": true,
      "rootEmpty": true,
      "_timeout": 2000
    }
  ],
  "meta": {
    "mocha": {
      "version": "7.0.1"
    },
    "mochawesome": {
      "options": {
        "quiet": false,
        "reportFilename": "mochawesome",
        "saveHtml": false,
        "saveJson": true,
        "consoleReporter": "spec",
        "useInlineDiffs": false,
        "code": true
      },
      "version": "7.0.1"
    },
    "marge": {
      "options": {
        "id": "default",
        "reportDir": "cypress/reports/mocha",
        "quite": true,
        "overwrite": false,
        "html": false,
        "json": true
      },
      "version": "6.0.1"
    }
  }
}