{
  "stats": {
    "suites": 1,
    "tests": 9,
    "passes": 8,
    "pending": 0,
    "failures": 1,
    "start": "2021-12-17T20:16:04.256Z",
    "end": "2021-12-17T20:33:49.363Z",
    "duration": 1065107,
    "testsRegistered": 9,
    "passPercent": 88.88888888888889,
    "pendingPercent": 0,
    "other": 0,
    "hasOther": false,
    "skipped": 0,
    "hasSkipped": false
  },
  "results": [
    {
      "uuid": "ac5db38a-78e6-421e-aea9-7911211c34c8",
      "title": "",
      "fullFile": "cypress/integration/TCA01_HomepageNavigation.spec.js",
      "file": "cypress/integration/TCA01_HomepageNavigation.spec.js",
      "beforeHooks": [],
      "afterHooks": [],
      "tests": [],
      "suites": [
        {
          "uuid": "52227adc-6ac5-42ac-8a77-93bb930e92cf",
          "title": "astroHomepageNav",
          "fullFile": "",
          "file": "",
          "beforeHooks": [],
          "afterHooks": [],
          "tests": [
            {
              "title": "Confirm all sign icons are loading correctly",
              "fullTitle": "astroHomepageNav Confirm all sign icons are loading correctly",
              "timedOut": null,
              "duration": 121673,
              "state": "passed",
              "speed": "slow",
              "pass": true,
              "fail": false,
              "pending": false,
              "context": null,
              "code": "homepage.visitHomepage();\nhomepage.signIconsConfirmation();",
              "err": {},
              "uuid": "caf247e1-ed3c-4347-9af9-3433325f01fb",
              "parentUUID": "52227adc-6ac5-42ac-8a77-93bb930e92cf",
              "isHook": false,
              "skipped": false
            },
            {
              "title": "Confirm all images from Horoscope section are visible",
              "fullTitle": "astroHomepageNav Confirm all images from Horoscope section are visible",
              "timedOut": null,
              "duration": 58886,
              "state": "passed",
              "speed": "slow",
              "pass": true,
              "fail": false,
              "pending": false,
              "context": null,
              "code": "homepage.visitHomepage();\nhomepage.horoscopeSectionImages();",
              "err": {},
              "uuid": "967398c1-73e2-4fdd-8436-56a4719de1bf",
              "parentUUID": "52227adc-6ac5-42ac-8a77-93bb930e92cf",
              "isHook": false,
              "skipped": false
            },
            {
              "title": "verify Horoscope section images",
              "fullTitle": "astroHomepageNav verify Horoscope section images",
              "timedOut": null,
              "duration": 12924,
              "state": "passed",
              "speed": "slow",
              "pass": true,
              "fail": false,
              "pending": false,
              "context": null,
              "code": "homepage.visitHomepage();\nhomepage.horoscopeImagesIcons();",
              "err": {},
              "uuid": "ddb5fe54-bd08-48c9-8cdf-b0af52227682",
              "parentUUID": "52227adc-6ac5-42ac-8a77-93bb930e92cf",
              "isHook": false,
              "skipped": false
            },
            {
              "title": "verify Learn section images",
              "fullTitle": "astroHomepageNav verify Learn section images",
              "timedOut": null,
              "duration": 141254,
              "state": "passed",
              "speed": "slow",
              "pass": true,
              "fail": false,
              "pending": false,
              "context": null,
              "code": "homepage.visitHomepage();\nhomepage.learnSectionImages();",
              "err": {},
              "uuid": "0ce3552a-627d-47ff-9ea3-c9e8d4d4d125",
              "parentUUID": "52227adc-6ac5-42ac-8a77-93bb930e92cf",
              "isHook": false,
              "skipped": false
            },
            {
              "title": "verify Tarot section elements",
              "fullTitle": "astroHomepageNav verify Tarot section elements",
              "timedOut": null,
              "duration": 51804,
              "state": "passed",
              "speed": "slow",
              "pass": true,
              "fail": false,
              "pending": false,
              "context": null,
              "code": "homepage.visitHomepage();\nhomepage.confirmTarotSectionElements();",
              "err": {},
              "uuid": "9246525b-645a-4033-8141-1ad452b684cc",
              "parentUUID": "52227adc-6ac5-42ac-8a77-93bb930e92cf",
              "isHook": false,
              "skipped": false
            },
            {
              "title": "verify Shop section elements",
              "fullTitle": "astroHomepageNav verify Shop section elements",
              "timedOut": null,
              "duration": 430543,
              "state": "failed",
              "speed": null,
              "pass": false,
              "fail": true,
              "pending": false,
              "context": "{\n  \"title\": \"cypress-mochawesome-reporter-screenshots\",\n  \"value\": [\n    [\n      {\n        \"title\": \"Failed screenshot\",\n        \"value\": \"/TCA01_HomepageNavigation.spec.js/astroHomepageNav -- verify Shop section elements (failed).png\"\n      }\n    ]\n  ]\n}",
              "code": "homepage.visitHomepage();\nhomepage.confirmShopSectionElements();",
              "err": {
                "message": "AssertionError: Timed out retrying after 80000ms: Expected to find element: `.woocommerce-product-details__short-description > p:nth-of-type(1)`, but never found it.",
                "estack": "AssertionError: Timed out retrying after 80000ms: Expected to find element: `.woocommerce-product-details__short-description > p:nth-of-type(1)`, but never found it.\n    at Homepage.confirmShopSectionElements (https://www.astrology.com/__cypress/tests?p=cypress/integration/TCA01_HomepageNavigation.spec.js:377:55)\n    at Context.eval (https://www.astrology.com/__cypress/tests?p=cypress/integration/TCA01_HomepageNavigation.spec.js:150:14)",
                "diff": null
              },
              "uuid": "fd06cee4-7c82-4381-925d-149aabaed5af",
              "parentUUID": "52227adc-6ac5-42ac-8a77-93bb930e92cf",
              "isHook": false,
              "skipped": false
            },
            {
              "title": "verify Compatibility section elements",
              "fullTitle": "astroHomepageNav verify Compatibility section elements",
              "timedOut": null,
              "duration": 63421,
              "state": "passed",
              "speed": "slow",
              "pass": true,
              "fail": false,
              "pending": false,
              "context": null,
              "code": "homepage.visitHomepage();\nhomepage.confirmCompatibilitySectionElements();",
              "err": {},
              "uuid": "c5f191a3-4894-4c2b-83ea-775ad989b7a3",
              "parentUUID": "52227adc-6ac5-42ac-8a77-93bb930e92cf",
              "isHook": false,
              "skipped": false
            },
            {
              "title": "Confirm miscellaneous elements",
              "fullTitle": "astroHomepageNav Confirm miscellaneous elements",
              "timedOut": null,
              "duration": 175271,
              "state": "passed",
              "speed": "slow",
              "pass": true,
              "fail": false,
              "pending": false,
              "context": null,
              "code": "homepage.visitHomepage();\nhomepage.confirmMiscElements();",
              "err": {},
              "uuid": "012456f7-23df-439a-a1c1-c88aca75aec9",
              "parentUUID": "52227adc-6ac5-42ac-8a77-93bb930e92cf",
              "isHook": false,
              "skipped": false
            },
            {
              "title": "Open a.com homepage and confirm main elements",
              "fullTitle": "astroHomepageNav Open a.com homepage and confirm main elements",
              "timedOut": null,
              "duration": 4390,
              "state": "passed",
              "speed": "fast",
              "pass": true,
              "fail": false,
              "pending": false,
              "context": null,
              "code": "homepage.visitHomepage();\nhomepage.confirmMainElements();",
              "err": {},
              "uuid": "980f6383-c36f-46bb-91cf-4e53e62c4102",
              "parentUUID": "52227adc-6ac5-42ac-8a77-93bb930e92cf",
              "isHook": false,
              "skipped": false
            }
          ],
          "suites": [],
          "passes": [
            "caf247e1-ed3c-4347-9af9-3433325f01fb",
            "967398c1-73e2-4fdd-8436-56a4719de1bf",
            "ddb5fe54-bd08-48c9-8cdf-b0af52227682",
            "0ce3552a-627d-47ff-9ea3-c9e8d4d4d125",
            "9246525b-645a-4033-8141-1ad452b684cc",
            "c5f191a3-4894-4c2b-83ea-775ad989b7a3",
            "012456f7-23df-439a-a1c1-c88aca75aec9",
            "980f6383-c36f-46bb-91cf-4e53e62c4102"
          ],
          "failures": [
            "fd06cee4-7c82-4381-925d-149aabaed5af"
          ],
          "pending": [],
          "skipped": [],
          "duration": 1060166,
          "root": false,
          "rootEmpty": false,
          "_timeout": 2000
        }
      ],
      "passes": [],
      "failures": [],
      "pending": [],
      "skipped": [],
      "duration": 0,
      "root": true,
      "rootEmpty": true,
      "_timeout": 2000
    }
  ],
  "meta": {
    "mocha": {
      "version": "7.0.1"
    },
    "mochawesome": {
      "options": {
        "quiet": false,
        "reportFilename": "mochawesome",
        "saveHtml": false,
        "saveJson": true,
        "consoleReporter": "spec",
        "useInlineDiffs": false,
        "code": true
      },
      "version": "7.0.1"
    },
    "marge": {
      "options": {
        "id": "default",
        "reportDir": "cypress/reports/mocha",
        "quite": true,
        "overwrite": false,
        "html": false,
        "json": true
      },
      "version": "6.0.1"
    }
  }
}