{
  "stats": {
    "suites": 1,
    "tests": 9,
    "passes": 8,
    "pending": 0,
    "failures": 1,
    "start": "2021-12-22T18:04:07.827Z",
    "end": "2021-12-22T18:15:57.356Z",
    "duration": 709529,
    "testsRegistered": 9,
    "passPercent": 88.88888888888889,
    "pendingPercent": 0,
    "other": 0,
    "hasOther": false,
    "skipped": 0,
    "hasSkipped": false
  },
  "results": [
    {
      "uuid": "3995fe1f-62ae-44d8-a18d-25332309f603",
      "title": "",
      "fullFile": "cypress/integration/TCA01_HomepageNavigation.spec.js",
      "file": "cypress/integration/TCA01_HomepageNavigation.spec.js",
      "beforeHooks": [],
      "afterHooks": [],
      "tests": [],
      "suites": [
        {
          "uuid": "4309fcae-bdea-41e1-a41b-9af6ce51f652",
          "title": "astroHomepageNav",
          "fullFile": "",
          "file": "",
          "beforeHooks": [],
          "afterHooks": [],
          "tests": [
            {
              "title": "Confirm all sign icons are loading correctly",
              "fullTitle": "astroHomepageNav Confirm all sign icons are loading correctly",
              "timedOut": null,
              "duration": 94547,
              "state": "passed",
              "speed": "slow",
              "pass": true,
              "fail": false,
              "pending": false,
              "context": null,
              "code": "homepage.visitHomepage();\nhomepage.signIconsConfirmation();",
              "err": {},
              "uuid": "1d8cea68-f01e-4016-9fcd-07e29236325c",
              "parentUUID": "4309fcae-bdea-41e1-a41b-9af6ce51f652",
              "isHook": false,
              "skipped": false
            },
            {
              "title": "Confirm all images from Horoscope section are visible",
              "fullTitle": "astroHomepageNav Confirm all images from Horoscope section are visible",
              "timedOut": null,
              "duration": 25085,
              "state": "passed",
              "speed": "slow",
              "pass": true,
              "fail": false,
              "pending": false,
              "context": null,
              "code": "homepage.visitHomepage();\nhomepage.horoscopeSectionImages();",
              "err": {},
              "uuid": "5701dcb8-8ca7-491b-9175-1f07860385d6",
              "parentUUID": "4309fcae-bdea-41e1-a41b-9af6ce51f652",
              "isHook": false,
              "skipped": false
            },
            {
              "title": "verify Horoscope section images",
              "fullTitle": "astroHomepageNav verify Horoscope section images",
              "timedOut": null,
              "duration": 74416,
              "state": "passed",
              "speed": "slow",
              "pass": true,
              "fail": false,
              "pending": false,
              "context": null,
              "code": "homepage.visitHomepage();\nhomepage.horoscopeImagesIcons();",
              "err": {},
              "uuid": "df912a8c-aea6-4a40-9bdb-a49af69a5e2e",
              "parentUUID": "4309fcae-bdea-41e1-a41b-9af6ce51f652",
              "isHook": false,
              "skipped": false
            },
            {
              "title": "verify Learn section images",
              "fullTitle": "astroHomepageNav verify Learn section images",
              "timedOut": null,
              "duration": 82819,
              "state": "passed",
              "speed": "slow",
              "pass": true,
              "fail": false,
              "pending": false,
              "context": null,
              "code": "homepage.visitHomepage();\nhomepage.learnSectionImages();",
              "err": {},
              "uuid": "3d2d6c61-edd1-48c4-9ed4-6519b017d233",
              "parentUUID": "4309fcae-bdea-41e1-a41b-9af6ce51f652",
              "isHook": false,
              "skipped": false
            },
            {
              "title": "verify Tarot section elements",
              "fullTitle": "astroHomepageNav verify Tarot section elements",
              "timedOut": null,
              "duration": 53645,
              "state": "passed",
              "speed": "slow",
              "pass": true,
              "fail": false,
              "pending": false,
              "context": null,
              "code": "homepage.visitHomepage();\nhomepage.confirmTarotSectionElements();",
              "err": {},
              "uuid": "df306cb6-acd8-4573-9077-568e737d7ab6",
              "parentUUID": "4309fcae-bdea-41e1-a41b-9af6ce51f652",
              "isHook": false,
              "skipped": false
            },
            {
              "title": "verify Shop section elements",
              "fullTitle": "astroHomepageNav verify Shop section elements",
              "timedOut": null,
              "duration": 240365,
              "state": "passed",
              "speed": "slow",
              "pass": true,
              "fail": false,
              "pending": false,
              "context": null,
              "code": "homepage.visitHomepage();\nhomepage.confirmShopSectionElements();",
              "err": {},
              "uuid": "a61bea08-76bb-4e7a-87f5-a71b6a5e6741",
              "parentUUID": "4309fcae-bdea-41e1-a41b-9af6ce51f652",
              "isHook": false,
              "skipped": false
            },
            {
              "title": "verify Compatibility section elements",
              "fullTitle": "astroHomepageNav verify Compatibility section elements",
              "timedOut": null,
              "duration": 39397,
              "state": "passed",
              "speed": "slow",
              "pass": true,
              "fail": false,
              "pending": false,
              "context": null,
              "code": "homepage.visitHomepage();\nhomepage.confirmCompatibilitySectionElements();",
              "err": {},
              "uuid": "f3325771-8ef8-4249-b941-788ed4dcb746",
              "parentUUID": "4309fcae-bdea-41e1-a41b-9af6ce51f652",
              "isHook": false,
              "skipped": false
            },
            {
              "title": "Confirm miscellaneous elements",
              "fullTitle": "astroHomepageNav Confirm miscellaneous elements",
              "timedOut": null,
              "duration": 92463,
              "state": "failed",
              "speed": null,
              "pass": false,
              "fail": true,
              "pending": false,
              "context": "{\n  \"title\": \"cypress-mochawesome-reporter-screenshots\",\n  \"value\": [\n    [\n      {\n        \"title\": \"Failed screenshot\",\n        \"value\": \"/TCA01_HomepageNavigation.spec.js/astroHomepageNav -- Confirm miscellaneous elements (failed).png\"\n      }\n    ]\n  ]\n}",
              "code": "homepage.visitHomepage();\nhomepage.confirmMiscElements();",
              "err": {
                "message": "AssertionError: Timed out retrying after 80000ms: expected 'https://www.astrology.com/astrology-plus?utm_source=site&utm_medium=footer&utm_campaign=home-aplus' to include '/product/astrology-plus/?utm_source=site&utm_medium=footer&utm_campaign=home-aplus'",
                "estack": "AssertionError: Timed out retrying after 80000ms: expected 'https://www.astrology.com/astrology-plus?utm_source=site&utm_medium=footer&utm_campaign=home-aplus' to include '/product/astrology-plus/?utm_source=site&utm_medium=footer&utm_campaign=home-aplus'\n    at Homepage.confirmMiscElements (https://www.astrology.com/__cypress/tests?p=cypress/integration/TCA01_HomepageNavigation.spec.js:423:14)\n    at Context.eval (https://www.astrology.com/__cypress/tests?p=cypress/integration/TCA01_HomepageNavigation.spec.js:158:14)",
                "diff": null
              },
              "uuid": "f039780f-8446-4ed0-a8d8-535aa158f9b2",
              "parentUUID": "4309fcae-bdea-41e1-a41b-9af6ce51f652",
              "isHook": false,
              "skipped": false
            },
            {
              "title": "Open a.com homepage and confirm main elements",
              "fullTitle": "astroHomepageNav Open a.com homepage and confirm main elements",
              "timedOut": null,
              "duration": 2065,
              "state": "passed",
              "speed": "fast",
              "pass": true,
              "fail": false,
              "pending": false,
              "context": null,
              "code": "homepage.visitHomepage();\nhomepage.confirmMainElements();",
              "err": {},
              "uuid": "a6c53f3c-40f0-47b1-8974-919b0ddd495e",
              "parentUUID": "4309fcae-bdea-41e1-a41b-9af6ce51f652",
              "isHook": false,
              "skipped": false
            }
          ],
          "suites": [],
          "passes": [
            "1d8cea68-f01e-4016-9fcd-07e29236325c",
            "5701dcb8-8ca7-491b-9175-1f07860385d6",
            "df912a8c-aea6-4a40-9bdb-a49af69a5e2e",
            "3d2d6c61-edd1-48c4-9ed4-6519b017d233",
            "df306cb6-acd8-4573-9077-568e737d7ab6",
            "a61bea08-76bb-4e7a-87f5-a71b6a5e6741",
            "f3325771-8ef8-4249-b941-788ed4dcb746",
            "a6c53f3c-40f0-47b1-8974-919b0ddd495e"
          ],
          "failures": [
            "f039780f-8446-4ed0-a8d8-535aa158f9b2"
          ],
          "pending": [],
          "skipped": [],
          "duration": 704802,
          "root": false,
          "rootEmpty": false,
          "_timeout": 2000
        }
      ],
      "passes": [],
      "failures": [],
      "pending": [],
      "skipped": [],
      "duration": 0,
      "root": true,
      "rootEmpty": true,
      "_timeout": 2000
    }
  ],
  "meta": {
    "mocha": {
      "version": "7.0.1"
    },
    "mochawesome": {
      "options": {
        "quiet": false,
        "reportFilename": "mochawesome",
        "saveHtml": false,
        "saveJson": true,
        "consoleReporter": "spec",
        "useInlineDiffs": false,
        "code": true
      },
      "version": "7.0.1"
    },
    "marge": {
      "options": {
        "id": "default",
        "reportDir": "cypress/reports/mocha",
        "quite": true,
        "overwrite": false,
        "html": false,
        "json": true
      },
      "version": "6.0.1"
    }
  }
}